#
# An unexpected error has been detected by Java Runtime Environment:
#
#  EXCEPTION_ACCESS_VIOLATION (0xc0000005) at pc=0x000000007a39d0e0, pid=2688, tid=5900
#
# Java VM: Java HotSpot(TM) 64-Bit Server VM (11.2-b01 mixed mode windows-amd64)
# Problematic frame:
# C  [awt.dll+0xdd0e0]
#
# If you would like to submit a bug report, please visit:
#   http://java.sun.com/webapps/bugreport/crash.jsp
# The crash happened outside the Java Virtual Machine in native code.
# See problematic frame for where to report the bug.
#

---------------  T H R E A D  ---------------

Current thread (0x0000000031837800):  JavaThread "AWT-EventQueue-0" [_thread_in_native, id=5900, stack(0x0000000031a50000,0x0000000031ad0000)]

siginfo: ExceptionCode=0xc0000005, reading address 0x0000000000000008

Registers:
EAX=0x000000000000000d, EBX=0x00000000318379c0, ECX=0x0000000000000000, EDX=0x000000005d011011
ESP=0x0000000031ace608, EBP=0x0000000032e33cb0, ESI=0x00000000318379c0, EDI=0x000000003381b5b0
EIP=0x000000007a39d0e0, EFLAGS=0x0000000000010206

Top of Stack: (sp=0x0000000031ace608)
0x0000000031ace608:   000000007a345acc 0000000000000000
0x0000000031ace618:   00000000318379c0 0000000032e33cb0
0x0000000031ace628:   00000000318379c0 0000000000000016
0x0000000031ace638:   00000000318379c0 0000000000000000
0x0000000031ace648:   000000007a323810 00000000318379c0
0x0000000031ace658:   0000000031aced00 0000000031acecd8
0x0000000031ace668:   0000000032e33cb0 0000000000000031
0x0000000031ace678:   000000007a342381 0000000000000002
0x0000000031ace688:   0000000031acece0 0000000000000000
0x0000000031ace698:   0000000031acecd8 00000000191eca60
0x0000000031ace6a8:   00000000223fb748 0000061d00000000
0x0000000031ace6b8:   000000001a3fdb18 00000000223fbae8
0x0000000031ace6c8:   0000000019dfd460 0000000200000000
0x0000000031ace6d8:   0000015500000000 0000000019dfd7d8
0x0000000031ace6e8:   0000000000000000 0000001600000690
0x0000000031ace6f8:   0000069000000002 0000000000000018 

Instructions: (pc=0x000000007a39d0e0)
0x000000007a39d0d0:   48 8b 41 08 48 8b 80 18 0c 00 00 c3 cc cc cc cc
0x000000007a39d0e0:   48 8b 49 08 48 85 c9 74 05 e9 b2 ee fd ff 33 c0 


Stack: [0x0000000031a50000,0x0000000031ad0000],  sp=0x0000000031ace608,  free space=505k
Native frames: (J=compiled Java code, j=interpreted, Vv=VM code, C=native code)
C  [awt.dll+0xdd0e0]

Java frames: (J=compiled Java code, j=interpreted, Vv=VM code)
J  sun.java2d.windows.GDIBlitLoops.nativeBlit(Lsun/java2d/SurfaceData;Lsun/java2d/SurfaceData;Lsun/java2d/pipe/Region;IIIIIIIIIZ)V
J  sun.java2d.windows.GDIBlitLoops.Blit(Lsun/java2d/SurfaceData;Lsun/java2d/SurfaceData;Ljava/awt/Composite;Lsun/java2d/pipe/Region;IIIIII)V
J  sun.java2d.pipe.DrawImage.copyImage(Lsun/java2d/SunGraphics2D;Ljava/awt/Image;IILjava/awt/Color;Ljava/awt/image/ImageObserver;)Z
J  javax.swing.RepaintManager$PaintManager.paintDoubleBuffered(Ljavax/swing/JComponent;Ljava/awt/Image;Ljava/awt/Graphics;IIII)V
J  javax.swing.RepaintManager$PaintManager.paint(Ljavax/swing/JComponent;Ljavax/swing/JComponent;Ljava/awt/Graphics;IIII)Z
j  javax.swing.RepaintManager.paint(Ljavax/swing/JComponent;Ljavax/swing/JComponent;Ljava/awt/Graphics;IIII)V+52
J  javax.swing.JComponent.paint(Ljava/awt/Graphics;)V
j  java.awt.GraphicsCallback$PaintCallback.run(Ljava/awt/Component;Ljava/awt/Graphics;)V+2
j  sun.awt.SunGraphicsCallback.runOneComponent(Ljava/awt/Component;Ljava/awt/Rectangle;Ljava/awt/Graphics;Ljava/awt/Shape;I)V+155
j  sun.awt.SunGraphicsCallback.runComponents([Ljava/awt/Component;Ljava/awt/Graphics;I)V+104
j  java.awt.Container.paint(Ljava/awt/Graphics;)V+73
J  javax.swing.RepaintManager.paintDirtyRegions(Ljava/util/Map;)V
J  javax.swing.SystemEventQueueUtilities$ComponentWorkRequest.run()V
J  java.awt.EventDispatchThread.pumpOneEventForFilters(I)Z
J  java.awt.EventDispatchThread.pumpEventsForFilter(ILjava/awt/Conditional;Ljava/awt/EventFilter;)V
j  java.awt.EventDispatchThread.pumpEventsForHierarchy(ILjava/awt/Conditional;Ljava/awt/Component;)V+11
j  java.awt.EventDispatchThread.pumpEvents(ILjava/awt/Conditional;)V+4
j  java.awt.EventDispatchThread.pumpEvents(Ljava/awt/Conditional;)V+3
j  java.awt.EventDispatchThread.run()V+9
v  ~StubRoutines::call_stub

---------------  P R O C E S S  ---------------

Java Threads: ( => current thread )
  0x00000000334ec800 JavaThread "Thread-6440" [_thread_blocked, id=664, stack(0x00000000094c0000,0x0000000009540000)]
  0x0000000032ad7400 JavaThread "Thread-6439" [_thread_blocked, id=1312, stack(0x0000000009440000,0x00000000094c0000)]
  0x0000000032ad3c00 JavaThread "Thread-4993" [_thread_blocked, id=2880, stack(0x00000000093c0000,0x0000000009440000)]
  0x0000000032ad7800 JavaThread "Foxtrot Single Worker Thread #1" daemon [_thread_blocked, id=3632, stack(0x0000000031de0000,0x0000000031e60000)]
  0x0000000032ad5c00 JavaThread "Timer-258" [_thread_blocked, id=2200, stack(0x0000000008bb0000,0x0000000008c30000)]
  0x0000000032ad5000 JavaThread "Thread-389" [_thread_blocked, id=3812, stack(0x0000000008640000,0x00000000086c0000)]
  0x0000000032ad4800 JavaThread "pool-2-thread-1" [_thread_blocked, id=5224, stack(0x0000000034c00000,0x0000000034c80000)]
  0x0000000032ad4000 JavaThread "Timer queue for AWT thread" daemon [_thread_blocked, id=4384, stack(0x0000000034a80000,0x0000000034b00000)]
  0x00000000334e6400 JavaThread "Prefs Updater" daemon [_thread_blocked, id=4780, stack(0x0000000007120000,0x00000000071a0000)]
  0x00000000334e8800 JavaThread "Active Reference Queue Daemon" daemon [_thread_blocked, id=2152, stack(0x0000000032240000,0x00000000322c0000)]
  0x00000000334e6c00 JavaThread "Timer-9" daemon [_thread_blocked, id=5732, stack(0x0000000032040000,0x00000000320c0000)]
  0x00000000334e7000 JavaThread "FelixPackageAdmin" daemon [_thread_blocked, id=5152, stack(0x00000000321c0000,0x0000000032240000)]
  0x00000000334e7800 JavaThread "FelixStartLevel" daemon [_thread_blocked, id=3396, stack(0x0000000032140000,0x00000000321c0000)]
  0x00000000334e8000 JavaThread "FelixDispatchQueue" [_thread_blocked, id=3528, stack(0x00000000320c0000,0x0000000032140000)]
  0x00000000334e5c00 JavaThread "Timer-2" [_thread_blocked, id=4868, stack(0x0000000031c80000,0x0000000031d00000)]
  0x0000000033926000 JavaThread "Timer-1" daemon [_thread_blocked, id=5472, stack(0x0000000031c00000,0x0000000031c80000)]
  0x0000000032b73000 JavaThread "TimerQueue" daemon [_thread_blocked, id=3276, stack(0x0000000031ae0000,0x0000000031b60000)]
=>0x0000000031837800 JavaThread "AWT-EventQueue-0" [_thread_in_native, id=5900, stack(0x0000000031a50000,0x0000000031ad0000)]
  0x00000000317c9c00 JavaThread "AWT-Windows" daemon [_thread_in_native, id=4864, stack(0x000000000d090000,0x000000000d110000)]
  0x00000000317c4400 JavaThread "AWT-Shutdown" [_thread_blocked, id=5380, stack(0x000000000d010000,0x000000000d090000)]
  0x00000000317c3c00 JavaThread "Java2D Disposer" daemon [_thread_blocked, id=5580, stack(0x000000000cf90000,0x000000000d010000)]
  0x000000000cc9b400 JavaThread "Timer-0" [_thread_blocked, id=5416, stack(0x000000000ce50000,0x000000000ced0000)]
  0x000000000cb98400 JavaThread "JMI Unnamed Thread" [_thread_in_native, id=5068, stack(0x0000000006120000,0x0000000007120000)]
  0x000000000c962000 JavaThread "Low Memory Detector" daemon [_thread_blocked, id=5552, stack(0x000000000c9d0000,0x000000000ca50000)]
  0x000000000c95c800 JavaThread "CompilerThread1" daemon [_thread_blocked, id=4880, stack(0x000000002f250000,0x0000000030250000)]
  0x000000000c957c00 JavaThread "CompilerThread0" daemon [_thread_blocked, id=3308, stack(0x000000002e250000,0x000000002f250000)]
  0x000000000c957800 JavaThread "Attach Listener" daemon [_thread_blocked, id=5208, stack(0x000000000c740000,0x000000000c7c0000)]
  0x000000000c93bc00 JavaThread "Finalizer" daemon [_thread_blocked, id=4152, stack(0x000000000c6c0000,0x000000000c740000)]
  0x00000000017af400 JavaThread "Reference Handler" daemon [_thread_blocked, id=3724, stack(0x000000000c640000,0x000000000c6c0000)]
  0x0000000001721c00 JavaThread "main" [_thread_in_native, id=4172, stack(0x0000000000030000,0x0000000001030000)]

Other Threads:
  0x00000000017ac400 VMThread [stack: 0x000000002d250000,0x000000002e250000] [id=4188]
  0x000000000c97e400 WatcherThread [stack: 0x0000000030250000,0x0000000031250000] [id=2356]

VM state:not at safepoint (normal execution)

VM Mutex/Monitor currently owned by a thread: None

Heap
 PSYoungGen      total 19840K, used 12228K [0x0000000021820000, 0x0000000022e70000, 0x0000000024920000)
  eden space 17024K, 71% used [0x0000000021820000,0x00000000224110b8,0x00000000228c0000)
  from space 2816K, 0% used [0x0000000022b90000,0x0000000022b90000,0x0000000022e50000)
  to   space 2880K, 0% used [0x00000000228c0000,0x00000000228c0000,0x0000000022b90000)
 PSOldGen        total 150528K, used 127087K [0x0000000018520000, 0x0000000021820000, 0x0000000021820000)
  object space 150528K, 84% used [0x0000000018520000,0x000000002013be70,0x0000000021820000)
 PSPermGen       total 76608K, used 61936K [0x0000000010520000, 0x0000000014ff0000, 0x0000000018520000)
  object space 76608K, 80% used [0x0000000010520000,0x000000001419c340,0x0000000014ff0000)

Dynamic libraries:
0x0000000140000000 - 0x0000000140038000 	C:\Program Files\MATLAB\R2009b\bin\win64\MATLAB.exe
0x00000000771f0000 - 0x000000007739b000 	C:\Windows\SYSTEM32\ntdll.dll
0x00000000770d0000 - 0x00000000771ef000 	C:\Windows\system32\kernel32.dll
0x000007fefd490000 - 0x000007fefd4fb000 	C:\Windows\system32\KERNELBASE.dll
0x000000007cdb0000 - 0x000000007ceb9000 	C:\Program Files\MATLAB\R2009b\bin\win64\libut.dll
0x000007fefeb20000 - 0x000007fefeb37000 	C:\Windows\system32\imagehlp.dll
0x000007feff350000 - 0x000007feff3ef000 	C:\Windows\system32\msvcrt.dll
0x00000000773b0000 - 0x00000000773b7000 	C:\Windows\system32\PSAPI.DLL
0x000000007d620000 - 0x000000007d648000 	C:\Program Files\MATLAB\R2009b\bin\win64\LIBEXPAT.dll
0x0000000074e40000 - 0x0000000074f09000 	C:\Windows\WinSxS\amd64_microsoft.vc80.crt_1fc8b3b9a1e18e3b_8.0.50727.4927_none_88dce9872fb18caf\MSVCR80.dll
0x000000007d320000 - 0x000000007d44c000 	C:\Program Files\MATLAB\R2009b\bin\win64\icuuc40.dll
0x000007fefebc0000 - 0x000007fefec9b000 	C:\Windows\system32\ADVAPI32.dll
0x000007fefe500000 - 0x000007fefe51f000 	C:\Windows\SYSTEM32\sechost.dll
0x000007fefd520000 - 0x000007fefd64e000 	C:\Windows\system32\RPCRT4.dll
0x000000007c760000 - 0x000000007c763000 	C:\Program Files\MATLAB\R2009b\bin\win64\icudt40.dll
0x000000007c770000 - 0x000000007c780000 	C:\Program Files\MATLAB\R2009b\bin\win64\icuio40.dll
0x000000007ca60000 - 0x000000007cbb3000 	C:\Program Files\MATLAB\R2009b\bin\win64\icuin40.dll
0x0000000074d10000 - 0x0000000074e19000 	C:\Windows\WinSxS\amd64_microsoft.vc80.crt_1fc8b3b9a1e18e3b_8.0.50727.4927_none_88dce9872fb18caf\MSVCP80.dll
0x0000000076fd0000 - 0x00000000770ca000 	C:\Windows\system32\USER32.dll
0x000007fefeb50000 - 0x000007fefebb7000 	C:\Windows\system32\GDI32.dll
0x000007fefeb40000 - 0x000007fefeb4e000 	C:\Windows\system32\LPK.dll
0x000007fefeda0000 - 0x000007fefee6a000 	C:\Windows\system32\USP10.dll
0x0000000078820000 - 0x0000000078890000 	C:\Program Files\MATLAB\R2009b\bin\win64\libmwfl.dll
0x000000007e820000 - 0x000000007e82f000 	C:\Program Files\MATLAB\R2009b\bin\win64\boost_date_time-vc80-mt-1_36.dll
0x000000007e800000 - 0x000000007e816000 	C:\Program Files\MATLAB\R2009b\bin\win64\boost_signals-vc80-mt-1_36.dll
0x000000007dae0000 - 0x000000007dae9000 	C:\Program Files\MATLAB\R2009b\bin\win64\boost_system-vc80-mt-1_36.dll
0x000000007c740000 - 0x000000007c751000 	C:\Program Files\MATLAB\R2009b\bin\win64\boost_thread-vc80-mt-1_36.dll
0x000000007cf70000 - 0x000000007d1e1000 	C:\Program Files\MATLAB\R2009b\bin\win64\libmwservices.dll
0x000000007cec0000 - 0x000000007cf6f000 	C:\Program Files\MATLAB\R2009b\bin\win64\libmx.dll
0x0000000079070000 - 0x0000000079087000 	C:\Program Files\MATLAB\R2009b\bin\win64\zlib1.dll
0x000000007d1f0000 - 0x000000007d318000 	C:\Program Files\MATLAB\R2009b\bin\win64\libmwmathutil.dll
0x000000007a660000 - 0x000000007a6b8000 	C:\Program Files\MATLAB\R2009b\bin\win64\mpath.dll
0x000000007d650000 - 0x000000007d6a1000 	C:\Program Files\MATLAB\R2009b\bin\win64\mlutil.dll
0x00000000787b0000 - 0x00000000787ee000 	C:\Program Files\MATLAB\R2009b\bin\win64\tbb.dll
0x000007fef4440000 - 0x000007fef44e0000 	C:\Windows\WinSxS\amd64_microsoft.windows.common-controls_6595b64144ccf1df_5.82.7600.16661_none_a44e1fc257f685f6\COMCTL32.dll
0x000007fefe3e0000 - 0x000007fefe478000 	C:\Windows\system32\comdlg32.dll
0x000007fefe480000 - 0x000007fefe4f1000 	C:\Windows\system32\SHLWAPI.dll
0x000007fefd650000 - 0x000007fefe3d6000 	C:\Windows\system32\SHELL32.dll
0x000007fefc5e0000 - 0x000007fefc5f6000 	C:\Windows\system32\NETAPI32.dll
0x000007fefc5d0000 - 0x000007fefc5dc000 	C:\Windows\system32\netutils.dll
0x000007fefcc80000 - 0x000007fefcca3000 	C:\Windows\system32\srvcli.dll
0x000007fefc5b0000 - 0x000007fefc5c5000 	C:\Windows\system32\wkscli.dll
0x000007fefeca0000 - 0x000007fefeced000 	C:\Windows\system32\WS2_32.dll
0x000007fefecf0000 - 0x000007fefecf8000 	C:\Windows\system32\NSI.dll
0x000000007eaa0000 - 0x000000007eabd000 	C:\Program Files\MATLAB\R2009b\bin\win64\boost_filesystem-vc80-mt-1_36.dll
0x000000007acf0000 - 0x000000007ad87000 	C:\Program Files\MATLAB\R2009b\bin\win64\mcr.dll
0x000000007c780000 - 0x000000007c80c000 	C:\Program Files\MATLAB\R2009b\bin\win64\iqm.dll
0x000000007b440000 - 0x000000007bd40000 	C:\Program Files\MATLAB\R2009b\bin\win64\m_interpreter.dll
0x000000007c830000 - 0x000000007c840000 	C:\Program Files\MATLAB\R2009b\bin\win64\libmex.dll
0x000000007ab60000 - 0x000000007ac0b000 	C:\Program Files\MATLAB\R2009b\bin\win64\m_dispatcher.dll
0x000000007e720000 - 0x000000007e7ac000 	C:\Program Files\MATLAB\R2009b\bin\win64\xmlcore.dll
0x000000007a020000 - 0x000000007a2b5000 	C:\Program Files\MATLAB\R2009b\bin\win64\xerces-c_2_7.dll
0x000000007e980000 - 0x000000007ea71000 	C:\Program Files\MATLAB\R2009b\bin\win64\boost_regex-vc80-mt-1_36.dll
0x000000007aa00000 - 0x000000007aa91000 	C:\Program Files\MATLAB\R2009b\bin\win64\profiler.dll
0x000000007c8b0000 - 0x000000007c8da000 	C:\Program Files\MATLAB\R2009b\bin\win64\libmwmathrng.dll
0x0000000078fd0000 - 0x0000000078fea000 	C:\Program Files\MATLAB\R2009b\bin\win64\m_pcodeio.dll
0x000000007a610000 - 0x000000007a65d000 	C:\Program Files\MATLAB\R2009b\bin\win64\m_ir.dll
0x000000007ae40000 - 0x000000007b433000 	C:\Program Files\MATLAB\R2009b\bin\win64\m_parser.dll
0x000000007c810000 - 0x000000007c824000 	C:\Program Files\MATLAB\R2009b\bin\win64\ir_xfmr.dll
0x0000000078890000 - 0x0000000078b39000 	C:\Program Files\MATLAB\R2009b\bin\win64\mcos.dll
0x000000007c8f0000 - 0x000000007c8fc000 	C:\Program Files\MATLAB\R2009b\bin\win64\mtok.dll
0x0000000078fb0000 - 0x0000000078fd0000 	C:\Program Files\MATLAB\R2009b\bin\win64\m_pcodegen.dll
0x000007feeefd0000 - 0x000007feef0f5000 	C:\Windows\system32\dbghelp.dll
0x0000000078ec0000 - 0x0000000078ee4000 	C:\Program Files\MATLAB\R2009b\bin\win64\bridge.dll
0x000000007c3d0000 - 0x000000007c490000 	C:\Program Files\MATLAB\R2009b\bin\win64\udd.dll
0x000000007d450000 - 0x000000007d59d000 	C:\Program Files\MATLAB\R2009b\bin\win64\libmwgui.dll
0x00000000790e0000 - 0x000000007980b000 	C:\Program Files\MATLAB\R2009b\bin\win64\hg.dll
0x0000000078ef0000 - 0x0000000078f2c000 	C:\Program Files\MATLAB\R2009b\bin\win64\libmat.dll
0x000000007cbc0000 - 0x000000007cdae000 	C:\Program Files\MATLAB\R2009b\bin\win64\libhdf5.dll
0x000000007a550000 - 0x000000007a5af000 	C:\Program Files\MATLAB\R2009b\bin\win64\jmi.dll
0x000000007a490000 - 0x000000007a4d0000 	C:\Program Files\MATLAB\R2009b\bin\win64\libmwhardcopy.dll
0x000000007a5b0000 - 0x000000007a60a000 	C:\Program Files\MATLAB\R2009b\bin\win64\libuij.dll
0x0000000078680000 - 0x00000000787ab000 	C:\Program Files\MATLAB\R2009b\bin\win64\hgdatatypes.dll
0x0000000078630000 - 0x000000007867b000 	C:\Program Files\MATLAB\R2009b\bin\win64\hgutils.dll
0x0000000078f30000 - 0x0000000078fa5000 	C:\Program Files\MATLAB\R2009b\bin\win64\libmwlapack.dll
0x000000007c850000 - 0x000000007c863000 	C:\Program Files\MATLAB\R2009b\bin\win64\libmwbinder.dll
0x000000007c490000 - 0x000000007c73e000 	C:\Program Files\MATLAB\R2009b\bin\win64\uiw.dll
0x000000007c930000 - 0x000000007c93a000 	C:\Program Files\MATLAB\R2009b\bin\win64\uinone.dll
0x0000000074b70000 - 0x0000000074d0c000 	C:\Windows\WinSxS\amd64_microsoft.vc80.mfc_1fc8b3b9a1e18e3b_8.0.50727.4053_none_8444db7d32915e4c\MFC80.DLL
0x000007fef9040000 - 0x000007fef90b0000 	C:\Windows\system32\WINSPOOL.DRV
0x000007fefe910000 - 0x000007fefeb12000 	C:\Windows\system32\ole32.dll
0x000007fefe650000 - 0x000007fefe727000 	C:\Windows\system32\OLEAUT32.dll
0x000000007ad90000 - 0x000000007ae3f000 	C:\Program Files\MATLAB\R2009b\bin\win64\udd_mi.dll
0x0000000078ff0000 - 0x0000000079008000 	C:\Program Files\MATLAB\R2009b\bin\win64\mwoles05.DLL
0x000000007a990000 - 0x000000007a9fa000 	C:\Program Files\MATLAB\R2009b\bin\win64\comcli.dll
0x0000000074700000 - 0x0000000074720000 	C:\Windows\WinSxS\amd64_microsoft.vc80.atl_1fc8b3b9a1e18e3b_8.0.50727.4053_none_8a1a02152edb659b\ATL80.DLL
0x000000007c8e0000 - 0x000000007c8ee000 	C:\Program Files\MATLAB\R2009b\bin\win64\mlautoregister.dll
0x000007fefcfe0000 - 0x000007fefd037000 	C:\Windows\system32\apphelp.dll
0x000007fef6c00000 - 0x000007fef6c51000 	C:\Windows\AppPatch\AppPatch64\AcGenral.DLL
0x000007fefcfb0000 - 0x000007fefcfd5000 	C:\Windows\system32\SspiCli.dll
0x00000000744b0000 - 0x00000000744b3000 	C:\Windows\system32\sfc.dll
0x000007fef9b10000 - 0x000007fef9b20000 	C:\Windows\system32\sfc_os.DLL
0x000007fefc610000 - 0x000007fefc62e000 	C:\Windows\system32\USERENV.dll
0x000007fefd150000 - 0x000007fefd15f000 	C:\Windows\system32\profapi.dll
0x000007fefb3c0000 - 0x000007fefb3d8000 	C:\Windows\system32\dwmapi.dll
0x000007fef8190000 - 0x000007fef81a8000 	C:\Windows\system32\MPR.dll
0x000007fefeef0000 - 0x000007fefef1e000 	C:\Windows\system32\IMM32.DLL
0x000007feff3f0000 - 0x000007feff4f9000 	C:\Windows\system32\MSCTF.dll
0x0000000074b60000 - 0x0000000074b6d000 	C:\Windows\WinSxS\amd64_microsoft.vc80.mfcloc_1fc8b3b9a1e18e3b_8.0.50727.4053_none_bc1d1e5b0be08790\MFC80ENU.DLL
0x000007fefb950000 - 0x000007fefb9a6000 	C:\Windows\system32\uxtheme.dll
0x0000000180000000 - 0x0000000180045000 	C:\Program Files\Dell\Dell ControlPoint\System Manager\cbthook64.dll
0x000007fef1c20000 - 0x000007fef1c74000 	C:\Windows\system32\OLEACC.dll
0x0000000074e30000 - 0x0000000074e33000 	C:\Windows\system32\icmp.Dll
0x000007fefa860000 - 0x000007fefa887000 	C:\Windows\system32\iphlpapi.DLL
0x000007fefa850000 - 0x000007fefa85b000 	C:\Windows\system32\WINNSI.DLL
0x000007fefb070000 - 0x000007fefb085000 	C:\Windows\system32\NLAapi.dll
0x000007fefc980000 - 0x000007fefc9d4000 	C:\Windows\System32\mswsock.dll
0x000007fefc800000 - 0x000007fefc85b000 	C:\Windows\system32\DNSAPI.dll
0x000007fef8a50000 - 0x000007fef8a5b000 	C:\Windows\System32\winrnr.dll
0x000007fef8a30000 - 0x000007fef8a45000 	C:\Windows\system32\napinsp.dll
0x000007fef8a10000 - 0x000007fef8a29000 	C:\Windows\system32\pnrpnsp.dll
0x000007fefa3c0000 - 0x000007fefa413000 	C:\Windows\System32\fwpuclnt.dll
0x000007fef9440000 - 0x000007fef9448000 	C:\Windows\system32\rasadhlp.dll
0x000007fefc220000 - 0x000007fefc227000 	C:\Windows\System32\wshtcpip.dll
0x000007fefa390000 - 0x000007fefa3a1000 	C:\Windows\system32\dhcpcsvc6.DLL
0x000007fefa370000 - 0x000007fefa388000 	C:\Windows\system32\dhcpcsvc.DLL
0x000007fefd040000 - 0x000007fefd04f000 	C:\Windows\system32\CRYPTBASE.dll
0x000000006d7f0000 - 0x000000006dda8000 	C:\Program Files\MATLAB\R2009b\sys\java\jre\win64\jre\bin\server\jvm.dll
0x000007fefb090000 - 0x000007fefb0cb000 	C:\Windows\system32\WINMM.dll
0x000000007ab10000 - 0x000000007ab1a000 	C:\Program Files\MATLAB\R2009b\sys\java\jre\win64\jre\bin\hpi.dll
0x000000007ab30000 - 0x000000007ab3e000 	C:\Program Files\MATLAB\R2009b\sys\java\jre\win64\jre\bin\verify.dll
0x0000000079090000 - 0x00000000790b7000 	C:\Program Files\MATLAB\R2009b\sys\java\jre\win64\jre\bin\java.dll
0x000000007ab40000 - 0x000000007ab52000 	C:\Program Files\MATLAB\R2009b\sys\java\jre\win64\jre\bin\zip.dll
0x0000000079010000 - 0x0000000079032000 	C:\Program Files\MATLAB\R2009b\bin\win64\nativejava.dll
0x0000000079040000 - 0x000000007906b000 	C:\Program Files\MATLAB\R2009b\bin\win64\nativejmi.dll
0x000000007c920000 - 0x000000007c927000 	C:\Program Files\MATLAB\R2009b\bin\win64\nativeservices.dll
0x000000007a2c0000 - 0x000000007a482000 	C:\Program Files\MATLAB\R2009b\sys\java\jre\win64\jre\bin\awt.dll
0x000000007ac10000 - 0x000000007ac7b000 	C:\Program Files\MATLAB\R2009b\sys\java\jre\win64\jre\bin\fontmanager.dll

VM Arguments:
jvm_args: -Xss512k -XX:PermSize=32m -Xms64m -XX:NewRatio=3 -XX:MaxPermSize=128m -Xmx196m -XX:MaxDirectMemorySize=2147400000 -Dsun.java2d.noddraw=true -Dsun.awt.nopixfmt=true -Xshare:off -Xrs -Djava.library.path=C:\Program Files\MATLAB\R2009b\bin\win64 vfprintf abort 
java_command: <unknown>
Launcher Type: generic

Environment Variables:
PATH=C:\Program Files\ImageMagick-6.6.6-Q16;C:\Windows\system32;C:\Windows;C:\Windows\System32\Wbem;C:\Windows\System32\WindowsPowerShell\v1.0\;C:\Program Files (x86)\NTRU Cryptosystems\NTRU TCG Software Stack\bin\;C:\Program Files\NTRU Cryptosystems\NTRU TCG Software Stack\bin\;C:\Program Files\Wave Systems Corp\Gemalto\Access Client\v5\;C:\Program Files\MATLAB\R2009b\runtime\win64;C:\Program Files\MATLAB\R2009b\bin;C:\Program Files (x86)\Microsoft SQL Server\90\Tools\binn\;C:\python26\;C:\mksnt;C:\Program Files (x86)\CMake 2.8\bin
USERNAME=aaronh
OS=Windows_NT
PROCESSOR_IDENTIFIER=Intel64 Family 6 Model 26 Stepping 5, GenuineIntel



---------------  S Y S T E M  ---------------

OS: Windows NT 6.1 Build 7600 

CPU:total 8 (8 cores per cpu, 2 threads per core) family 6 model 10 stepping 5, cmov, cx8, fxsr, mmx, sse, sse2, sse3, ssse3, ht

Memory: 4k page, physical 25163348k(20734208k free), swap 50324796k(46657520k free)

vm_info: Java HotSpot(TM) 64-Bit Server VM (11.2-b01) for windows-amd64 JRE (1.6.0_12-b04), built on Jan 17 2009 01:49:05 by "java_re" with MS VC++ 8.0

time: Wed Feb 02 20:56:58 2011
elapsed time: 187115 seconds

