#
# An unexpected error has been detected by Java Runtime Environment:
#
#  EXCEPTION_ACCESS_VIOLATION (0xc0000005) at pc=0x000000007a39d0e0, pid=8672, tid=7268
#
# Java VM: Java HotSpot(TM) 64-Bit Server VM (11.2-b01 mixed mode windows-amd64)
# Problematic frame:
# C  [awt.dll+0xdd0e0]
#
# If you would like to submit a bug report, please visit:
#   http://java.sun.com/webapps/bugreport/crash.jsp
# The crash happened outside the Java Virtual Machine in native code.
# See problematic frame for where to report the bug.
#

---------------  T H R E A D  ---------------

Current thread (0x0000000031bbdc00):  JavaThread "AWT-EventQueue-0" [_thread_in_native, id=7268, stack(0x00000000329c0000,0x0000000032a40000)]

siginfo: ExceptionCode=0xc0000005, reading address 0x0000000000000008

Registers:
EAX=0x000000000000000d, EBX=0x0000000031bbddc0, ECX=0x0000000000000000, EDX=0xffffffffa8010d0c
ESP=0x0000000032a3e738, EBP=0x00000000324b3250, ESI=0x0000000031bbddc0, EDI=0x0000000031f8cfd0
EIP=0x000000007a39d0e0, EFLAGS=0x0000000000010206

Top of Stack: (sp=0x0000000032a3e738)
0x0000000032a3e738:   000000007a345acc 0000000000000000
0x0000000032a3e748:   0000000031bbddc0 00000000324b3250
0x0000000032a3e758:   0000000031bbddc0 00000000373c4460
0x0000000032a3e768:   0000000031bbddc0 0000000000000000
0x0000000032a3e778:   000000007a323810 0000000031bbddc0
0x0000000032a3e788:   0000000032a3ee30 0000000032a3ee08
0x0000000032a3e798:   00000000324b3250 0000000032a3e790
0x0000000032a3e7a8:   000000007a342381 000000001758af48
0x0000000032a3e7b8:   0000000032a3ee10 0000000000000000
0x0000000032a3e7c8:   0000000032a3ee08 00000000373c4460
0x0000000032a3e7d8:   000000000c66d212 000000001b12f070
0x0000000032a3e7e8:   0000000000001003 000000000f831900
0x0000000032a3e7f8:   0000000000000000 0000000032a3e820
0x0000000032a3e808:   0000000017d8f4c8 0000000022020f70
0x0000000032a3e818:   000000001ba2f978 0000000017613e28
0x0000000032a3e828:   403e000000000000 000000000fd9a52d 

Instructions: (pc=0x000000007a39d0e0)
0x000000007a39d0d0:   48 8b 41 08 48 8b 80 18 0c 00 00 c3 cc cc cc cc
0x000000007a39d0e0:   48 8b 49 08 48 85 c9 74 05 e9 b2 ee fd ff 33 c0 


Stack: [0x00000000329c0000,0x0000000032a40000],  sp=0x0000000032a3e738,  free space=505k
Native frames: (J=compiled Java code, j=interpreted, Vv=VM code, C=native code)
C  [awt.dll+0xdd0e0]

Java frames: (J=compiled Java code, j=interpreted, Vv=VM code)
J  sun.java2d.windows.GDIBlitLoops.nativeBlit(Lsun/java2d/SurfaceData;Lsun/java2d/SurfaceData;Lsun/java2d/pipe/Region;IIIIIIIIIZ)V
J  sun.java2d.windows.GDIBlitLoops.Blit(Lsun/java2d/SurfaceData;Lsun/java2d/SurfaceData;Ljava/awt/Composite;Lsun/java2d/pipe/Region;IIIIII)V
J  sun.java2d.pipe.DrawImage.copyImage(Lsun/java2d/SunGraphics2D;Ljava/awt/Image;IILjava/awt/Color;Ljava/awt/image/ImageObserver;)Z
J  javax.swing.RepaintManager$PaintManager.paintDoubleBuffered(Ljavax/swing/JComponent;Ljava/awt/Image;Ljava/awt/Graphics;IIII)V
J  javax.swing.BufferStrategyPaintManager.paint(Ljavax/swing/JComponent;Ljavax/swing/JComponent;Ljava/awt/Graphics;IIII)Z
J  javax.swing.JComponent._paintImmediately(IIII)V
J  javax.swing.RepaintManager.paintDirtyRegions(Ljava/util/Map;)V
j  javax.swing.RepaintManager.paintDirtyRegions()V+46
j  javax.swing.RepaintManager.seqPaintDirtyRegions()V+73
j  javax.swing.SystemEventQueueUtilities$ComponentWorkRequest.run()V+36
J  java.awt.EventDispatchThread.pumpOneEventForFilters(I)Z
J  java.awt.EventDispatchThread.pumpEventsForFilter(ILjava/awt/Conditional;Ljava/awt/EventFilter;)V
j  java.awt.EventDispatchThread.pumpEventsForHierarchy(ILjava/awt/Conditional;Ljava/awt/Component;)V+11
j  java.awt.EventDispatchThread.pumpEvents(ILjava/awt/Conditional;)V+4
j  java.awt.EventDispatchThread.pumpEvents(Ljava/awt/Conditional;)V+3
j  java.awt.EventDispatchThread.run()V+9
v  ~StubRoutines::call_stub

---------------  P R O C E S S  ---------------

Java Threads: ( => current thread )
  0x000000003094d800 JavaThread "Thread-2313" [_thread_blocked, id=9944, stack(0x0000000009000000,0x0000000009080000)]
  0x000000003094b400 JavaThread "Thread-2312" [_thread_blocked, id=5820, stack(0x0000000008b90000,0x0000000008c10000)]
  0x0000000032471000 JavaThread "pool-2-thread-1" [_thread_blocked, id=10012, stack(0x0000000009430000,0x00000000094b0000)]
  0x000000003246d000 JavaThread "Thread-1054" [_thread_blocked, id=6572, stack(0x00000000093b0000,0x0000000009430000)]
  0x000000003246f400 JavaThread "Thread-852" [_thread_blocked, id=7056, stack(0x00000000091c0000,0x0000000009240000)]
  0x000000003094bc00 JavaThread "Thread-810" [_thread_blocked, id=4448, stack(0x0000000008c10000,0x0000000008c90000)]
  0x0000000030948c00 JavaThread "Prefs Updater" daemon [_thread_blocked, id=8648, stack(0x0000000034f10000,0x0000000034f90000)]
  0x000000003094e000 JavaThread "Thread-22" [_thread_blocked, id=1208, stack(0x00000000374e0000,0x0000000037560000)]
  0x000000003094d000 JavaThread "Thread-20" [_thread_blocked, id=9080, stack(0x0000000036410000,0x0000000036490000)]
  0x000000003094c800 JavaThread "Thread-19" [_thread_blocked, id=800, stack(0x0000000036390000,0x0000000036410000)]
  0x000000003094c400 JavaThread "Thread-18" [_thread_blocked, id=4984, stack(0x0000000036310000,0x0000000036390000)]
  0x000000003094ac00 JavaThread "Active Reference Queue Daemon" daemon [_thread_blocked, id=5648, stack(0x0000000035190000,0x0000000035210000)]
  0x0000000030949000 JavaThread "Timer-9" daemon [_thread_blocked, id=8440, stack(0x0000000034f90000,0x0000000035010000)]
  0x0000000030949800 JavaThread "FelixPackageAdmin" daemon [_thread_blocked, id=8584, stack(0x0000000035110000,0x0000000035190000)]
  0x000000003094a000 JavaThread "FelixStartLevel" daemon [_thread_blocked, id=6968, stack(0x0000000035090000,0x0000000035110000)]
  0x000000003094a800 JavaThread "FelixDispatchQueue" [_thread_blocked, id=6820, stack(0x0000000035010000,0x0000000035090000)]
  0x0000000030948400 JavaThread "Timer-2" [_thread_blocked, id=8708, stack(0x0000000032bf0000,0x0000000032c70000)]
  0x0000000031ce2400 JavaThread "Timer-1" daemon [_thread_blocked, id=2080, stack(0x0000000032b70000,0x0000000032bf0000)]
  0x0000000031ac5c00 JavaThread "TimerQueue" daemon [_thread_blocked, id=4624, stack(0x0000000032a50000,0x0000000032ad0000)]
=>0x0000000031bbdc00 JavaThread "AWT-EventQueue-0" [_thread_in_native, id=7268, stack(0x00000000329c0000,0x0000000032a40000)]
  0x00000000310ca400 JavaThread "AWT-Windows" daemon [_thread_in_native, id=8012, stack(0x00000000314d0000,0x0000000031550000)]
  0x00000000310c9c00 JavaThread "AWT-Shutdown" [_thread_blocked, id=4468, stack(0x0000000031450000,0x00000000314d0000)]
  0x00000000310cd000 JavaThread "Java2D Disposer" daemon [_thread_blocked, id=2428, stack(0x000000002bd50000,0x000000002bdd0000)]
  0x00000000309b5000 JavaThread "Timer-0" [_thread_blocked, id=9056, stack(0x000000002bcd0000,0x000000002bd50000)]
  0x0000000030806800 JavaThread "JMI Unnamed Thread" [_thread_in_native, id=8736, stack(0x0000000006260000,0x0000000007260000)]
  0x000000002bbf0800 JavaThread "Low Memory Detector" daemon [_thread_blocked, id=3252, stack(0x000000002bc50000,0x000000002bcd0000)]
  0x000000002bbda400 JavaThread "CompilerThread1" daemon [_thread_blocked, id=2460, stack(0x000000002e790000,0x000000002f790000)]
  0x000000002bbd8000 JavaThread "CompilerThread0" daemon [_thread_blocked, id=3576, stack(0x000000002d790000,0x000000002e790000)]
  0x000000002bbd7800 JavaThread "Attach Listener" daemon [_thread_blocked, id=5452, stack(0x000000002b9c0000,0x000000002ba40000)]
  0x000000002bbb6000 JavaThread "Finalizer" daemon [_thread_blocked, id=5396, stack(0x000000002b940000,0x000000002b9c0000)]
  0x000000002bbafc00 JavaThread "Reference Handler" daemon [_thread_blocked, id=5484, stack(0x000000002b8c0000,0x000000002b940000)]
  0x0000000001771c00 JavaThread "main" [_thread_in_native, id=3016, stack(0x0000000000030000,0x0000000001030000)]

Other Threads:
  0x000000002bba7000 VMThread [stack: 0x000000002c790000,0x000000002d790000] [id=4144]
  0x0000000001779c00 WatcherThread [stack: 0x000000002f790000,0x0000000030790000] [id=5932]

VM state:not at safepoint (normal execution)

VM Mutex/Monitor currently owned by a thread: None

Heap
 PSYoungGen      total 30400K, used 25376K [0x00000000207c0000, 0x0000000022860000, 0x00000000238c0000)
  eden space 27520K, 90% used [0x00000000207c0000,0x00000000220318f0,0x00000000222a0000)
  from space 2880K, 12% used [0x0000000022590000,0x00000000225e6868,0x0000000022860000)
  to   space 2944K, 0% used [0x00000000222a0000,0x00000000222a0000,0x0000000022580000)
 PSOldGen        total 148800K, used 96420K [0x00000000174c0000, 0x0000000020610000, 0x00000000207c0000)
  object space 148800K, 64% used [0x00000000174c0000,0x000000001d2e9060,0x0000000020610000)
 PSPermGen       total 84544K, used 56960K [0x000000000f4c0000, 0x0000000014750000, 0x00000000174c0000)
  object space 84544K, 67% used [0x000000000f4c0000,0x0000000012c60220,0x0000000014750000)

Dynamic libraries:
0x0000000140000000 - 0x0000000140038000 	C:\Program Files\MATLAB\R2009b\bin\win64\MATLAB.exe
0x0000000076f50000 - 0x00000000770fb000 	C:\Windows\SYSTEM32\ntdll.dll
0x0000000076e30000 - 0x0000000076f4f000 	C:\Windows\system32\kernel32.dll
0x000007fefd210000 - 0x000007fefd27b000 	C:\Windows\system32\KERNELBASE.dll
0x000000007cdb0000 - 0x000000007ceb9000 	C:\Program Files\MATLAB\R2009b\bin\win64\libut.dll
0x000007fefee50000 - 0x000007fefee67000 	C:\Windows\system32\imagehlp.dll
0x000007fefe440000 - 0x000007fefe4df000 	C:\Windows\system32\msvcrt.dll
0x0000000077110000 - 0x0000000077117000 	C:\Windows\system32\PSAPI.DLL
0x000000007d620000 - 0x000000007d648000 	C:\Program Files\MATLAB\R2009b\bin\win64\LIBEXPAT.dll
0x0000000074b80000 - 0x0000000074c49000 	C:\Windows\WinSxS\amd64_microsoft.vc80.crt_1fc8b3b9a1e18e3b_8.0.50727.4927_none_88dce9872fb18caf\MSVCR80.dll
0x000000007d320000 - 0x000000007d44c000 	C:\Program Files\MATLAB\R2009b\bin\win64\icuuc40.dll
0x000007fefe7e0000 - 0x000007fefe8bb000 	C:\Windows\system32\ADVAPI32.dll
0x000007fefd280000 - 0x000007fefd29f000 	C:\Windows\SYSTEM32\sechost.dll
0x000007fefe560000 - 0x000007fefe68e000 	C:\Windows\system32\RPCRT4.dll
0x000000007c760000 - 0x000000007c763000 	C:\Program Files\MATLAB\R2009b\bin\win64\icudt40.dll
0x000000007c770000 - 0x000000007c780000 	C:\Program Files\MATLAB\R2009b\bin\win64\icuio40.dll
0x000000007ca60000 - 0x000000007cbb3000 	C:\Program Files\MATLAB\R2009b\bin\win64\icuin40.dll
0x0000000074a70000 - 0x0000000074b79000 	C:\Windows\WinSxS\amd64_microsoft.vc80.crt_1fc8b3b9a1e18e3b_8.0.50727.4927_none_88dce9872fb18caf\MSVCP80.dll
0x0000000076d30000 - 0x0000000076e2a000 	C:\Windows\system32\USER32.dll
0x000007fefee70000 - 0x000007fefeed7000 	C:\Windows\system32\GDI32.dll
0x000007fefec50000 - 0x000007fefec5e000 	C:\Windows\system32\LPK.dll
0x000007fefe030000 - 0x000007fefe0fa000 	C:\Windows\system32\USP10.dll
0x0000000078820000 - 0x0000000078890000 	C:\Program Files\MATLAB\R2009b\bin\win64\libmwfl.dll
0x000000007e820000 - 0x000000007e82f000 	C:\Program Files\MATLAB\R2009b\bin\win64\boost_date_time-vc80-mt-1_36.dll
0x000000007e800000 - 0x000000007e816000 	C:\Program Files\MATLAB\R2009b\bin\win64\boost_signals-vc80-mt-1_36.dll
0x000000007dae0000 - 0x000000007dae9000 	C:\Program Files\MATLAB\R2009b\bin\win64\boost_system-vc80-mt-1_36.dll
0x000000007c740000 - 0x000000007c751000 	C:\Program Files\MATLAB\R2009b\bin\win64\boost_thread-vc80-mt-1_36.dll
0x000000007cf70000 - 0x000000007d1e1000 	C:\Program Files\MATLAB\R2009b\bin\win64\libmwservices.dll
0x000000007cec0000 - 0x000000007cf6f000 	C:\Program Files\MATLAB\R2009b\bin\win64\libmx.dll
0x0000000079070000 - 0x0000000079087000 	C:\Program Files\MATLAB\R2009b\bin\win64\zlib1.dll
0x000000007d1f0000 - 0x000000007d318000 	C:\Program Files\MATLAB\R2009b\bin\win64\libmwmathutil.dll
0x000000007a660000 - 0x000000007a6b8000 	C:\Program Files\MATLAB\R2009b\bin\win64\mpath.dll
0x000000007d650000 - 0x000000007d6a1000 	C:\Program Files\MATLAB\R2009b\bin\win64\mlutil.dll
0x00000000787b0000 - 0x00000000787ee000 	C:\Program Files\MATLAB\R2009b\bin\win64\tbb.dll
0x000007fefa4c0000 - 0x000007fefa560000 	C:\Windows\WinSxS\amd64_microsoft.windows.common-controls_6595b64144ccf1df_5.82.7600.16661_none_a44e1fc257f685f6\COMCTL32.dll
0x000007fefe710000 - 0x000007fefe7a8000 	C:\Windows\system32\comdlg32.dll
0x000007fefe4e0000 - 0x000007fefe551000 	C:\Windows\system32\SHLWAPI.dll
0x000007fefd2a0000 - 0x000007fefe026000 	C:\Windows\system32\SHELL32.dll
0x000007fefc340000 - 0x000007fefc356000 	C:\Windows\system32\NETAPI32.dll
0x000007fefc330000 - 0x000007fefc33c000 	C:\Windows\system32\netutils.dll
0x000007fefc9e0000 - 0x000007fefca03000 	C:\Windows\system32\srvcli.dll
0x000007fefc310000 - 0x000007fefc325000 	C:\Windows\system32\wkscli.dll
0x000007fefef80000 - 0x000007fefefcd000 	C:\Windows\system32\WS2_32.dll
0x000007fefee40000 - 0x000007fefee48000 	C:\Windows\system32\NSI.dll
0x000000007eaa0000 - 0x000000007eabd000 	C:\Program Files\MATLAB\R2009b\bin\win64\boost_filesystem-vc80-mt-1_36.dll
0x000000007acf0000 - 0x000000007ad87000 	C:\Program Files\MATLAB\R2009b\bin\win64\mcr.dll
0x000000007c780000 - 0x000000007c80c000 	C:\Program Files\MATLAB\R2009b\bin\win64\iqm.dll
0x000000007b440000 - 0x000000007bd40000 	C:\Program Files\MATLAB\R2009b\bin\win64\m_interpreter.dll
0x000000007c830000 - 0x000000007c840000 	C:\Program Files\MATLAB\R2009b\bin\win64\libmex.dll
0x000000007ab60000 - 0x000000007ac0b000 	C:\Program Files\MATLAB\R2009b\bin\win64\m_dispatcher.dll
0x000000007e720000 - 0x000000007e7ac000 	C:\Program Files\MATLAB\R2009b\bin\win64\xmlcore.dll
0x000000007a020000 - 0x000000007a2b5000 	C:\Program Files\MATLAB\R2009b\bin\win64\xerces-c_2_7.dll
0x000000007e980000 - 0x000000007ea71000 	C:\Program Files\MATLAB\R2009b\bin\win64\boost_regex-vc80-mt-1_36.dll
0x000000007aa00000 - 0x000000007aa91000 	C:\Program Files\MATLAB\R2009b\bin\win64\profiler.dll
0x000000007c8b0000 - 0x000000007c8da000 	C:\Program Files\MATLAB\R2009b\bin\win64\libmwmathrng.dll
0x0000000078fd0000 - 0x0000000078fea000 	C:\Program Files\MATLAB\R2009b\bin\win64\m_pcodeio.dll
0x000000007a610000 - 0x000000007a65d000 	C:\Program Files\MATLAB\R2009b\bin\win64\m_ir.dll
0x000000007ae40000 - 0x000000007b433000 	C:\Program Files\MATLAB\R2009b\bin\win64\m_parser.dll
0x000000007c810000 - 0x000000007c824000 	C:\Program Files\MATLAB\R2009b\bin\win64\ir_xfmr.dll
0x0000000078890000 - 0x0000000078b39000 	C:\Program Files\MATLAB\R2009b\bin\win64\mcos.dll
0x000000007c8f0000 - 0x000000007c8fc000 	C:\Program Files\MATLAB\R2009b\bin\win64\mtok.dll
0x0000000078fb0000 - 0x0000000078fd0000 	C:\Program Files\MATLAB\R2009b\bin\win64\m_pcodegen.dll
0x000007fefa560000 - 0x000007fefa685000 	C:\Windows\system32\dbghelp.dll
0x0000000078ec0000 - 0x0000000078ee4000 	C:\Program Files\MATLAB\R2009b\bin\win64\bridge.dll
0x000000007c3d0000 - 0x000000007c490000 	C:\Program Files\MATLAB\R2009b\bin\win64\udd.dll
0x000000007d450000 - 0x000000007d59d000 	C:\Program Files\MATLAB\R2009b\bin\win64\libmwgui.dll
0x00000000790e0000 - 0x000000007980b000 	C:\Program Files\MATLAB\R2009b\bin\win64\hg.dll
0x0000000078ef0000 - 0x0000000078f2c000 	C:\Program Files\MATLAB\R2009b\bin\win64\libmat.dll
0x000000007cbc0000 - 0x000000007cdae000 	C:\Program Files\MATLAB\R2009b\bin\win64\libhdf5.dll
0x000000007a550000 - 0x000000007a5af000 	C:\Program Files\MATLAB\R2009b\bin\win64\jmi.dll
0x000000007a490000 - 0x000000007a4d0000 	C:\Program Files\MATLAB\R2009b\bin\win64\libmwhardcopy.dll
0x000000007a5b0000 - 0x000000007a60a000 	C:\Program Files\MATLAB\R2009b\bin\win64\libuij.dll
0x0000000078680000 - 0x00000000787ab000 	C:\Program Files\MATLAB\R2009b\bin\win64\hgdatatypes.dll
0x0000000078630000 - 0x000000007867b000 	C:\Program Files\MATLAB\R2009b\bin\win64\hgutils.dll
0x0000000078f30000 - 0x0000000078fa5000 	C:\Program Files\MATLAB\R2009b\bin\win64\libmwlapack.dll
0x000000007c850000 - 0x000000007c863000 	C:\Program Files\MATLAB\R2009b\bin\win64\libmwbinder.dll
0x000000007c490000 - 0x000000007c73e000 	C:\Program Files\MATLAB\R2009b\bin\win64\uiw.dll
0x000000007c930000 - 0x000000007c93a000 	C:\Program Files\MATLAB\R2009b\bin\win64\uinone.dll
0x00000000748d0000 - 0x0000000074a6c000 	C:\Windows\WinSxS\amd64_microsoft.vc80.mfc_1fc8b3b9a1e18e3b_8.0.50727.4053_none_8444db7d32915e4c\MFC80.DLL
0x000007fef8ad0000 - 0x000007fef8b40000 	C:\Windows\system32\WINSPOOL.DRV
0x000007fefea40000 - 0x000007fefec42000 	C:\Windows\system32\ole32.dll
0x000007fefe100000 - 0x000007fefe1d7000 	C:\Windows\system32\OLEAUT32.dll
0x000000007ad90000 - 0x000000007ae3f000 	C:\Program Files\MATLAB\R2009b\bin\win64\udd_mi.dll
0x0000000078ff0000 - 0x0000000079008000 	C:\Program Files\MATLAB\R2009b\bin\win64\mwoles05.DLL
0x000000007a990000 - 0x000000007a9fa000 	C:\Program Files\MATLAB\R2009b\bin\win64\comcli.dll
0x0000000074460000 - 0x0000000074480000 	C:\Windows\WinSxS\amd64_microsoft.vc80.atl_1fc8b3b9a1e18e3b_8.0.50727.4053_none_8a1a02152edb659b\ATL80.DLL
0x000000007c8e0000 - 0x000000007c8ee000 	C:\Program Files\MATLAB\R2009b\bin\win64\mlautoregister.dll
0x000007fefcd80000 - 0x000007fefcdd7000 	C:\Windows\system32\apphelp.dll
0x000007feee560000 - 0x000007feee5b1000 	C:\Windows\AppPatch\AppPatch64\AcGenral.DLL
0x000007fefcd50000 - 0x000007fefcd75000 	C:\Windows\system32\SspiCli.dll
0x00000000742a0000 - 0x00000000742a3000 	C:\Windows\system32\sfc.dll
0x000007fef9160000 - 0x000007fef9170000 	C:\Windows\system32\sfc_os.DLL
0x000007fefc370000 - 0x000007fefc38e000 	C:\Windows\system32\USERENV.dll
0x000007fefceb0000 - 0x000007fefcebf000 	C:\Windows\system32\profapi.dll
0x000007fefb9d0000 - 0x000007fefb9e8000 	C:\Windows\system32\dwmapi.dll
0x000007fefa4a0000 - 0x000007fefa4b8000 	C:\Windows\system32\MPR.dll
0x000007fefe7b0000 - 0x000007fefe7de000 	C:\Windows\system32\IMM32.DLL
0x000007fefefd0000 - 0x000007feff0d9000 	C:\Windows\system32\MSCTF.dll
0x00000000748c0000 - 0x00000000748cd000 	C:\Windows\WinSxS\amd64_microsoft.vc80.mfcloc_1fc8b3b9a1e18e3b_8.0.50727.4053_none_bc1d1e5b0be08790\MFC80ENU.DLL
0x000007fefb480000 - 0x000007fefb4d6000 	C:\Windows\system32\uxtheme.dll
0x0000000071f90000 - 0x0000000071f93000 	C:\Windows\system32\icmp.Dll
0x000007fef9dd0000 - 0x000007fef9df7000 	C:\Windows\system32\iphlpapi.DLL
0x000007fef9dc0000 - 0x000007fef9dcb000 	C:\Windows\system32\WINNSI.DLL
0x000007fefad90000 - 0x000007fefada5000 	C:\Windows\system32\NLAapi.dll
0x000007fefc6e0000 - 0x000007fefc734000 	C:\Windows\System32\mswsock.dll
0x000007fefc560000 - 0x000007fefc5bb000 	C:\Windows\system32\DNSAPI.dll
0x000007fef90e0000 - 0x000007fef90eb000 	C:\Windows\System32\winrnr.dll
0x000007fef90c0000 - 0x000007fef90d5000 	C:\Windows\system32\napinsp.dll
0x000007fef90a0000 - 0x000007fef90b9000 	C:\Windows\system32\pnrpnsp.dll
0x000007fefcd10000 - 0x000007fefcd4d000 	C:\Windows\system32\WINSTA.dll
0x000007fef9910000 - 0x000007fef9963000 	C:\Windows\System32\fwpuclnt.dll
0x000007fef93b0000 - 0x000007fef93b8000 	C:\Windows\system32\rasadhlp.dll
0x000007fefbf80000 - 0x000007fefbf87000 	C:\Windows\System32\wshtcpip.dll
0x000007fef98f0000 - 0x000007fef9901000 	C:\Windows\system32\dhcpcsvc6.DLL
0x000007fef98c0000 - 0x000007fef98d8000 	C:\Windows\system32\dhcpcsvc.DLL
0x000007fefcde0000 - 0x000007fefcdef000 	C:\Windows\system32\CRYPTBASE.dll
0x000000006d7f0000 - 0x000000006dda8000 	C:\Program Files\MATLAB\R2009b\sys\java\jre\win64\jre\bin\server\jvm.dll
0x000007fefadb0000 - 0x000007fefadeb000 	C:\Windows\system32\WINMM.dll
0x000000007ab10000 - 0x000000007ab1a000 	C:\Program Files\MATLAB\R2009b\sys\java\jre\win64\jre\bin\hpi.dll
0x000000007ab30000 - 0x000000007ab3e000 	C:\Program Files\MATLAB\R2009b\sys\java\jre\win64\jre\bin\verify.dll
0x0000000079090000 - 0x00000000790b7000 	C:\Program Files\MATLAB\R2009b\sys\java\jre\win64\jre\bin\java.dll
0x000000007ab40000 - 0x000000007ab52000 	C:\Program Files\MATLAB\R2009b\sys\java\jre\win64\jre\bin\zip.dll
0x0000000079010000 - 0x0000000079032000 	C:\Program Files\MATLAB\R2009b\bin\win64\nativejava.dll
0x0000000079040000 - 0x000000007906b000 	C:\Program Files\MATLAB\R2009b\bin\win64\nativejmi.dll
0x000000007c920000 - 0x000000007c927000 	C:\Program Files\MATLAB\R2009b\bin\win64\nativeservices.dll
0x000000007a2c0000 - 0x000000007a482000 	C:\Program Files\MATLAB\R2009b\sys\java\jre\win64\jre\bin\awt.dll
0x000000007ac10000 - 0x000000007ac7b000 	C:\Program Files\MATLAB\R2009b\sys\java\jre\win64\jre\bin\fontmanager.dll
0x00000000790c0000 - 0x00000000790d7000 	C:\Program Files\MATLAB\R2009b\sys\java\jre\win64\jre\bin\net.dll

VM Arguments:
jvm_args: -Xss512k -XX:PermSize=32m -Xms64m -XX:NewRatio=3 -XX:MaxPermSize=128m -Xmx196m -XX:MaxDirectMemorySize=2147400000 -Dsun.java2d.noddraw=true -Dsun.awt.nopixfmt=true -Xshare:off -Xrs -Djava.library.path=C:\Program Files\MATLAB\R2009b\bin\win64 vfprintf abort 
java_command: <unknown>
Launcher Type: generic

Environment Variables:
PATH=C:\Program Files\ImageMagick-6.6.6-Q16;C:\Windows\system32;C:\Windows;C:\Windows\System32\Wbem;C:\Windows\System32\WindowsPowerShell\v1.0\;C:\Program Files (x86)\NTRU Cryptosystems\NTRU TCG Software Stack\bin\;C:\Program Files\NTRU Cryptosystems\NTRU TCG Software Stack\bin\;C:\Program Files\Wave Systems Corp\Gemalto\Access Client\v5\;C:\Program Files\MATLAB\R2009b\runtime\win64;C:\Program Files\MATLAB\R2009b\bin;C:\Program Files (x86)\Microsoft SQL Server\90\Tools\binn\;C:\python26\;C:\mksnt;C:\Program Files (x86)\CMake 2.8\bin
USERNAME=aaronh
OS=Windows_NT
PROCESSOR_IDENTIFIER=Intel64 Family 6 Model 26 Stepping 5, GenuineIntel



---------------  S Y S T E M  ---------------

OS: Windows NT 6.1 Build 7600 

CPU:total 8 (8 cores per cpu, 2 threads per core) family 6 model 10 stepping 5, cmov, cx8, fxsr, mmx, sse, sse2, sse3, ssse3, ht

Memory: 4k page, physical 25163348k(20304432k free), swap 50324796k(45853904k free)

vm_info: Java HotSpot(TM) 64-Bit Server VM (11.2-b01) for windows-amd64 JRE (1.6.0_12-b04), built on Jan 17 2009 01:49:05 by "java_re" with MS VC++ 8.0

time: Wed Jan 19 19:23:08 2011
elapsed time: 153656 seconds

