#
# An unexpected error has been detected by Java Runtime Environment:
#
#  EXCEPTION_ACCESS_VIOLATION (0xc0000005) at pc=0x000000007a39d0e0, pid=5800, tid=4728
#
# Java VM: Java HotSpot(TM) 64-Bit Server VM (11.2-b01 mixed mode windows-amd64)
# Problematic frame:
# C  [awt.dll+0xdd0e0]
#
# If you would like to submit a bug report, please visit:
#   http://java.sun.com/webapps/bugreport/crash.jsp
# The crash happened outside the Java Virtual Machine in native code.
# See problematic frame for where to report the bug.
#

---------------  T H R E A D  ---------------

Current thread (0x0000000032c27000):  JavaThread "AWT-EventQueue-0" [_thread_in_native, id=4728, stack(0x0000000033a80000,0x0000000033b00000)]

siginfo: ExceptionCode=0xc0000005, reading address 0x0000000000000008

Registers:
EAX=0x000000000000000d, EBX=0x0000000032c271c0, ECX=0x0000000000000000, EDX=0xffffffffec0113b4
ESP=0x0000000033afe438, EBP=0x00000000331e2bc0, ESI=0x0000000032c271c0, EDI=0x000000002d9838a0
EIP=0x000000007a39d0e0, EFLAGS=0x0000000000010206

Top of Stack: (sp=0x0000000033afe438)
0x0000000033afe438:   000000007a345acc 0000000000000000
0x0000000033afe448:   0000000032c271c0 00000000331e2bc0
0x0000000033afe458:   0000000032c271c0 0000000f00000000
0x0000000033afe468:   0000000032c271c0 0000000000000000
0x0000000033afe478:   000000007a323810 0000000032c271c0
0x0000000033afe488:   0000000033afeb30 0000000033afeb08
0x0000000033afe498:   00000000331e2bc0 0000000020d73ce8
0x0000000033afe4a8:   000000007a342381 000000001e655168
0x0000000033afe4b8:   0000000033afeb10 0000000000000000
0x0000000033afe4c8:   0000000033afeb08 000000000c8933c2
0x0000000033afe4d8:   000000001987c218 0000000018a75540
0x0000000033afe4e8:   0000000033afe4e8 000000001062eaa7
0x0000000033afe4f8:   0000000033afe540 0000000010cb5ef8
0x0000000033afe508:   0000000000000000 000000001062eab8
0x0000000033afe518:   0000000000000000 0000000033afe550
0x0000000033afe528:   0000000018a75540 000000000ccf1a44 

Instructions: (pc=0x000000007a39d0e0)
0x000000007a39d0d0:   48 8b 41 08 48 8b 80 18 0c 00 00 c3 cc cc cc cc
0x000000007a39d0e0:   48 8b 49 08 48 85 c9 74 05 e9 b2 ee fd ff 33 c0 


Stack: [0x0000000033a80000,0x0000000033b00000],  sp=0x0000000033afe438,  free space=505k
Native frames: (J=compiled Java code, j=interpreted, Vv=VM code, C=native code)
C  [awt.dll+0xdd0e0]

Java frames: (J=compiled Java code, j=interpreted, Vv=VM code)
J  sun.java2d.windows.GDIBlitLoops.nativeBlit(Lsun/java2d/SurfaceData;Lsun/java2d/SurfaceData;Lsun/java2d/pipe/Region;IIIIIIIIIZ)V
J  sun.java2d.windows.GDIBlitLoops.Blit(Lsun/java2d/SurfaceData;Lsun/java2d/SurfaceData;Ljava/awt/Composite;Lsun/java2d/pipe/Region;IIIIII)V
J  sun.java2d.pipe.DrawImage.copyImage(Lsun/java2d/SunGraphics2D;Ljava/awt/Image;IILjava/awt/Color;Ljava/awt/image/ImageObserver;)Z
J  javax.swing.RepaintManager$PaintManager.paintDoubleBuffered(Ljavax/swing/JComponent;Ljava/awt/Image;Ljava/awt/Graphics;IIII)V
J  javax.swing.RepaintManager$PaintManager.paint(Ljavax/swing/JComponent;Ljavax/swing/JComponent;Ljava/awt/Graphics;IIII)Z
j  javax.swing.RepaintManager.paint(Ljavax/swing/JComponent;Ljavax/swing/JComponent;Ljava/awt/Graphics;IIII)V+52
J  javax.swing.JComponent.paint(Ljava/awt/Graphics;)V
j  java.awt.GraphicsCallback$PaintCallback.run(Ljava/awt/Component;Ljava/awt/Graphics;)V+2
j  sun.awt.SunGraphicsCallback.runOneComponent(Ljava/awt/Component;Ljava/awt/Rectangle;Ljava/awt/Graphics;Ljava/awt/Shape;I)V+155
j  sun.awt.SunGraphicsCallback.runComponents([Ljava/awt/Component;Ljava/awt/Graphics;I)V+104
j  java.awt.Container.paint(Ljava/awt/Graphics;)V+73
J  javax.swing.RepaintManager.paintDirtyRegions(Ljava/util/Map;)V
j  javax.swing.RepaintManager.paintDirtyRegions()V+46
j  javax.swing.RepaintManager.seqPaintDirtyRegions()V+73
j  javax.swing.SystemEventQueueUtilities$ComponentWorkRequest.run()V+36
J  java.awt.event.InvocationEvent.dispatch()V
J  java.awt.EventDispatchThread.pumpOneEventForFilters(I)Z
J  java.awt.EventDispatchThread.pumpEventsForFilter(ILjava/awt/Conditional;Ljava/awt/EventFilter;)V
j  java.awt.EventDispatchThread.pumpEventsForHierarchy(ILjava/awt/Conditional;Ljava/awt/Component;)V+11
j  java.awt.EventDispatchThread.pumpEvents(ILjava/awt/Conditional;)V+4
j  java.awt.EventDispatchThread.pumpEvents(Ljava/awt/Conditional;)V+3
j  java.awt.EventDispatchThread.run()V+9
v  ~StubRoutines::call_stub

---------------  P R O C E S S  ---------------

Java Threads: ( => current thread )
  0x0000000033433c00 JavaThread "Thread-2416" [_thread_blocked, id=3632, stack(0x0000000008cb0000,0x0000000008d30000)]
  0x0000000033433000 JavaThread "Thread-2415" [_thread_blocked, id=2420, stack(0x0000000008c30000,0x0000000008cb0000)]
  0x00000000377ca000 JavaThread "Image Fetcher 0" daemon [_thread_blocked, id=6992, stack(0x0000000008f80000,0x0000000009000000)]
  0x00000000377c9800 JavaThread "Thread-654" [_thread_blocked, id=5688, stack(0x00000000089d0000,0x0000000008a50000)]
  0x00000000377c9000 JavaThread "Thread-490" [_thread_blocked, id=2564, stack(0x0000000008940000,0x00000000089c0000)]
  0x00000000377c8800 JavaThread "Thread-219" [_thread_blocked, id=5588, stack(0x0000000008bb0000,0x0000000008c30000)]
  0x00000000377c8400 JavaThread "Timer queue for AWT thread" daemon [_thread_blocked, id=6928, stack(0x0000000008b30000,0x0000000008bb0000)]
  0x00000000377c7c00 JavaThread "GC Daemon" daemon [_thread_blocked, id=7020, stack(0x000000002c000000,0x000000002c080000)]
  0x00000000377c7400 JavaThread "RMI Reaper" [_thread_blocked, id=6372, stack(0x000000002bf80000,0x000000002c000000)]
  0x00000000377c6c00 JavaThread "RMI TCP Accept-27371" daemon [_thread_in_native, id=2252, stack(0x000000002bf00000,0x000000002bf80000)]
  0x00000000377c6800 JavaThread "Thread-97" daemon [_thread_blocked, id=6408, stack(0x000000002be80000,0x000000002bf00000)]
  0x0000000033430400 JavaThread "Prefs Updater" daemon [_thread_blocked, id=636, stack(0x0000000006320000,0x00000000063a0000)]
  0x0000000033435800 JavaThread "Thread-21" [_thread_blocked, id=1856, stack(0x00000000385c0000,0x0000000038640000)]
  0x0000000033435000 JavaThread "Thread-20" [_thread_blocked, id=6736, stack(0x0000000038540000,0x00000000385c0000)]
  0x0000000033434c00 JavaThread "Thread-19" [_thread_blocked, id=2800, stack(0x00000000374f0000,0x0000000037570000)]
  0x0000000033434400 JavaThread "Thread-18" [_thread_blocked, id=6516, stack(0x0000000037470000,0x00000000374f0000)]
  0x0000000033433400 JavaThread "Thread-16" [_thread_blocked, id=4244, stack(0x0000000037370000,0x00000000373f0000)]
  0x0000000033432800 JavaThread "Active Reference Queue Daemon" daemon [_thread_blocked, id=6044, stack(0x0000000036270000,0x00000000362f0000)]
  0x0000000033430c00 JavaThread "Timer-8" daemon [_thread_blocked, id=5152, stack(0x0000000036070000,0x00000000360f0000)]
  0x0000000033432000 JavaThread "FelixPackageAdmin" daemon [_thread_blocked, id=5832, stack(0x00000000361f0000,0x0000000036270000)]
  0x0000000033431400 JavaThread "FelixStartLevel" daemon [_thread_blocked, id=2912, stack(0x0000000036170000,0x00000000361f0000)]
  0x0000000033431800 JavaThread "FelixDispatchQueue" [_thread_blocked, id=6196, stack(0x00000000360f0000,0x0000000036170000)]
  0x000000003342fc00 JavaThread "Timer-2" [_thread_blocked, id=4360, stack(0x0000000033cb0000,0x0000000033d30000)]
  0x00000000334ba400 JavaThread "Timer-1" daemon [_thread_blocked, id=4880, stack(0x0000000033c30000,0x0000000033cb0000)]
  0x000000003251a400 JavaThread "TimerQueue" daemon [_thread_blocked, id=6340, stack(0x0000000033b10000,0x0000000033b90000)]
=>0x0000000032c27000 JavaThread "AWT-EventQueue-0" [_thread_in_native, id=4728, stack(0x0000000033a80000,0x0000000033b00000)]
  0x000000003211d400 JavaThread "AWT-Windows" daemon [_thread_in_native, id=3884, stack(0x0000000032610000,0x0000000032690000)]
  0x000000003211cc00 JavaThread "AWT-Shutdown" [_thread_blocked, id=7024, stack(0x0000000032590000,0x0000000032610000)]
  0x000000003211c400 JavaThread "Java2D Disposer" daemon [_thread_blocked, id=3180, stack(0x000000002d6c0000,0x000000002d740000)]
  0x0000000031bf7000 JavaThread "Timer-0" [_thread_blocked, id=5840, stack(0x000000002bc90000,0x000000002bd10000)]
  0x0000000031ad1000 JavaThread "JMI Unnamed Thread" [_thread_in_native, id=216, stack(0x0000000006440000,0x0000000007440000)]
  0x000000002d925800 JavaThread "Low Memory Detector" daemon [_thread_blocked, id=5968, stack(0x0000000008760000,0x00000000087e0000)]
  0x000000002d922400 JavaThread "CompilerThread1" daemon [_thread_blocked, id=4104, stack(0x000000002f990000,0x0000000030990000)]
  0x000000002d91d800 JavaThread "CompilerThread0" daemon [_thread_blocked, id=4376, stack(0x000000002e990000,0x000000002f990000)]
  0x000000002d91d000 JavaThread "Attach Listener" daemon [_thread_blocked, id=3232, stack(0x00000000086e0000,0x0000000008760000)]
  0x000000002d8f6400 JavaThread "Finalizer" daemon [_thread_blocked, id=5464, stack(0x0000000007440000,0x00000000074c0000)]
  0x000000002d8efc00 JavaThread "Reference Handler" daemon [_thread_blocked, id=4952, stack(0x0000000004890000,0x0000000004910000)]
  0x0000000001721c00 JavaThread "main" [_thread_in_native, id=6896, stack(0x0000000000030000,0x0000000001030000)]

Other Threads:
  0x000000002d8e7400 VMThread [stack: 0x000000002d990000,0x000000002e990000] [id=784]
  0x000000002d94c400 WatcherThread [stack: 0x0000000030990000,0x0000000031990000] [id=6584]

VM state:not at safepoint (normal execution)

VM Mutex/Monitor currently owned by a thread: None

Heap
 PSYoungGen      total 21824K, used 4865K [0x0000000020b90000, 0x0000000022720000, 0x0000000023c90000)
  eden space 19008K, 10% used [0x0000000020b90000,0x0000000020d90668,0x0000000021e20000)
  from space 2816K, 100% used [0x0000000022200000,0x00000000224c0000,0x00000000224c0000)
  to   space 3968K, 0% used [0x0000000021e20000,0x0000000021e20000,0x0000000022200000)
 PSOldGen        total 150528K, used 114356K [0x0000000017890000, 0x0000000020b90000, 0x0000000020b90000)
  object space 150528K, 75% used [0x0000000017890000,0x000000001e83d240,0x0000000020b90000)
 PSPermGen       total 63936K, used 62665K [0x000000000f890000, 0x0000000013700000, 0x0000000017890000)
  object space 63936K, 98% used [0x000000000f890000,0x00000000135c25b8,0x0000000013700000)

Dynamic libraries:
0x0000000140000000 - 0x0000000140038000 	C:\Program Files\MATLAB\R2009b\bin\win64\MATLAB.exe
0x00000000771f0000 - 0x000000007739b000 	C:\Windows\SYSTEM32\ntdll.dll
0x00000000770d0000 - 0x00000000771ef000 	C:\Windows\system32\kernel32.dll
0x000007fefd490000 - 0x000007fefd4fb000 	C:\Windows\system32\KERNELBASE.dll
0x000000007cdb0000 - 0x000000007ceb9000 	C:\Program Files\MATLAB\R2009b\bin\win64\libut.dll
0x000007fefeb20000 - 0x000007fefeb37000 	C:\Windows\system32\imagehlp.dll
0x000007feff350000 - 0x000007feff3ef000 	C:\Windows\system32\msvcrt.dll
0x00000000773b0000 - 0x00000000773b7000 	C:\Windows\system32\PSAPI.DLL
0x000000007d620000 - 0x000000007d648000 	C:\Program Files\MATLAB\R2009b\bin\win64\LIBEXPAT.dll
0x0000000074e40000 - 0x0000000074f09000 	C:\Windows\WinSxS\amd64_microsoft.vc80.crt_1fc8b3b9a1e18e3b_8.0.50727.4927_none_88dce9872fb18caf\MSVCR80.dll
0x000000007d320000 - 0x000000007d44c000 	C:\Program Files\MATLAB\R2009b\bin\win64\icuuc40.dll
0x000007fefebc0000 - 0x000007fefec9b000 	C:\Windows\system32\ADVAPI32.dll
0x000007fefe500000 - 0x000007fefe51f000 	C:\Windows\SYSTEM32\sechost.dll
0x000007fefd520000 - 0x000007fefd64e000 	C:\Windows\system32\RPCRT4.dll
0x000000007c760000 - 0x000000007c763000 	C:\Program Files\MATLAB\R2009b\bin\win64\icudt40.dll
0x000000007c770000 - 0x000000007c780000 	C:\Program Files\MATLAB\R2009b\bin\win64\icuio40.dll
0x000000007ca60000 - 0x000000007cbb3000 	C:\Program Files\MATLAB\R2009b\bin\win64\icuin40.dll
0x0000000074d10000 - 0x0000000074e19000 	C:\Windows\WinSxS\amd64_microsoft.vc80.crt_1fc8b3b9a1e18e3b_8.0.50727.4927_none_88dce9872fb18caf\MSVCP80.dll
0x0000000076fd0000 - 0x00000000770ca000 	C:\Windows\system32\USER32.dll
0x000007fefeb50000 - 0x000007fefebb7000 	C:\Windows\system32\GDI32.dll
0x000007fefeb40000 - 0x000007fefeb4e000 	C:\Windows\system32\LPK.dll
0x000007fefeda0000 - 0x000007fefee6a000 	C:\Windows\system32\USP10.dll
0x0000000078820000 - 0x0000000078890000 	C:\Program Files\MATLAB\R2009b\bin\win64\libmwfl.dll
0x000000007e820000 - 0x000000007e82f000 	C:\Program Files\MATLAB\R2009b\bin\win64\boost_date_time-vc80-mt-1_36.dll
0x000000007e800000 - 0x000000007e816000 	C:\Program Files\MATLAB\R2009b\bin\win64\boost_signals-vc80-mt-1_36.dll
0x000000007dae0000 - 0x000000007dae9000 	C:\Program Files\MATLAB\R2009b\bin\win64\boost_system-vc80-mt-1_36.dll
0x000000007c740000 - 0x000000007c751000 	C:\Program Files\MATLAB\R2009b\bin\win64\boost_thread-vc80-mt-1_36.dll
0x000000007cf70000 - 0x000000007d1e1000 	C:\Program Files\MATLAB\R2009b\bin\win64\libmwservices.dll
0x000000007cec0000 - 0x000000007cf6f000 	C:\Program Files\MATLAB\R2009b\bin\win64\libmx.dll
0x0000000079070000 - 0x0000000079087000 	C:\Program Files\MATLAB\R2009b\bin\win64\zlib1.dll
0x000000007d1f0000 - 0x000000007d318000 	C:\Program Files\MATLAB\R2009b\bin\win64\libmwmathutil.dll
0x000000007a660000 - 0x000000007a6b8000 	C:\Program Files\MATLAB\R2009b\bin\win64\mpath.dll
0x000000007d650000 - 0x000000007d6a1000 	C:\Program Files\MATLAB\R2009b\bin\win64\mlutil.dll
0x00000000787b0000 - 0x00000000787ee000 	C:\Program Files\MATLAB\R2009b\bin\win64\tbb.dll
0x000007fef4440000 - 0x000007fef44e0000 	C:\Windows\WinSxS\amd64_microsoft.windows.common-controls_6595b64144ccf1df_5.82.7600.16661_none_a44e1fc257f685f6\COMCTL32.dll
0x000007fefe3e0000 - 0x000007fefe478000 	C:\Windows\system32\comdlg32.dll
0x000007fefe480000 - 0x000007fefe4f1000 	C:\Windows\system32\SHLWAPI.dll
0x000007fefd650000 - 0x000007fefe3d6000 	C:\Windows\system32\SHELL32.dll
0x000007fefc5e0000 - 0x000007fefc5f6000 	C:\Windows\system32\NETAPI32.dll
0x000007fefc5d0000 - 0x000007fefc5dc000 	C:\Windows\system32\netutils.dll
0x000007fefcc80000 - 0x000007fefcca3000 	C:\Windows\system32\srvcli.dll
0x000007fefc5b0000 - 0x000007fefc5c5000 	C:\Windows\system32\wkscli.dll
0x000007fefeca0000 - 0x000007fefeced000 	C:\Windows\system32\WS2_32.dll
0x000007fefecf0000 - 0x000007fefecf8000 	C:\Windows\system32\NSI.dll
0x000000007eaa0000 - 0x000000007eabd000 	C:\Program Files\MATLAB\R2009b\bin\win64\boost_filesystem-vc80-mt-1_36.dll
0x000000007acf0000 - 0x000000007ad87000 	C:\Program Files\MATLAB\R2009b\bin\win64\mcr.dll
0x000000007c780000 - 0x000000007c80c000 	C:\Program Files\MATLAB\R2009b\bin\win64\iqm.dll
0x000000007b440000 - 0x000000007bd40000 	C:\Program Files\MATLAB\R2009b\bin\win64\m_interpreter.dll
0x000000007c830000 - 0x000000007c840000 	C:\Program Files\MATLAB\R2009b\bin\win64\libmex.dll
0x000000007ab60000 - 0x000000007ac0b000 	C:\Program Files\MATLAB\R2009b\bin\win64\m_dispatcher.dll
0x000000007e720000 - 0x000000007e7ac000 	C:\Program Files\MATLAB\R2009b\bin\win64\xmlcore.dll
0x000000007a020000 - 0x000000007a2b5000 	C:\Program Files\MATLAB\R2009b\bin\win64\xerces-c_2_7.dll
0x000000007e980000 - 0x000000007ea71000 	C:\Program Files\MATLAB\R2009b\bin\win64\boost_regex-vc80-mt-1_36.dll
0x000000007aa00000 - 0x000000007aa91000 	C:\Program Files\MATLAB\R2009b\bin\win64\profiler.dll
0x000000007c8b0000 - 0x000000007c8da000 	C:\Program Files\MATLAB\R2009b\bin\win64\libmwmathrng.dll
0x0000000078fd0000 - 0x0000000078fea000 	C:\Program Files\MATLAB\R2009b\bin\win64\m_pcodeio.dll
0x000000007a610000 - 0x000000007a65d000 	C:\Program Files\MATLAB\R2009b\bin\win64\m_ir.dll
0x000000007ae40000 - 0x000000007b433000 	C:\Program Files\MATLAB\R2009b\bin\win64\m_parser.dll
0x000000007c810000 - 0x000000007c824000 	C:\Program Files\MATLAB\R2009b\bin\win64\ir_xfmr.dll
0x0000000078890000 - 0x0000000078b39000 	C:\Program Files\MATLAB\R2009b\bin\win64\mcos.dll
0x000000007c8f0000 - 0x000000007c8fc000 	C:\Program Files\MATLAB\R2009b\bin\win64\mtok.dll
0x0000000078fb0000 - 0x0000000078fd0000 	C:\Program Files\MATLAB\R2009b\bin\win64\m_pcodegen.dll
0x000007feeefd0000 - 0x000007feef0f5000 	C:\Windows\system32\dbghelp.dll
0x0000000078ec0000 - 0x0000000078ee4000 	C:\Program Files\MATLAB\R2009b\bin\win64\bridge.dll
0x000000007c3d0000 - 0x000000007c490000 	C:\Program Files\MATLAB\R2009b\bin\win64\udd.dll
0x000000007d450000 - 0x000000007d59d000 	C:\Program Files\MATLAB\R2009b\bin\win64\libmwgui.dll
0x00000000790e0000 - 0x000000007980b000 	C:\Program Files\MATLAB\R2009b\bin\win64\hg.dll
0x0000000078ef0000 - 0x0000000078f2c000 	C:\Program Files\MATLAB\R2009b\bin\win64\libmat.dll
0x000000007cbc0000 - 0x000000007cdae000 	C:\Program Files\MATLAB\R2009b\bin\win64\libhdf5.dll
0x000000007a550000 - 0x000000007a5af000 	C:\Program Files\MATLAB\R2009b\bin\win64\jmi.dll
0x000000007a490000 - 0x000000007a4d0000 	C:\Program Files\MATLAB\R2009b\bin\win64\libmwhardcopy.dll
0x000000007a5b0000 - 0x000000007a60a000 	C:\Program Files\MATLAB\R2009b\bin\win64\libuij.dll
0x0000000078680000 - 0x00000000787ab000 	C:\Program Files\MATLAB\R2009b\bin\win64\hgdatatypes.dll
0x0000000078630000 - 0x000000007867b000 	C:\Program Files\MATLAB\R2009b\bin\win64\hgutils.dll
0x0000000078f30000 - 0x0000000078fa5000 	C:\Program Files\MATLAB\R2009b\bin\win64\libmwlapack.dll
0x000000007c850000 - 0x000000007c863000 	C:\Program Files\MATLAB\R2009b\bin\win64\libmwbinder.dll
0x000000007c490000 - 0x000000007c73e000 	C:\Program Files\MATLAB\R2009b\bin\win64\uiw.dll
0x000000007c930000 - 0x000000007c93a000 	C:\Program Files\MATLAB\R2009b\bin\win64\uinone.dll
0x0000000074b70000 - 0x0000000074d0c000 	C:\Windows\WinSxS\amd64_microsoft.vc80.mfc_1fc8b3b9a1e18e3b_8.0.50727.4053_none_8444db7d32915e4c\MFC80.DLL
0x000007fef9040000 - 0x000007fef90b0000 	C:\Windows\system32\WINSPOOL.DRV
0x000007fefe910000 - 0x000007fefeb12000 	C:\Windows\system32\ole32.dll
0x000007fefe650000 - 0x000007fefe727000 	C:\Windows\system32\OLEAUT32.dll
0x000000007ad90000 - 0x000000007ae3f000 	C:\Program Files\MATLAB\R2009b\bin\win64\udd_mi.dll
0x0000000078ff0000 - 0x0000000079008000 	C:\Program Files\MATLAB\R2009b\bin\win64\mwoles05.DLL
0x000000007a990000 - 0x000000007a9fa000 	C:\Program Files\MATLAB\R2009b\bin\win64\comcli.dll
0x0000000074700000 - 0x0000000074720000 	C:\Windows\WinSxS\amd64_microsoft.vc80.atl_1fc8b3b9a1e18e3b_8.0.50727.4053_none_8a1a02152edb659b\ATL80.DLL
0x000000007c8e0000 - 0x000000007c8ee000 	C:\Program Files\MATLAB\R2009b\bin\win64\mlautoregister.dll
0x000007fefcfe0000 - 0x000007fefd037000 	C:\Windows\system32\apphelp.dll
0x000007fef8330000 - 0x000007fef8381000 	C:\Windows\AppPatch\AppPatch64\AcGenral.DLL
0x000007fefcfb0000 - 0x000007fefcfd5000 	C:\Windows\system32\SspiCli.dll
0x00000000744b0000 - 0x00000000744b3000 	C:\Windows\system32\sfc.dll
0x000007fef9b10000 - 0x000007fef9b20000 	C:\Windows\system32\sfc_os.DLL
0x000007fefc610000 - 0x000007fefc62e000 	C:\Windows\system32\USERENV.dll
0x000007fefd150000 - 0x000007fefd15f000 	C:\Windows\system32\profapi.dll
0x000007fefb3c0000 - 0x000007fefb3d8000 	C:\Windows\system32\dwmapi.dll
0x000007fef8190000 - 0x000007fef81a8000 	C:\Windows\system32\MPR.dll
0x000007fefeef0000 - 0x000007fefef1e000 	C:\Windows\system32\IMM32.DLL
0x000007feff3f0000 - 0x000007feff4f9000 	C:\Windows\system32\MSCTF.dll
0x0000000074b60000 - 0x0000000074b6d000 	C:\Windows\WinSxS\amd64_microsoft.vc80.mfcloc_1fc8b3b9a1e18e3b_8.0.50727.4053_none_bc1d1e5b0be08790\MFC80ENU.DLL
0x000007fefb950000 - 0x000007fefb9a6000 	C:\Windows\system32\uxtheme.dll
0x0000000180000000 - 0x0000000180045000 	C:\Program Files\Dell\Dell ControlPoint\System Manager\cbthook64.dll
0x000007fef1c20000 - 0x000007fef1c74000 	C:\Windows\system32\OLEACC.dll
0x0000000074e30000 - 0x0000000074e33000 	C:\Windows\system32\icmp.Dll
0x000007fefa860000 - 0x000007fefa887000 	C:\Windows\system32\iphlpapi.DLL
0x000007fefa850000 - 0x000007fefa85b000 	C:\Windows\system32\WINNSI.DLL
0x000007fefb070000 - 0x000007fefb085000 	C:\Windows\system32\NLAapi.dll
0x000007fefc980000 - 0x000007fefc9d4000 	C:\Windows\System32\mswsock.dll
0x000007fefc800000 - 0x000007fefc85b000 	C:\Windows\system32\DNSAPI.dll
0x000007fef8a50000 - 0x000007fef8a5b000 	C:\Windows\System32\winrnr.dll
0x000007fef8a30000 - 0x000007fef8a45000 	C:\Windows\system32\napinsp.dll
0x000007fef8a10000 - 0x000007fef8a29000 	C:\Windows\system32\pnrpnsp.dll
0x000007fefa3c0000 - 0x000007fefa413000 	C:\Windows\System32\fwpuclnt.dll
0x000007fef9440000 - 0x000007fef9448000 	C:\Windows\system32\rasadhlp.dll
0x000007fefc220000 - 0x000007fefc227000 	C:\Windows\System32\wshtcpip.dll
0x000007fefa390000 - 0x000007fefa3a1000 	C:\Windows\system32\dhcpcsvc6.DLL
0x000007fefa370000 - 0x000007fefa388000 	C:\Windows\system32\dhcpcsvc.DLL
0x000007fefd040000 - 0x000007fefd04f000 	C:\Windows\system32\CRYPTBASE.dll
0x000000006d7f0000 - 0x000000006dda8000 	C:\Program Files\MATLAB\R2009b\sys\java\jre\win64\jre\bin\server\jvm.dll
0x000007fefb090000 - 0x000007fefb0cb000 	C:\Windows\system32\WINMM.dll
0x000000007ab10000 - 0x000000007ab1a000 	C:\Program Files\MATLAB\R2009b\sys\java\jre\win64\jre\bin\hpi.dll
0x000000007ab30000 - 0x000000007ab3e000 	C:\Program Files\MATLAB\R2009b\sys\java\jre\win64\jre\bin\verify.dll
0x0000000079090000 - 0x00000000790b7000 	C:\Program Files\MATLAB\R2009b\sys\java\jre\win64\jre\bin\java.dll
0x000000007ab40000 - 0x000000007ab52000 	C:\Program Files\MATLAB\R2009b\sys\java\jre\win64\jre\bin\zip.dll
0x0000000079010000 - 0x0000000079032000 	C:\Program Files\MATLAB\R2009b\bin\win64\nativejava.dll
0x0000000079040000 - 0x000000007906b000 	C:\Program Files\MATLAB\R2009b\bin\win64\nativejmi.dll
0x000000007c920000 - 0x000000007c927000 	C:\Program Files\MATLAB\R2009b\bin\win64\nativeservices.dll
0x000000007a2c0000 - 0x000000007a482000 	C:\Program Files\MATLAB\R2009b\sys\java\jre\win64\jre\bin\awt.dll
0x000000007ac10000 - 0x000000007ac7b000 	C:\Program Files\MATLAB\R2009b\sys\java\jre\win64\jre\bin\fontmanager.dll

VM Arguments:
jvm_args: -Xss512k -XX:PermSize=32m -Xms64m -XX:NewRatio=3 -XX:MaxPermSize=128m -Xmx196m -XX:MaxDirectMemorySize=2147400000 -Dsun.java2d.noddraw=true -Dsun.awt.nopixfmt=true -Xshare:off -Xrs -Djava.library.path=C:\Program Files\MATLAB\R2009b\bin\win64 vfprintf abort 
java_command: <unknown>
Launcher Type: generic

Environment Variables:
PATH=C:\Program Files\ImageMagick-6.6.6-Q16;C:\Windows\system32;C:\Windows;C:\Windows\System32\Wbem;C:\Windows\System32\WindowsPowerShell\v1.0\;C:\Program Files (x86)\NTRU Cryptosystems\NTRU TCG Software Stack\bin\;C:\Program Files\NTRU Cryptosystems\NTRU TCG Software Stack\bin\;C:\Program Files\Wave Systems Corp\Gemalto\Access Client\v5\;C:\Program Files\MATLAB\R2009b\runtime\win64;C:\Program Files\MATLAB\R2009b\bin;C:\Program Files (x86)\Microsoft SQL Server\90\Tools\binn\;C:\python26\;C:\mksnt;C:\Program Files (x86)\CMake 2.8\bin
USERNAME=aaronh
OS=Windows_NT
PROCESSOR_IDENTIFIER=Intel64 Family 6 Model 26 Stepping 5, GenuineIntel



---------------  S Y S T E M  ---------------

OS: Windows NT 6.1 Build 7600 

CPU:total 8 (8 cores per cpu, 2 threads per core) family 6 model 10 stepping 5, cmov, cx8, fxsr, mmx, sse, sse2, sse3, ssse3, ht

Memory: 4k page, physical 25163348k(20479664k free), swap 50324796k(46259464k free)

vm_info: Java HotSpot(TM) 64-Bit Server VM (11.2-b01) for windows-amd64 JRE (1.6.0_12-b04), built on Jan 17 2009 01:49:05 by "java_re" with MS VC++ 8.0

time: Wed Feb 09 16:55:24 2011
elapsed time: 94055 seconds

