#
# An unexpected error has been detected by Java Runtime Environment:
#
#  EXCEPTION_ACCESS_VIOLATION (0xc0000005) at pc=0x000000007a39d0e0, pid=3112, tid=6716
#
# Java VM: Java HotSpot(TM) 64-Bit Server VM (11.2-b01 mixed mode windows-amd64)
# Problematic frame:
# C  [awt.dll+0xdd0e0]
#
# If you would like to submit a bug report, please visit:
#   http://java.sun.com/webapps/bugreport/crash.jsp
# The crash happened outside the Java Virtual Machine in native code.
# See problematic frame for where to report the bug.
#

---------------  T H R E A D  ---------------

Current thread (0x000000000f356000):  JavaThread "AWT-EventQueue-0" [_thread_in_native, id=6716, stack(0x00000000337e0000,0x0000000033860000)]

siginfo: ExceptionCode=0xc0000005, reading address 0x0000000000000008

Registers:
EAX=0x000000000000000d, EBX=0x000000000f3561c0, ECX=0x0000000000000000, EDX=0xffffffffb2011e61
ESP=0x000000003385e3a8, EBP=0x0000000034feba80, ESI=0x000000000f3561c0, EDI=0x000000003985fca0
EIP=0x000000007a39d0e0, EFLAGS=0x0000000000010206

Top of Stack: (sp=0x000000003385e3a8)
0x000000003385e3a8:   000000007a345acc 0000000000000000
0x000000003385e3b8:   000000000f3561c0 0000000034feba80
0x000000003385e3c8:   000000000f3561c0 0000000000000000
0x000000003385e3d8:   000000000f3561c0 0000000000000101
0x000000003385e3e8:   000000007a323810 000000000f3561c0
0x000000003385e3f8:   000000003385eac8 000000003385eb40
0x000000003385e408:   0000000034feba80 0000000013db3b1f
0x000000003385e418:   000000007a342381 00000000144440d8
0x000000003385e428:   000000003385eb38 00000000200e8d48
0x000000003385e438:   000000003385eb40 000000003385e470
0x000000003385e448:   000000001bcaf6b8 0000000010340cb0
0x000000003385e458:   00000000243442e8 000000001bca60a8
0x000000003385e468:   000000001034101c 000000003385e578
0x000000003385e478:   0000000010431b50 0000000000000000
0x000000003385e488:   0000000000000017 000000001bc9c288
0x000000003385e498:   000000001bc9c288 0000000013db3c70 

Instructions: (pc=0x000000007a39d0e0)
0x000000007a39d0d0:   48 8b 41 08 48 8b 80 18 0c 00 00 c3 cc cc cc cc
0x000000007a39d0e0:   48 8b 49 08 48 85 c9 74 05 e9 b2 ee fd ff 33 c0 


Stack: [0x00000000337e0000,0x0000000033860000],  sp=0x000000003385e3a8,  free space=504k
Native frames: (J=compiled Java code, j=interpreted, Vv=VM code, C=native code)
C  [awt.dll+0xdd0e0]

Java frames: (J=compiled Java code, j=interpreted, Vv=VM code)
j  sun.java2d.windows.GDIBlitLoops.nativeBlit(Lsun/java2d/SurfaceData;Lsun/java2d/SurfaceData;Lsun/java2d/pipe/Region;IIIIIIIIIZ)V+0
j  sun.java2d.windows.GDIBlitLoops.Blit(Lsun/java2d/SurfaceData;Lsun/java2d/SurfaceData;Ljava/awt/Composite;Lsun/java2d/pipe/Region;IIIIII)V+33
J  sun.java2d.pipe.DrawImage.copyImage(Lsun/java2d/SunGraphics2D;Ljava/awt/Image;IILjava/awt/Color;Ljava/awt/image/ImageObserver;)Z
J  sun.java2d.SunGraphics2D.drawImage(Ljava/awt/Image;IILjava/awt/Color;Ljava/awt/image/ImageObserver;)Z
J  javax.swing.RepaintManager$PaintManager.paintDoubleBuffered(Ljavax/swing/JComponent;Ljava/awt/Image;Ljava/awt/Graphics;IIII)V
J  javax.swing.RepaintManager$PaintManager.paint(Ljavax/swing/JComponent;Ljavax/swing/JComponent;Ljava/awt/Graphics;IIII)Z
J  javax.swing.JComponent.paint(Ljava/awt/Graphics;)V
j  java.awt.GraphicsCallback$PaintCallback.run(Ljava/awt/Component;Ljava/awt/Graphics;)V+2
j  sun.awt.SunGraphicsCallback.runOneComponent(Ljava/awt/Component;Ljava/awt/Rectangle;Ljava/awt/Graphics;Ljava/awt/Shape;I)V+155
j  sun.awt.SunGraphicsCallback.runComponents([Ljava/awt/Component;Ljava/awt/Graphics;I)V+104
j  java.awt.Container.paint(Ljava/awt/Graphics;)V+73
J  javax.swing.RepaintManager.paintDirtyRegions(Ljava/util/Map;)V
j  javax.swing.RepaintManager.paintDirtyRegions()V+46
j  javax.swing.RepaintManager.seqPaintDirtyRegions()V+73
j  javax.swing.SystemEventQueueUtilities$ComponentWorkRequest.run()V+36
J  java.awt.event.InvocationEvent.dispatch()V
J  java.awt.EventDispatchThread.pumpOneEventForFilters(I)Z
J  java.awt.EventDispatchThread.pumpEventsForFilter(ILjava/awt/Conditional;Ljava/awt/EventFilter;)V
j  java.awt.EventDispatchThread.pumpEventsForHierarchy(ILjava/awt/Conditional;Ljava/awt/Component;)V+11
j  java.awt.EventDispatchThread.pumpEvents(ILjava/awt/Conditional;)V+4
j  java.awt.EventDispatchThread.pumpEvents(Ljava/awt/Conditional;)V+3
j  java.awt.EventDispatchThread.run()V+9
v  ~StubRoutines::call_stub

---------------  P R O C E S S  ---------------

Java Threads: ( => current thread )
  0x000000000e99a400 JavaThread "Prefs Updater" daemon [_thread_blocked, id=4916, stack(0x0000000008f20000,0x0000000008fa0000)]
  0x000000000e9a0000 JavaThread "Thread-21" [_thread_blocked, id=3916, stack(0x0000000034380000,0x0000000034400000)]
  0x000000000e99fc00 JavaThread "Thread-20" [_thread_blocked, id=4628, stack(0x0000000034300000,0x0000000034380000)]
  0x000000000e99f400 JavaThread "Thread-19" [_thread_blocked, id=5932, stack(0x0000000034280000,0x0000000034300000)]
  0x000000000e99ec00 JavaThread "Thread-18" [_thread_blocked, id=1188, stack(0x0000000034200000,0x0000000034280000)]
  0x000000000e99e400 JavaThread "Thread-17" [_thread_blocked, id=2936, stack(0x0000000034180000,0x0000000034200000)]
  0x000000000e99e000 JavaThread "Thread-16" [_thread_blocked, id=6592, stack(0x0000000034100000,0x0000000034180000)]
  0x000000000e99d800 JavaThread "Thread-15" [_thread_blocked, id=6336, stack(0x0000000034080000,0x0000000034100000)]
  0x000000000e99d000 JavaThread "Thread-14" [_thread_blocked, id=2020, stack(0x0000000034000000,0x0000000034080000)]
  0x000000000e99c800 JavaThread "Active Reference Queue Daemon" daemon [_thread_blocked, id=4152, stack(0x0000000033f80000,0x0000000034000000)]
  0x000000000e99c400 JavaThread "Timer-7" daemon [_thread_blocked, id=5720, stack(0x0000000033f00000,0x0000000033f80000)]
  0x000000000e99ac00 JavaThread "FelixPackageAdmin" daemon [_thread_blocked, id=4816, stack(0x0000000033e80000,0x0000000033f00000)]
  0x000000000e99bc00 JavaThread "FelixStartLevel" daemon [_thread_blocked, id=4496, stack(0x0000000033e00000,0x0000000033e80000)]
  0x000000000e99b400 JavaThread "FelixDispatchQueue" [_thread_blocked, id=6672, stack(0x0000000033d80000,0x0000000033e00000)]
  0x000000000e99a000 JavaThread "Timer-2" [_thread_blocked, id=6544, stack(0x0000000033a10000,0x0000000033a90000)]
  0x0000000034e77000 JavaThread "Timer-1" daemon [_thread_blocked, id=5424, stack(0x0000000033990000,0x0000000033a10000)]
  0x000000000f1fbc00 JavaThread "TimerQueue" daemon [_thread_blocked, id=1436, stack(0x0000000033870000,0x00000000338f0000)]
=>0x000000000f356000 JavaThread "AWT-EventQueue-0" [_thread_in_native, id=6716, stack(0x00000000337e0000,0x0000000033860000)]
  0x000000000f19f800 JavaThread "AWT-Windows" daemon [_thread_in_native, id=1288, stack(0x000000000f4f0000,0x000000000f570000)]
  0x000000000f19f000 JavaThread "AWT-Shutdown" [_thread_blocked, id=5176, stack(0x000000000f470000,0x000000000f4f0000)]
  0x000000000f19e800 JavaThread "Java2D Disposer" daemon [_thread_blocked, id=6164, stack(0x000000000f3f0000,0x000000000f470000)]
  0x000000000e9adc00 JavaThread "Timer-0" [_thread_blocked, id=5784, stack(0x000000000e610000,0x000000000e690000)]
  0x000000000e909c00 JavaThread "JMI Unnamed Thread" [_thread_in_native, id=5820, stack(0x0000000007f20000,0x0000000008f20000)]
  0x000000002f5a3000 JavaThread "Low Memory Detector" daemon [_thread_blocked, id=5704, stack(0x000000000e590000,0x000000000e610000)]
  0x000000002f58bc00 JavaThread "CompilerThread1" daemon [_thread_blocked, id=4932, stack(0x0000000031600000,0x0000000032600000)]
  0x000000002f58b400 JavaThread "CompilerThread0" daemon [_thread_blocked, id=6224, stack(0x0000000030600000,0x0000000031600000)]
  0x000000002f58ac00 JavaThread "Attach Listener" daemon [_thread_blocked, id=4192, stack(0x000000000a460000,0x000000000a4e0000)]
  0x000000000160f800 JavaThread "Finalizer" daemon [_thread_blocked, id=3616, stack(0x000000000a3e0000,0x000000000a460000)]
  0x000000000160f000 JavaThread "Reference Handler" daemon [_thread_blocked, id=6220, stack(0x00000000092b0000,0x0000000009330000)]
  0x00000000016fe400 JavaThread "main" [_thread_in_native, id=2356, stack(0x0000000000030000,0x0000000001030000)]

Other Threads:
  0x000000000160e400 VMThread [stack: 0x000000002f600000,0x0000000030600000] [id=6832]
  0x000000002f5c7800 WatcherThread [stack: 0x0000000032600000,0x0000000033600000] [id=1824]

VM state:not at safepoint (normal execution)

VM Mutex/Monitor currently owned by a thread: None

Heap
 PSYoungGen      total 15808K, used 292K [0x0000000024300000, 0x00000000263a0000, 0x0000000027400000)
  eden space 15488K, 1% used [0x0000000024300000,0x0000000024349268,0x0000000025220000)
  from space 320K, 0% used [0x0000000025260000,0x0000000025260000,0x00000000252b0000)
  to   space 8960K, 0% used [0x0000000025ae0000,0x0000000025ae0000,0x00000000263a0000)
 PSOldGen        total 140224K, used 82884K [0x000000001b000000, 0x00000000238f0000, 0x0000000024300000)
  object space 140224K, 59% used [0x000000001b000000,0x00000000200f12f0,0x00000000238f0000)
 PSPermGen       total 100352K, used 54560K [0x0000000013000000, 0x0000000019200000, 0x000000001b000000)
  object space 100352K, 54% used [0x0000000013000000,0x0000000016548160,0x0000000019200000)

Dynamic libraries:
0x0000000140000000 - 0x0000000140038000 	C:\Program Files\MATLAB\R2009b\bin\win64\MATLAB.exe
0x0000000077ab0000 - 0x0000000077c5b000 	C:\Windows\SYSTEM32\ntdll.dll
0x0000000077890000 - 0x00000000779af000 	C:\Windows\system32\kernel32.dll
0x000007fefdc00000 - 0x000007fefdc6b000 	C:\Windows\system32\KERNELBASE.dll
0x000000007cdb0000 - 0x000000007ceb9000 	C:\Program Files\MATLAB\R2009b\bin\win64\libut.dll
0x000007feffc70000 - 0x000007feffc87000 	C:\Windows\system32\imagehlp.dll
0x000007fefe770000 - 0x000007fefe80f000 	C:\Windows\system32\msvcrt.dll
0x0000000077c70000 - 0x0000000077c77000 	C:\Windows\system32\PSAPI.DLL
0x000000007d620000 - 0x000000007d648000 	C:\Program Files\MATLAB\R2009b\bin\win64\LIBEXPAT.dll
0x0000000075710000 - 0x00000000757d9000 	C:\Windows\WinSxS\amd64_microsoft.vc80.crt_1fc8b3b9a1e18e3b_8.0.50727.4927_none_88dce9872fb18caf\MSVCR80.dll
0x000000007d320000 - 0x000000007d44c000 	C:\Program Files\MATLAB\R2009b\bin\win64\icuuc40.dll
0x000007fefdde0000 - 0x000007fefdebb000 	C:\Windows\system32\ADVAPI32.dll
0x000007fefe960000 - 0x000007fefe97f000 	C:\Windows\SYSTEM32\sechost.dll
0x000007feffc90000 - 0x000007feffdbe000 	C:\Windows\system32\RPCRT4.dll
0x000000007c760000 - 0x000000007c763000 	C:\Program Files\MATLAB\R2009b\bin\win64\icudt40.dll
0x000000007c770000 - 0x000000007c780000 	C:\Program Files\MATLAB\R2009b\bin\win64\icuio40.dll
0x000000007ca60000 - 0x000000007cbb3000 	C:\Program Files\MATLAB\R2009b\bin\win64\icuin40.dll
0x0000000075580000 - 0x0000000075689000 	C:\Windows\WinSxS\amd64_microsoft.vc80.crt_1fc8b3b9a1e18e3b_8.0.50727.4927_none_88dce9872fb18caf\MSVCP80.dll
0x00000000779b0000 - 0x0000000077aaa000 	C:\Windows\system32\USER32.dll
0x000007fefe8f0000 - 0x000007fefe957000 	C:\Windows\system32\GDI32.dll
0x000007fefdfd0000 - 0x000007fefdfde000 	C:\Windows\system32\LPK.dll
0x000007fefe650000 - 0x000007fefe71a000 	C:\Windows\system32\USP10.dll
0x0000000078820000 - 0x0000000078890000 	C:\Program Files\MATLAB\R2009b\bin\win64\libmwfl.dll
0x000000007e820000 - 0x000000007e82f000 	C:\Program Files\MATLAB\R2009b\bin\win64\boost_date_time-vc80-mt-1_36.dll
0x000000007e800000 - 0x000000007e816000 	C:\Program Files\MATLAB\R2009b\bin\win64\boost_signals-vc80-mt-1_36.dll
0x000000007dae0000 - 0x000000007dae9000 	C:\Program Files\MATLAB\R2009b\bin\win64\boost_system-vc80-mt-1_36.dll
0x000000007c740000 - 0x000000007c751000 	C:\Program Files\MATLAB\R2009b\bin\win64\boost_thread-vc80-mt-1_36.dll
0x000000007cf70000 - 0x000000007d1e1000 	C:\Program Files\MATLAB\R2009b\bin\win64\libmwservices.dll
0x000000007cec0000 - 0x000000007cf6f000 	C:\Program Files\MATLAB\R2009b\bin\win64\libmx.dll
0x0000000079070000 - 0x0000000079087000 	C:\Program Files\MATLAB\R2009b\bin\win64\zlib1.dll
0x000000007d1f0000 - 0x000000007d318000 	C:\Program Files\MATLAB\R2009b\bin\win64\libmwmathutil.dll
0x000000007a660000 - 0x000000007a6b8000 	C:\Program Files\MATLAB\R2009b\bin\win64\mpath.dll
0x000000007d650000 - 0x000000007d6a1000 	C:\Program Files\MATLAB\R2009b\bin\win64\mlutil.dll
0x00000000787b0000 - 0x00000000787ee000 	C:\Program Files\MATLAB\R2009b\bin\win64\tbb.dll
0x000007fef7590000 - 0x000007fef7630000 	C:\Windows\WinSxS\amd64_microsoft.windows.common-controls_6595b64144ccf1df_5.82.7600.16661_none_a44e1fc257f685f6\COMCTL32.dll
0x000007fefeac0000 - 0x000007fefeb58000 	C:\Windows\system32\comdlg32.dll
0x000007fefeb60000 - 0x000007fefebd1000 	C:\Windows\system32\SHLWAPI.dll
0x000007fefebe0000 - 0x000007feff966000 	C:\Windows\system32\SHELL32.dll
0x000007fefcea0000 - 0x000007fefceb6000 	C:\Windows\system32\NETAPI32.dll
0x000007fefce90000 - 0x000007fefce9c000 	C:\Windows\system32\netutils.dll
0x000007fefd640000 - 0x000007fefd663000 	C:\Windows\system32\srvcli.dll
0x000007fefce70000 - 0x000007fefce85000 	C:\Windows\system32\wkscli.dll
0x000007fefe160000 - 0x000007fefe1ad000 	C:\Windows\system32\WS2_32.dll
0x000007fefeab0000 - 0x000007fefeab8000 	C:\Windows\system32\NSI.dll
0x000000007eaa0000 - 0x000000007eabd000 	C:\Program Files\MATLAB\R2009b\bin\win64\boost_filesystem-vc80-mt-1_36.dll
0x000000007acf0000 - 0x000000007ad87000 	C:\Program Files\MATLAB\R2009b\bin\win64\mcr.dll
0x000000007c780000 - 0x000000007c80c000 	C:\Program Files\MATLAB\R2009b\bin\win64\iqm.dll
0x000000007b440000 - 0x000000007bd40000 	C:\Program Files\MATLAB\R2009b\bin\win64\m_interpreter.dll
0x000000007c830000 - 0x000000007c840000 	C:\Program Files\MATLAB\R2009b\bin\win64\libmex.dll
0x000000007ab60000 - 0x000000007ac0b000 	C:\Program Files\MATLAB\R2009b\bin\win64\m_dispatcher.dll
0x000000007e720000 - 0x000000007e7ac000 	C:\Program Files\MATLAB\R2009b\bin\win64\xmlcore.dll
0x000000007a020000 - 0x000000007a2b5000 	C:\Program Files\MATLAB\R2009b\bin\win64\xerces-c_2_7.dll
0x000000007e980000 - 0x000000007ea71000 	C:\Program Files\MATLAB\R2009b\bin\win64\boost_regex-vc80-mt-1_36.dll
0x000000007aa00000 - 0x000000007aa91000 	C:\Program Files\MATLAB\R2009b\bin\win64\profiler.dll
0x000000007c8b0000 - 0x000000007c8da000 	C:\Program Files\MATLAB\R2009b\bin\win64\libmwmathrng.dll
0x0000000078fd0000 - 0x0000000078fea000 	C:\Program Files\MATLAB\R2009b\bin\win64\m_pcodeio.dll
0x000000007a610000 - 0x000000007a65d000 	C:\Program Files\MATLAB\R2009b\bin\win64\m_ir.dll
0x000000007ae40000 - 0x000000007b433000 	C:\Program Files\MATLAB\R2009b\bin\win64\m_parser.dll
0x000000007c810000 - 0x000000007c824000 	C:\Program Files\MATLAB\R2009b\bin\win64\ir_xfmr.dll
0x0000000078890000 - 0x0000000078b39000 	C:\Program Files\MATLAB\R2009b\bin\win64\mcos.dll
0x000000007c8f0000 - 0x000000007c8fc000 	C:\Program Files\MATLAB\R2009b\bin\win64\mtok.dll
0x0000000078fb0000 - 0x0000000078fd0000 	C:\Program Files\MATLAB\R2009b\bin\win64\m_pcodegen.dll
0x000007fef7c60000 - 0x000007fef7d85000 	C:\Windows\system32\dbghelp.dll
0x0000000078ec0000 - 0x0000000078ee4000 	C:\Program Files\MATLAB\R2009b\bin\win64\bridge.dll
0x000000007c3d0000 - 0x000000007c490000 	C:\Program Files\MATLAB\R2009b\bin\win64\udd.dll
0x000000007d450000 - 0x000000007d59d000 	C:\Program Files\MATLAB\R2009b\bin\win64\libmwgui.dll
0x00000000790e0000 - 0x000000007980b000 	C:\Program Files\MATLAB\R2009b\bin\win64\hg.dll
0x0000000078ef0000 - 0x0000000078f2c000 	C:\Program Files\MATLAB\R2009b\bin\win64\libmat.dll
0x000000007cbc0000 - 0x000000007cdae000 	C:\Program Files\MATLAB\R2009b\bin\win64\libhdf5.dll
0x000000007a550000 - 0x000000007a5af000 	C:\Program Files\MATLAB\R2009b\bin\win64\jmi.dll
0x000000007a490000 - 0x000000007a4d0000 	C:\Program Files\MATLAB\R2009b\bin\win64\libmwhardcopy.dll
0x000000007a5b0000 - 0x000000007a60a000 	C:\Program Files\MATLAB\R2009b\bin\win64\libuij.dll
0x0000000078680000 - 0x00000000787ab000 	C:\Program Files\MATLAB\R2009b\bin\win64\hgdatatypes.dll
0x0000000078630000 - 0x000000007867b000 	C:\Program Files\MATLAB\R2009b\bin\win64\hgutils.dll
0x0000000078f30000 - 0x0000000078fa5000 	C:\Program Files\MATLAB\R2009b\bin\win64\libmwlapack.dll
0x000000007c850000 - 0x000000007c863000 	C:\Program Files\MATLAB\R2009b\bin\win64\libmwbinder.dll
0x000000007c490000 - 0x000000007c73e000 	C:\Program Files\MATLAB\R2009b\bin\win64\uiw.dll
0x000000007c930000 - 0x000000007c93a000 	C:\Program Files\MATLAB\R2009b\bin\win64\uinone.dll
0x00000000753e0000 - 0x000000007557c000 	C:\Windows\WinSxS\amd64_microsoft.vc80.mfc_1fc8b3b9a1e18e3b_8.0.50727.4053_none_8444db7d32915e4c\MFC80.DLL
0x000007fef9ab0000 - 0x000007fef9b20000 	C:\Windows\system32\WINSPOOL.DRV
0x000007fefe260000 - 0x000007fefe462000 	C:\Windows\system32\ole32.dll
0x000007fefe810000 - 0x000007fefe8e7000 	C:\Windows\system32\OLEAUT32.dll
0x000000007ad90000 - 0x000000007ae3f000 	C:\Program Files\MATLAB\R2009b\bin\win64\udd_mi.dll
0x0000000078ff0000 - 0x0000000079008000 	C:\Program Files\MATLAB\R2009b\bin\win64\mwoles05.DLL
0x000000007a990000 - 0x000000007a9fa000 	C:\Program Files\MATLAB\R2009b\bin\win64\comcli.dll
0x0000000074fc0000 - 0x0000000074fe0000 	C:\Windows\WinSxS\amd64_microsoft.vc80.atl_1fc8b3b9a1e18e3b_8.0.50727.4053_none_8a1a02152edb659b\ATL80.DLL
0x000000007c8e0000 - 0x000000007c8ee000 	C:\Program Files\MATLAB\R2009b\bin\win64\mlautoregister.dll
0x000007fefe230000 - 0x000007fefe25e000 	C:\Windows\system32\IMM32.DLL
0x000007fefdec0000 - 0x000007fefdfc9000 	C:\Windows\system32\MSCTF.dll
0x00000000756e0000 - 0x00000000756ed000 	C:\Windows\WinSxS\amd64_microsoft.vc80.mfcloc_1fc8b3b9a1e18e3b_8.0.50727.4053_none_bc1d1e5b0be08790\MFC80ENU.DLL
0x000007fefda10000 - 0x000007fefda1f000 	C:\Windows\system32\profapi.dll
0x000007fefd940000 - 0x000007fefd94f000 	C:\Windows\system32\CRYPTBASE.dll
0x000007fefc4f0000 - 0x000007fefc546000 	C:\Windows\system32\uxtheme.dll
0x000007fefbc10000 - 0x000007fefbe04000 	C:\Windows\WinSxS\amd64_microsoft.windows.common-controls_6595b64144ccf1df_6.0.7600.16661_none_fa62ad231704eab7\comctl32.dll
0x000007fefe470000 - 0x000007fefe647000 	C:\Windows\system32\SETUPAPI.dll
0x000007fefdac0000 - 0x000007fefdaf6000 	C:\Windows\system32\CFGMGR32.dll
0x000007fefdbe0000 - 0x000007fefdbfa000 	C:\Windows\system32\DEVOBJ.dll
0x000007feffbd0000 - 0x000007feffc69000 	C:\Windows\system32\CLBCatQ.DLL
0x000007fefc240000 - 0x000007fefc36c000 	C:\Windows\system32\propsys.dll
0x000007fefc9e0000 - 0x000007fefca0d000 	C:\Windows\system32\ntmarta.dll
0x000007fefe720000 - 0x000007fefe770000 	C:\Windows\system32\WLDAP32.dll
0x00000000736f0000 - 0x00000000736f3000 	C:\Windows\system32\icmp.Dll
0x000007fefb440000 - 0x000007fefb467000 	C:\Windows\system32\iphlpapi.DLL
0x000007fefb430000 - 0x000007fefb43b000 	C:\Windows\system32\WINNSI.DLL
0x000007fefd8b0000 - 0x000007fefd8d5000 	C:\Windows\system32\SspiCli.dll
0x000007fefc070000 - 0x000007fefc085000 	C:\Windows\system32\NLAapi.dll
0x000007fefd240000 - 0x000007fefd294000 	C:\Windows\System32\mswsock.dll
0x000007fefd0c0000 - 0x000007fefd11b000 	C:\Windows\system32\DNSAPI.dll
0x000007fefac30000 - 0x000007fefac3b000 	C:\Windows\System32\winrnr.dll
0x000007fefa280000 - 0x000007fefa295000 	C:\Windows\system32\napinsp.dll
0x000007fefa240000 - 0x000007fefa259000 	C:\Windows\system32\pnrpnsp.dll
0x000007fefacf0000 - 0x000007fefad43000 	C:\Windows\System32\fwpuclnt.dll
0x000007fefac40000 - 0x000007fefac48000 	C:\Windows\system32\rasadhlp.dll
0x000007fefcae0000 - 0x000007fefcae7000 	C:\Windows\System32\wshtcpip.dll
0x000007fefacc0000 - 0x000007fefacd1000 	C:\Windows\system32\dhcpcsvc6.DLL
0x000007fefaca0000 - 0x000007fefacb8000 	C:\Windows\system32\dhcpcsvc.DLL
0x000000006d7f0000 - 0x000000006dda8000 	C:\Program Files\MATLAB\R2009b\sys\java\jre\win64\jre\bin\server\jvm.dll
0x000007fefb860000 - 0x000007fefb89b000 	C:\Windows\system32\WINMM.dll
0x000007fefb770000 - 0x000007fefb788000 	C:\Windows\system32\dwmapi.dll
0x000000007ab10000 - 0x000000007ab1a000 	C:\Program Files\MATLAB\R2009b\sys\java\jre\win64\jre\bin\hpi.dll
0x000000007ab30000 - 0x000000007ab3e000 	C:\Program Files\MATLAB\R2009b\sys\java\jre\win64\jre\bin\verify.dll
0x0000000079090000 - 0x00000000790b7000 	C:\Program Files\MATLAB\R2009b\sys\java\jre\win64\jre\bin\java.dll
0x000000007ab40000 - 0x000000007ab52000 	C:\Program Files\MATLAB\R2009b\sys\java\jre\win64\jre\bin\zip.dll
0x0000000079010000 - 0x0000000079032000 	C:\Program Files\MATLAB\R2009b\bin\win64\nativejava.dll
0x0000000079040000 - 0x000000007906b000 	C:\Program Files\MATLAB\R2009b\bin\win64\nativejmi.dll
0x000000007c920000 - 0x000000007c927000 	C:\Program Files\MATLAB\R2009b\bin\win64\nativeservices.dll
0x000000007a2c0000 - 0x000000007a482000 	C:\Program Files\MATLAB\R2009b\sys\java\jre\win64\jre\bin\awt.dll
0x000000007ac10000 - 0x000000007ac7b000 	C:\Program Files\MATLAB\R2009b\sys\java\jre\win64\jre\bin\fontmanager.dll

VM Arguments:
jvm_args: -Xss512k -XX:PermSize=32m -Xms64m -XX:NewRatio=3 -XX:MaxPermSize=128m -Xmx196m -XX:MaxDirectMemorySize=2147400000 -Dsun.java2d.noddraw=true -Dsun.awt.nopixfmt=true -Xshare:off -Xrs -Djava.library.path=C:\Program Files\MATLAB\R2009b\bin\win64 vfprintf abort 
java_command: <unknown>
Launcher Type: generic

Environment Variables:
PATH=C:\Windows\system32;C:\Windows;C:\Windows\System32\Wbem;C:\Windows\System32\WindowsPowerShell\v1.0\;C:\Program Files (x86)\NTRU Cryptosystems\NTRU TCG Software Stack\bin\;C:\Program Files\NTRU Cryptosystems\NTRU TCG Software Stack\bin\;C:\Program Files\Wave Systems Corp\Gemalto\Access Client\v5\;C:\Program Files\MATLAB\R2009b\runtime\win64;C:\Program Files\MATLAB\R2009b\bin;C:\Program Files (x86)\Microsoft SQL Server\90\Tools\binn\;C:\python26\;C:\mksnt;C:\Program Files (x86)\CMake 2.8\bin
USERNAME=aaronh
OS=Windows_NT
PROCESSOR_IDENTIFIER=Intel64 Family 6 Model 26 Stepping 5, GenuineIntel



---------------  S Y S T E M  ---------------

OS: Windows NT 6.1 Build 7600 

CPU:total 8 (8 cores per cpu, 2 threads per core) family 6 model 10 stepping 5, cmov, cx8, fxsr, mmx, sse, sse2, sse3, ssse3, ht

Memory: 4k page, physical 25163348k(19850312k free), swap 50324796k(45413152k free)

vm_info: Java HotSpot(TM) 64-Bit Server VM (11.2-b01) for windows-amd64 JRE (1.6.0_12-b04), built on Jan 17 2009 01:49:05 by "java_re" with MS VC++ 8.0

time: Wed Nov 24 10:47:00 2010
elapsed time: 436517 seconds

