# Bundle file v0.3
2 26
-6.1630867888e+02 4.7879499289e-02 2.1584601901e-02
9.8493580494e-01 -3.5214127804e-02 -1.6929685568e-01
6.2673413395e-02 9.8517354210e-01 1.5970327235e-01
1.6116297154e-01 -1.6790788293e-01 9.7253968529e-01
5.6398406203e-01 -5.4387982426e-01 -9.0649945207e-01
-1.3596190910e+03 -5.3189286997e-02 -2.0894810494e-02
9.8398143730e-01 -6.9987404313e-02 1.6395820894e-01
6.6825075444e-02 9.9745815948e-01 2.4731141771e-02
-1.6527232174e-01 -1.3378464744e-02 9.8615722699e-01
6.6499145532e-02 9.3495062690e-02 1.6202154361e+00
3.2422137359e-01 2.7375530354e-01 3.0227132074e+00
118 129 172
2 0 41 109.7500 69.6700 1 30 257.1500 137.8100
-1.2988447143e-01 4.0587962638e-01 3.0883769911e+00
40 57 102
2 0 45 -30.8500 105.3100 1 59 120.6400 163.6700
3.7810107345e-01 1.9999502532e-01 3.0078533639e+00
44 49 87
2 0 411 126.9000 47.6000 1 333 275.1900 117.6200
3.7810107345e-01 1.9999502532e-01 3.0078533639e+00
44 49 87
2 0 412 126.9000 47.6000 1 334 275.1900 117.6200
-1.6970704151e-02 -1.0182510536e-01 3.0659917649e+00
49 74 134
2 0 525 9.1700 -46.1200 1 427 163.7800 19.6900
-4.6407427315e-02 1.9374887388e-01 3.0811140146e+00
119 129 170
2 0 566 -3.1100 40.8700 1 461 149.3000 104.8800
-2.5358280098e-02 2.4217071603e-01 3.0805952645e+00
114 111 141
2 0 577 2.4800 55.4600 1 467 154.6100 119.7500
-9.9086323266e-02 3.7271121466e-01 3.0799305652e+00
40 49 90
2 0 604 -21.3600 93.9800 1 715 130.6900 156.4800
-3.7581668534e-01 4.0382625392e-01 1.0669399743e+00
169 154 173
2 0 632 -229.9300 179.9400 1 1063 -77.9200 247.5100
-3.7004858356e-01 -2.5780097806e-01 3.3452516107e+00
151 164 222
2 0 729 -94.1900 -75.6500 1 589 72.7500 -29.1400
-1.5398368517e-01 1.8865877751e-01 3.0958216790e+00
126 144 194
2 0 813 -35.7300 38.0700 1 686 118.5100 100.7600
-7.7430771997e-01 6.8027879324e-01 2.8992313352e+00
129 116 139
2 0 866 -267.2200 201.7500 1 1061 -78.3400 234.2900
4.8800069907e-02 2.3561717234e-01 3.0699735463e+00
41 46 78
2 0 1083 24.9900 54.1400 1 1034 176.4100 119.9700
4.8800069907e-02 2.3561717234e-01 3.0699735463e+00
41 46 78
2 0 1084 24.9900 54.1400 1 1035 176.4100 119.9700
-3.3831763623e-01 -2.9238910683e-01 3.3440673214e+00
90 109 163
2 0 1246 -85.3300 -83.9300 1 1224 82.1300 -37.9400
-6.0986834105e-02 -1.6053711559e-01 3.0585494214e+00
29 36 80
2 0 1264 -2.8400 -64.6600 1 1304 152.1600 1.8200
-6.0986834105e-02 -1.6053711559e-01 3.0585494214e+00
29 36 80
2 0 1265 -2.8400 -64.6600 1 1305 152.1600 1.8200
-4.9748962686e-02 -6.9571000259e-04 3.0769349330e+00
38 49 99
2 0 1320 -1.7600 -16.7000 1 987 152.1300 48.2500
2.3874068560e-01 2.0350490153e-01 3.0375592986e+00
40 43 73
2 0 1396 83.4900 47.0800 1 1435 232.9800 115.0200
2.3874068560e-01 2.0350490153e-01 3.0375592986e+00
40 43 73
2 0 1397 83.4900 47.0800 1 1436 232.9800 115.0200
1.5764253982e-02 2.3737758295e-01 2.8408661108e+00
44 46 79
2 0 1406 31.9400 51.4200 1 2138 161.9600 120.8000
3.3056506298e-01 -4.8882913765e-01 3.1538041697e+00
253 243 255
2 0 1624 100.0500 -135.4000 1 1162 273.5500 -84.7800
3.3056506298e-01 -4.8882913765e-01 3.1538041697e+00
253 243 255
2 0 1625 100.0500 -135.4000 1 1163 273.5500 -84.7800
-3.1459696744e-01 -2.7278180069e-01 3.3447029694e+00
113 127 179
2 0 1698 -79.6700 -78.5600 1 1745 88.5700 -31.9900
-3.2927307067e-01 -2.5696618690e-01 3.3382902994e+00
156 169 222
2 0 1705 -83.6000 -75.2400 1 1243 83.9600 -28.1000
-5.3613197177e-01 3.4424282161e-01 3.1194715257e+00
251 253 255
2 0 1928 -156.8400 81.5000 1 2173 6.9000 135.4700
