#
# An unexpected error has been detected by Java Runtime Environment:
#
#  EXCEPTION_ACCESS_VIOLATION (0xc0000005) at pc=0x000000007a39d0e0, pid=6216, tid=3268
#
# Java VM: Java HotSpot(TM) 64-Bit Server VM (11.2-b01 mixed mode windows-amd64)
# Problematic frame:
# C  [awt.dll+0xdd0e0]
#
# If you would like to submit a bug report, please visit:
#   http://java.sun.com/webapps/bugreport/crash.jsp
# The crash happened outside the Java Virtual Machine in native code.
# See problematic frame for where to report the bug.
#

---------------  T H R E A D  ---------------

Current thread (0x000000002cf6e800):  JavaThread "AWT-EventQueue-0" [_thread_in_native, id=3268, stack(0x000000002eab0000,0x000000002eb30000)]

siginfo: ExceptionCode=0xc0000005, reading address 0x0000000000000008

Registers:
EAX=0x000000000000000d, EBX=0x000000002cf6e9c0, ECX=0x0000000000000000, EDX=0xffffffffe90112c2
ESP=0x000000002eb2dff8, EBP=0x000000002e41e070, ESI=0x000000002cf6e9c0, EDI=0x000000002e06e670
EIP=0x000000007a39d0e0, EFLAGS=0x0000000000010206

Top of Stack: (sp=0x000000002eb2dff8)
0x000000002eb2dff8:   000000007a345acc 0000000000000000
0x000000002eb2e008:   000000002cf6e9c0 000000002e41e070
0x000000002eb2e018:   000000002cf6e9c0 00000000183f2018
0x000000002eb2e028:   000000002cf6e9c0 0000000000000101
0x000000002eb2e038:   000000007a323810 000000002cf6e9c0
0x000000002eb2e048:   000000002eb2e710 000000002eb2e788
0x000000002eb2e058:   000000002e41e070 000000000f875198
0x000000002eb2e068:   000000007a342381 000000000f875b20
0x000000002eb2e078:   000000002eb2e780 0000000000000410
0x000000002eb2e088:   000000002eb2e788 000000002eb2e0b8
0x000000002eb2e098:   000000002eb2e130 000000000c2d3674
0x000000002eb2e0a8:   0000000017423498 00000000174233f8
0x000000002eb2e0b8:   00000000183f2018 0000000000000000
0x000000002eb2e0c8:   0000000000000002 0000000000000001
0x000000002eb2e0d8:   00000000174233f8 0000000021439670
0x000000002eb2e0e8:   0000000017d65c38 000000002eb2e0f0 

Instructions: (pc=0x000000007a39d0e0)
0x000000007a39d0d0:   48 8b 41 08 48 8b 80 18 0c 00 00 c3 cc cc cc cc
0x000000007a39d0e0:   48 8b 49 08 48 85 c9 74 05 e9 b2 ee fd ff 33 c0 


Stack: [0x000000002eab0000,0x000000002eb30000],  sp=0x000000002eb2dff8,  free space=503k
Native frames: (J=compiled Java code, j=interpreted, Vv=VM code, C=native code)
C  [awt.dll+0xdd0e0]

Java frames: (J=compiled Java code, j=interpreted, Vv=VM code)
j  sun.java2d.windows.GDIBlitLoops.nativeBlit(Lsun/java2d/SurfaceData;Lsun/java2d/SurfaceData;Lsun/java2d/pipe/Region;IIIIIIIIIZ)V+0
j  sun.java2d.windows.GDIBlitLoops.Blit(Lsun/java2d/SurfaceData;Lsun/java2d/SurfaceData;Ljava/awt/Composite;Lsun/java2d/pipe/Region;IIIIII)V+33
j  sun.java2d.pipe.DrawImage.blitSurfaceData(Lsun/java2d/SunGraphics2D;Lsun/java2d/pipe/Region;Lsun/java2d/SurfaceData;Lsun/java2d/SurfaceData;Lsun/java2d/loops/SurfaceType;Lsun/java2d/loops/SurfaceType;IIIIIILjava/awt/Color;)V+97
j  sun.java2d.pipe.DrawImage.renderImageCopy(Lsun/java2d/SunGraphics2D;Ljava/awt/Image;Ljava/awt/Color;IIIIII)Z+75
j  sun.java2d.pipe.DrawImage.copyImage(Lsun/java2d/SunGraphics2D;Ljava/awt/Image;IIIIIILjava/awt/Color;)Z+33
j  sun.java2d.pipe.DrawImage.copyImage(Lsun/java2d/SunGraphics2D;Ljava/awt/Image;IIIIIILjava/awt/Color;Ljava/awt/image/ImageObserver;)Z+23
j  sun.java2d.pipe.ValidatePipe.copyImage(Lsun/java2d/SunGraphics2D;Ljava/awt/Image;IIIIIILjava/awt/Color;Ljava/awt/image/ImageObserver;)Z+29
j  sun.java2d.SunGraphics2D.copyImage(Ljava/awt/Image;IIIIIILjava/awt/Color;Ljava/awt/image/ImageObserver;)Z+20
j  sun.java2d.SunGraphics2D.drawImage(Ljava/awt/Image;IIIIIIIILjava/awt/Color;Ljava/awt/image/ImageObserver;)Z+154
j  sun.java2d.SunGraphics2D.drawImage(Ljava/awt/Image;IIIIIIIILjava/awt/image/ImageObserver;)Z+19
j  java.awt.Component$BltBufferStrategy.showSubRegion(IIII)V+117
j  java.awt.Component$BltSubRegionBufferStrategy.show(IIII)V+6
j  javax.swing.BufferStrategyPaintManager.flushAccumulatedRegion()Z+48
j  javax.swing.BufferStrategyPaintManager.endPaint()V+84
j  javax.swing.RepaintManager.endPaint()V+47
j  javax.swing.JComponent.paint(Ljava/awt/Graphics;)V+209
j  java.awt.GraphicsCallback$PaintCallback.run(Ljava/awt/Component;Ljava/awt/Graphics;)V+2
j  sun.awt.SunGraphicsCallback.runOneComponent(Ljava/awt/Component;Ljava/awt/Rectangle;Ljava/awt/Graphics;Ljava/awt/Shape;I)V+155
j  sun.awt.SunGraphicsCallback.runComponents([Ljava/awt/Component;Ljava/awt/Graphics;I)V+104
j  java.awt.Container.paint(Ljava/awt/Graphics;)V+73
j  javax.swing.RepaintManager.paintDirtyRegions(Ljava/util/Map;)V+256
j  javax.swing.RepaintManager.paintDirtyRegions()V+46
j  javax.swing.RepaintManager.seqPaintDirtyRegions()V+73
j  javax.swing.SystemEventQueueUtilities$ComponentWorkRequest.run()V+36
j  java.awt.event.InvocationEvent.dispatch()V+47
J  java.awt.EventDispatchThread.pumpOneEventForFilters(I)Z
j  java.awt.EventDispatchThread.pumpEventsForFilter(ILjava/awt/Conditional;Ljava/awt/EventFilter;)V+30
j  java.awt.EventDispatchThread.pumpEventsForHierarchy(ILjava/awt/Conditional;Ljava/awt/Component;)V+11
j  java.awt.EventDispatchThread.pumpEvents(ILjava/awt/Conditional;)V+4
j  java.awt.EventDispatchThread.pumpEvents(Ljava/awt/Conditional;)V+3
j  java.awt.EventDispatchThread.run()V+9
v  ~StubRoutines::call_stub

---------------  P R O C E S S  ---------------

Java Threads: ( => current thread )
  0x000000002db29400 JavaThread "Image Fetcher 1" daemon [_thread_blocked, id=7632, stack(0x00000000083d0000,0x0000000008450000)]
  0x000000002dbd9800 JavaThread "Thread-70" [_thread_blocked, id=8028, stack(0x00000000082d0000,0x0000000008350000)]
  0x000000002db29000 JavaThread "Image Fetcher 0" daemon [_thread_blocked, id=5496, stack(0x0000000008350000,0x00000000083d0000)]
  0x000000002d1ee800 JavaThread "Prefs Updater" daemon [_thread_blocked, id=7604, stack(0x0000000030220000,0x00000000302a0000)]
  0x000000002dbd9000 JavaThread "Active Reference Queue Daemon" daemon [_thread_blocked, id=5208, stack(0x0000000030520000,0x00000000305a0000)]
  0x000000002dbd8800 JavaThread "Timer-9" daemon [_thread_blocked, id=3748, stack(0x00000000304a0000,0x0000000030520000)]
  0x000000002dbd8000 JavaThread "FelixPackageAdmin" daemon [_thread_blocked, id=2632, stack(0x0000000030420000,0x00000000304a0000)]
  0x000000002d1eec00 JavaThread "FelixStartLevel" daemon [_thread_blocked, id=5608, stack(0x00000000303a0000,0x0000000030420000)]
  0x000000002d1ef400 JavaThread "FelixDispatchQueue" [_thread_blocked, id=3852, stack(0x0000000030320000,0x00000000303a0000)]
  0x000000002d1efc00 JavaThread "Timer-8" daemon [_thread_blocked, id=3004, stack(0x00000000302a0000,0x0000000030320000)]
  0x000000002e3fe000 JavaThread "Timer-1" [_thread_blocked, id=5412, stack(0x000000002ebe0000,0x000000002ec60000)]
  0x000000002d16d400 JavaThread "TimerQueue" daemon [_thread_blocked, id=6064, stack(0x000000002eb40000,0x000000002ebc0000)]
=>0x000000002cf6e800 JavaThread "AWT-EventQueue-0" [_thread_in_native, id=3268, stack(0x000000002eab0000,0x000000002eb30000)]
  0x000000002cfbfc00 JavaThread "AWT-Windows" daemon [_thread_in_native, id=5780, stack(0x000000002d490000,0x000000002d510000)]
  0x000000002cfbf400 JavaThread "AWT-Shutdown" [_thread_blocked, id=5288, stack(0x000000002d410000,0x000000002d490000)]
  0x000000002cfbec00 JavaThread "Java2D Disposer" daemon [_thread_blocked, id=6336, stack(0x000000002d390000,0x000000002d410000)]
  0x000000002c718800 JavaThread "Timer-0" [_thread_blocked, id=6516, stack(0x000000002ca50000,0x000000002cad0000)]
  0x000000002c6cfc00 JavaThread "JMI Unnamed Thread" [_thread_in_native, id=4304, stack(0x0000000005fb0000,0x0000000006fb0000)]
  0x000000002796e000 JavaThread "Low Memory Detector" daemon [_thread_blocked, id=5480, stack(0x000000002b5d0000,0x000000002b650000)]
  0x000000002796ac00 JavaThread "CompilerThread1" daemon [_thread_blocked, id=5356, stack(0x000000002a5d0000,0x000000002b5d0000)]
  0x000000002795ac00 JavaThread "CompilerThread0" daemon [_thread_blocked, id=6136, stack(0x00000000295d0000,0x000000002a5d0000)]
  0x0000000027959800 JavaThread "Attach Listener" daemon [_thread_blocked, id=5600, stack(0x0000000029550000,0x00000000295d0000)]
  0x0000000027938800 JavaThread "Finalizer" daemon [_thread_blocked, id=2060, stack(0x0000000028b10000,0x0000000028b90000)]
  0x0000000027937c00 JavaThread "Reference Handler" daemon [_thread_blocked, id=5416, stack(0x0000000028a90000,0x0000000028b10000)]
  0x000000000152fc00 JavaThread "main" [_thread_in_native, id=7696, stack(0x0000000000030000,0x0000000001030000)]

Other Threads:
  0x000000000162fc00 VMThread [stack: 0x0000000027a90000,0x0000000028a90000] [id=1028]
  0x000000002798f800 WatcherThread [stack: 0x000000002b650000,0x000000002c650000] [id=4480]

VM state:not at safepoint (normal execution)

VM Mutex/Monitor currently owned by a thread: None

Heap
 PSYoungGen      total 16128K, used 14908K [0x00000000205d0000, 0x0000000022b30000, 0x00000000236d0000)
  eden space 16000K, 92% used [0x00000000205d0000,0x000000002143f3c0,0x0000000021570000)
  from space 128K, 100% used [0x0000000021590000,0x00000000215b0000,0x00000000215b0000)
  to   space 11136K, 0% used [0x0000000022050000,0x0000000022050000,0x0000000022b30000)
 PSOldGen        total 150528K, used 99338K [0x00000000172d0000, 0x00000000205d0000, 0x00000000205d0000)
  object space 150528K, 65% used [0x00000000172d0000,0x000000001d3d2988,0x00000000205d0000)
 PSPermGen       total 96960K, used 51408K [0x000000000f2d0000, 0x0000000015180000, 0x00000000172d0000)
  object space 96960K, 53% used [0x000000000f2d0000,0x00000000125040a0,0x0000000015180000)

Dynamic libraries:
0x0000000140000000 - 0x0000000140038000 	C:\Program Files\MATLAB\R2009b\bin\win64\MATLAB.exe
0x0000000077c10000 - 0x0000000077db9000 	C:\Windows\SYSTEM32\ntdll.dll
0x00000000779f0000 - 0x0000000077b0f000 	C:\Windows\system32\kernel32.dll
0x000007fefdc90000 - 0x000007fefdcfc000 	C:\Windows\system32\KERNELBASE.dll
0x000000007cdb0000 - 0x000000007ceb9000 	C:\Program Files\MATLAB\R2009b\bin\win64\libut.dll
0x000007fefeec0000 - 0x000007fefeed7000 	C:\Windows\system32\imagehlp.dll
0x000007fefec40000 - 0x000007fefecdf000 	C:\Windows\system32\msvcrt.dll
0x0000000077dd0000 - 0x0000000077dd7000 	C:\Windows\system32\PSAPI.DLL
0x000000007d620000 - 0x000000007d648000 	C:\Program Files\MATLAB\R2009b\bin\win64\LIBEXPAT.dll
0x000000006d380000 - 0x000000006d449000 	C:\Windows\WinSxS\amd64_microsoft.vc80.crt_1fc8b3b9a1e18e3b_8.0.50727.6195_none_88e41e092fab0294\MSVCR80.dll
0x000000007d320000 - 0x000000007d44c000 	C:\Program Files\MATLAB\R2009b\bin\win64\icuuc40.dll
0x000007fefe6b0000 - 0x000007fefe78b000 	C:\Windows\system32\ADVAPI32.dll
0x000007fefe2f0000 - 0x000007fefe30f000 	C:\Windows\SYSTEM32\sechost.dll
0x000007feff060000 - 0x000007feff18d000 	C:\Windows\system32\RPCRT4.dll
0x000000007c760000 - 0x000000007c763000 	C:\Program Files\MATLAB\R2009b\bin\win64\icudt40.dll
0x000000007c770000 - 0x000000007c780000 	C:\Program Files\MATLAB\R2009b\bin\win64\icuio40.dll
0x000000007ca60000 - 0x000000007cbb3000 	C:\Program Files\MATLAB\R2009b\bin\win64\icuin40.dll
0x000000006d150000 - 0x000000006d259000 	C:\Windows\WinSxS\amd64_microsoft.vc80.crt_1fc8b3b9a1e18e3b_8.0.50727.6195_none_88e41e092fab0294\MSVCP80.dll
0x0000000077b10000 - 0x0000000077c0a000 	C:\Windows\system32\USER32.dll
0x000007fefeff0000 - 0x000007feff057000 	C:\Windows\system32\GDI32.dll
0x000007fefe640000 - 0x000007fefe64e000 	C:\Windows\system32\LPK.dll
0x000007fefe970000 - 0x000007fefea39000 	C:\Windows\system32\USP10.dll
0x0000000078820000 - 0x0000000078890000 	C:\Program Files\MATLAB\R2009b\bin\win64\libmwfl.dll
0x000000007e820000 - 0x000000007e82f000 	C:\Program Files\MATLAB\R2009b\bin\win64\boost_date_time-vc80-mt-1_36.dll
0x000000007e800000 - 0x000000007e816000 	C:\Program Files\MATLAB\R2009b\bin\win64\boost_signals-vc80-mt-1_36.dll
0x000000007dae0000 - 0x000000007dae9000 	C:\Program Files\MATLAB\R2009b\bin\win64\boost_system-vc80-mt-1_36.dll
0x000000007c740000 - 0x000000007c751000 	C:\Program Files\MATLAB\R2009b\bin\win64\boost_thread-vc80-mt-1_36.dll
0x000000007cf70000 - 0x000000007d1e1000 	C:\Program Files\MATLAB\R2009b\bin\win64\libmwservices.dll
0x000000007cec0000 - 0x000000007cf6f000 	C:\Program Files\MATLAB\R2009b\bin\win64\libmx.dll
0x0000000079070000 - 0x0000000079087000 	C:\Program Files\MATLAB\R2009b\bin\win64\zlib1.dll
0x000000007d1f0000 - 0x000000007d318000 	C:\Program Files\MATLAB\R2009b\bin\win64\libmwmathutil.dll
0x000000007a660000 - 0x000000007a6b8000 	C:\Program Files\MATLAB\R2009b\bin\win64\mpath.dll
0x000000007d650000 - 0x000000007d6a1000 	C:\Program Files\MATLAB\R2009b\bin\win64\mlutil.dll
0x00000000787b0000 - 0x00000000787ee000 	C:\Program Files\MATLAB\R2009b\bin\win64\tbb.dll
0x000007fef8a60000 - 0x000007fef8b00000 	C:\Windows\WinSxS\amd64_microsoft.windows.common-controls_6595b64144ccf1df_5.82.7601.17514_none_a4d6a923711520a9\COMCTL32.dll
0x000007fefe520000 - 0x000007fefe5b7000 	C:\Windows\system32\comdlg32.dll
0x000007fefe5c0000 - 0x000007fefe631000 	C:\Windows\system32\SHLWAPI.dll
0x000007feff190000 - 0x000007fefff18000 	C:\Windows\system32\SHELL32.dll
0x000007fefb8c0000 - 0x000007fefb8d6000 	C:\Windows\system32\NETAPI32.dll
0x000007fefd620000 - 0x000007fefd62c000 	C:\Windows\system32\netutils.dll
0x000007fefd6b0000 - 0x000007fefd6d3000 	C:\Windows\system32\srvcli.dll
0x000007fefb8a0000 - 0x000007fefb8b5000 	C:\Windows\system32\wkscli.dll
0x000007fefe660000 - 0x000007fefe6ad000 	C:\Windows\system32\WS2_32.dll
0x000007fefe650000 - 0x000007fefe658000 	C:\Windows\system32\NSI.dll
0x000000007eaa0000 - 0x000000007eabd000 	C:\Program Files\MATLAB\R2009b\bin\win64\boost_filesystem-vc80-mt-1_36.dll
0x000000007acf0000 - 0x000000007ad87000 	C:\Program Files\MATLAB\R2009b\bin\win64\mcr.dll
0x000000007c780000 - 0x000000007c80c000 	C:\Program Files\MATLAB\R2009b\bin\win64\iqm.dll
0x000000007b440000 - 0x000000007bd40000 	C:\Program Files\MATLAB\R2009b\bin\win64\m_interpreter.dll
0x000000007c830000 - 0x000000007c840000 	C:\Program Files\MATLAB\R2009b\bin\win64\libmex.dll
0x000000007ab60000 - 0x000000007ac0b000 	C:\Program Files\MATLAB\R2009b\bin\win64\m_dispatcher.dll
0x000000007e720000 - 0x000000007e7ac000 	C:\Program Files\MATLAB\R2009b\bin\win64\xmlcore.dll
0x000000007a020000 - 0x000000007a2b5000 	C:\Program Files\MATLAB\R2009b\bin\win64\xerces-c_2_7.dll
0x000000007e980000 - 0x000000007ea71000 	C:\Program Files\MATLAB\R2009b\bin\win64\boost_regex-vc80-mt-1_36.dll
0x000000007aa00000 - 0x000000007aa91000 	C:\Program Files\MATLAB\R2009b\bin\win64\profiler.dll
0x000000007c8b0000 - 0x000000007c8da000 	C:\Program Files\MATLAB\R2009b\bin\win64\libmwmathrng.dll
0x0000000078fd0000 - 0x0000000078fea000 	C:\Program Files\MATLAB\R2009b\bin\win64\m_pcodeio.dll
0x000000007a610000 - 0x000000007a65d000 	C:\Program Files\MATLAB\R2009b\bin\win64\m_ir.dll
0x000000007ae40000 - 0x000000007b433000 	C:\Program Files\MATLAB\R2009b\bin\win64\m_parser.dll
0x000000007c810000 - 0x000000007c824000 	C:\Program Files\MATLAB\R2009b\bin\win64\ir_xfmr.dll
0x0000000078890000 - 0x0000000078b39000 	C:\Program Files\MATLAB\R2009b\bin\win64\mcos.dll
0x000000007c8f0000 - 0x000000007c8fc000 	C:\Program Files\MATLAB\R2009b\bin\win64\mtok.dll
0x0000000078fb0000 - 0x0000000078fd0000 	C:\Program Files\MATLAB\R2009b\bin\win64\m_pcodegen.dll
0x000007fef4810000 - 0x000007fef4935000 	C:\Windows\system32\dbghelp.dll
0x0000000078ec0000 - 0x0000000078ee4000 	C:\Program Files\MATLAB\R2009b\bin\win64\bridge.dll
0x000000007c3d0000 - 0x000000007c490000 	C:\Program Files\MATLAB\R2009b\bin\win64\udd.dll
0x000000007d450000 - 0x000000007d59d000 	C:\Program Files\MATLAB\R2009b\bin\win64\libmwgui.dll
0x00000000790e0000 - 0x000000007980b000 	C:\Program Files\MATLAB\R2009b\bin\win64\hg.dll
0x0000000078ef0000 - 0x0000000078f2c000 	C:\Program Files\MATLAB\R2009b\bin\win64\libmat.dll
0x000000007cbc0000 - 0x000000007cdae000 	C:\Program Files\MATLAB\R2009b\bin\win64\libhdf5.dll
0x000000007a550000 - 0x000000007a5af000 	C:\Program Files\MATLAB\R2009b\bin\win64\jmi.dll
0x000000007a490000 - 0x000000007a4d0000 	C:\Program Files\MATLAB\R2009b\bin\win64\libmwhardcopy.dll
0x000000007a5b0000 - 0x000000007a60a000 	C:\Program Files\MATLAB\R2009b\bin\win64\libuij.dll
0x0000000078680000 - 0x00000000787ab000 	C:\Program Files\MATLAB\R2009b\bin\win64\hgdatatypes.dll
0x0000000078630000 - 0x000000007867b000 	C:\Program Files\MATLAB\R2009b\bin\win64\hgutils.dll
0x0000000078f30000 - 0x0000000078fa5000 	C:\Program Files\MATLAB\R2009b\bin\win64\libmwlapack.dll
0x000000007c850000 - 0x000000007c863000 	C:\Program Files\MATLAB\R2009b\bin\win64\libmwbinder.dll
0x000000007c490000 - 0x000000007c73e000 	C:\Program Files\MATLAB\R2009b\bin\win64\uiw.dll
0x000000007c930000 - 0x000000007c93a000 	C:\Program Files\MATLAB\R2009b\bin\win64\uinone.dll
0x000000006ba80000 - 0x000000006bc1c000 	C:\Windows\WinSxS\amd64_microsoft.vc80.mfc_1fc8b3b9a1e18e3b_8.0.50727.6195_none_8448b2bd328df189\MFC80.DLL
0x000007fefa3e0000 - 0x000007fefa451000 	C:\Windows\system32\WINSPOOL.DRV
0x000007fefe310000 - 0x000007fefe513000 	C:\Windows\system32\ole32.dll
0x000007fefea40000 - 0x000007fefeb17000 	C:\Windows\system32\OLEAUT32.dll
0x000000007ad90000 - 0x000000007ae3f000 	C:\Program Files\MATLAB\R2009b\bin\win64\udd_mi.dll
0x0000000078ff0000 - 0x0000000079008000 	C:\Program Files\MATLAB\R2009b\bin\win64\mwoles05.DLL
0x000000007a990000 - 0x000000007a9fa000 	C:\Program Files\MATLAB\R2009b\bin\win64\comcli.dll
0x0000000072760000 - 0x0000000072780000 	C:\Windows\WinSxS\amd64_microsoft.vc80.atl_1fc8b3b9a1e18e3b_8.0.50727.6195_none_8a1dd9552ed7f8d8\ATL80.DLL
0x000000007c8e0000 - 0x000000007c8ee000 	C:\Program Files\MATLAB\R2009b\bin\win64\mlautoregister.dll
0x000007fefe2c0000 - 0x000007fefe2ee000 	C:\Windows\system32\IMM32.DLL
0x000007fefeee0000 - 0x000007fefefe9000 	C:\Windows\system32\MSCTF.dll
0x0000000073d00000 - 0x0000000073d0d000 	C:\Windows\WinSxS\amd64_microsoft.vc80.mfcloc_1fc8b3b9a1e18e3b_8.0.50727.6195_none_bc20f59b0bdd1acd\MFC80ENU.DLL
0x000007fefc480000 - 0x000007fefc4d6000 	C:\Windows\system32\uxtheme.dll
0x000007fefdb60000 - 0x000007fefdb6f000 	C:\Windows\system32\profapi.dll
0x0000000072750000 - 0x0000000072753000 	C:\Windows\system32\icmp.Dll
0x000007fefb490000 - 0x000007fefb4b7000 	C:\Windows\system32\iphlpapi.DLL
0x000007fefb470000 - 0x000007fefb47b000 	C:\Windows\system32\WINNSI.DLL
0x000007fefda00000 - 0x000007fefda25000 	C:\Windows\system32\SspiCli.dll
0x000007fefb5f0000 - 0x000007fefb605000 	C:\Windows\system32\NLAapi.dll
0x000007fefa4e0000 - 0x000007fefa4f5000 	C:\Windows\system32\napinsp.dll
0x000007fefa4a0000 - 0x000007fefa4b9000 	C:\Windows\system32\pnrpnsp.dll
0x000007fefd3b0000 - 0x000007fefd405000 	C:\Windows\System32\mswsock.dll
0x000007fefd240000 - 0x000007fefd29b000 	C:\Windows\system32\DNSAPI.dll
0x000007fefa4d0000 - 0x000007fefa4db000 	C:\Windows\System32\winrnr.dll
0x000007fefcf90000 - 0x000007fefcfcd000 	C:\Windows\system32\WINSTA.dll
0x000007fefb310000 - 0x000007fefb363000 	C:\Windows\System32\fwpuclnt.dll
0x000007fefa9b0000 - 0x000007fefa9b8000 	C:\Windows\system32\rasadhlp.dll
0x000007fefcd80000 - 0x000007fefcd87000 	C:\Windows\System32\wshtcpip.dll
0x000007fefb160000 - 0x000007fefb171000 	C:\Windows\system32\dhcpcsvc6.DLL
0x000007fefb140000 - 0x000007fefb158000 	C:\Windows\system32\dhcpcsvc.DLL
0x000007fefda90000 - 0x000007fefda9f000 	C:\Windows\system32\CRYPTBASE.dll
0x000000006d7f0000 - 0x000000006dda8000 	C:\Program Files\MATLAB\R2009b\sys\java\jre\win64\jre\bin\server\jvm.dll
0x000007fefb0b0000 - 0x000007fefb0eb000 	C:\Windows\system32\WINMM.dll
0x000007fefbe70000 - 0x000007fefbe88000 	C:\Windows\system32\dwmapi.dll
0x000000007ab10000 - 0x000000007ab1a000 	C:\Program Files\MATLAB\R2009b\sys\java\jre\win64\jre\bin\hpi.dll
0x000000007ab30000 - 0x000000007ab3e000 	C:\Program Files\MATLAB\R2009b\sys\java\jre\win64\jre\bin\verify.dll
0x0000000079090000 - 0x00000000790b7000 	C:\Program Files\MATLAB\R2009b\sys\java\jre\win64\jre\bin\java.dll
0x000000007ab40000 - 0x000000007ab52000 	C:\Program Files\MATLAB\R2009b\sys\java\jre\win64\jre\bin\zip.dll
0x0000000079010000 - 0x0000000079032000 	C:\Program Files\MATLAB\R2009b\bin\win64\nativejava.dll
0x0000000079040000 - 0x000000007906b000 	C:\Program Files\MATLAB\R2009b\bin\win64\nativejmi.dll
0x000000007c920000 - 0x000000007c927000 	C:\Program Files\MATLAB\R2009b\bin\win64\nativeservices.dll
0x000000007a2c0000 - 0x000000007a482000 	C:\Program Files\MATLAB\R2009b\sys\java\jre\win64\jre\bin\awt.dll
0x000000007ac10000 - 0x000000007ac7b000 	C:\Program Files\MATLAB\R2009b\sys\java\jre\win64\jre\bin\fontmanager.dll
0x00000000790c0000 - 0x00000000790d7000 	C:\Program Files\MATLAB\R2009b\sys\java\jre\win64\jre\bin\net.dll
0x000007fefd630000 - 0x000007fefd637000 	C:\Windows\System32\wship6.dll
0x000000007ab20000 - 0x000000007ab2b000 	C:\Program Files\MATLAB\R2009b\sys\java\jre\win64\jre\bin\nio.dll
0x000007fefd410000 - 0x000007fefd427000 	C:\Windows\system32\CRYPTSP.dll
0x000007fefd120000 - 0x000007fefd167000 	C:\Windows\system32\rsaenh.dll
0x000007fefcea0000 - 0x000007fefcebe000 	C:\Windows\system32\USERENV.dll
0x0000000078300000 - 0x000000007830a000 	C:\Program Files\MATLAB\R2009b\bin\win64\nativelmgr.dll

VM Arguments:
jvm_args: -Xss512k -XX:PermSize=32m -Xms64m -XX:NewRatio=3 -XX:MaxPermSize=128m -Xmx196m -XX:MaxDirectMemorySize=2147400000 -Dsun.java2d.noddraw=true -Dsun.awt.nopixfmt=true -Xshare:off -Xrs -Djava.library.path=C:\Program Files\MATLAB\R2009b\bin\win64 vfprintf abort 
java_command: <unknown>
Launcher Type: generic

Environment Variables:
PATH=C:\Program Files\ImageMagick-6.6.8-Q16;C:\Windows\system32;C:\Windows;C:\Windows\System32\Wbem;C:\Windows\System32\WindowsPowerShell\v1.0\;C:\Program Files\MATLAB\R2009b\runtime\win64;C:\Program Files\MATLAB\R2009b\bin
USERNAME=aaronh
OS=Windows_NT
PROCESSOR_IDENTIFIER=Intel64 Family 6 Model 15 Stepping 11, GenuineIntel



---------------  S Y S T E M  ---------------

OS: Windows NT 6.1 Build 7601 Service Pack 1

CPU:total 4 (4 cores per cpu, 1 threads per core) family 6 model 15 stepping 11, cmov, cx8, fxsr, mmx, sse, sse2, sse3, ssse3

Memory: 4k page, physical 8320632k(4994824k free), swap 16639416k(13151092k free)

vm_info: Java HotSpot(TM) 64-Bit Server VM (11.2-b01) for windows-amd64 JRE (1.6.0_12-b04), built on Jan 17 2009 01:49:05 by "java_re" with MS VC++ 8.0

time: Mon Oct 03 05:52:58 2011
elapsed time: 236003 seconds

