#
# An unexpected error has been detected by Java Runtime Environment:
#
#  EXCEPTION_ACCESS_VIOLATION (0xc0000005) at pc=0x000000007a39d0e0, pid=932, tid=2096
#
# Java VM: Java HotSpot(TM) 64-Bit Server VM (11.2-b01 mixed mode windows-amd64)
# Problematic frame:
# C  [awt.dll+0xdd0e0]
#
# If you would like to submit a bug report, please visit:
#   http://java.sun.com/webapps/bugreport/crash.jsp
# The crash happened outside the Java Virtual Machine in native code.
# See problematic frame for where to report the bug.
#

---------------  T H R E A D  ---------------

Current thread (0x000000002e6e2000):  JavaThread "AWT-EventQueue-0" [_thread_in_native, id=2096, stack(0x000000002fb80000,0x000000002fc00000)]

siginfo: ExceptionCode=0xc0000005, reading address 0x0000000000000008

Registers:
EAX=0x000000000000000d, EBX=0x000000002e6e21c0, ECX=0x0000000000000000, EDX=0x0000000008011d1a
ESP=0x000000002fbfdfc8, EBP=0x000000002e52aa60, ESI=0x000000002e6e21c0, EDI=0x000000002f1982c0
EIP=0x000000007a39d0e0, EFLAGS=0x0000000000010206

Top of Stack: (sp=0x000000002fbfdfc8)
0x000000002fbfdfc8:   000000007a345acc 0000000000000000
0x000000002fbfdfd8:   000000002e6e21c0 000000002e52aa60
0x000000002fbfdfe8:   000000002e6e21c0 00000022150ae681
0x000000002fbfdff8:   000000002e6e21c0 0000000000000101
0x000000002fbfe008:   000000007a323810 000000002e6e21c0
0x000000002fbfe018:   000000002fbfe6e8 000000002fbfe760
0x000000002fbfe028:   000000002e52aa60 0000000000000000
0x000000002fbfe038:   000000007a342381 000000002fbfe0a8
0x000000002fbfe048:   000000002fbfe758 00000000000003fa
0x000000002fbfe058:   000000002fbfe760 0000000000000000
0x000000002fbfe068:   000000002fbfe068 00000000119faf33
0x000000002fbfe078:   000000002fbfe0b8 0000000011b4c4e8
0x000000002fbfe088:   0000000013e50420 00000000119faf40
0x000000002fbfe098:   0000000000000000 000000002fbfe0b8
0x000000002fbfe0a8:   000000002fbfe100 000000000e68319a
0x000000002fbfe0b8:   000000001aafdff0 000000002fbfe0c0 

Instructions: (pc=0x000000007a39d0e0)
0x000000007a39d0d0:   48 8b 41 08 48 8b 80 18 0c 00 00 c3 cc cc cc cc
0x000000007a39d0e0:   48 8b 49 08 48 85 c9 74 05 e9 b2 ee fd ff 33 c0 


Stack: [0x000000002fb80000,0x000000002fc00000],  sp=0x000000002fbfdfc8,  free space=503k
Native frames: (J=compiled Java code, j=interpreted, Vv=VM code, C=native code)
C  [awt.dll+0xdd0e0]

Java frames: (J=compiled Java code, j=interpreted, Vv=VM code)
j  sun.java2d.windows.GDIBlitLoops.nativeBlit(Lsun/java2d/SurfaceData;Lsun/java2d/SurfaceData;Lsun/java2d/pipe/Region;IIIIIIIIIZ)V+0
j  sun.java2d.windows.GDIBlitLoops.Blit(Lsun/java2d/SurfaceData;Lsun/java2d/SurfaceData;Ljava/awt/Composite;Lsun/java2d/pipe/Region;IIIIII)V+33
j  sun.java2d.pipe.DrawImage.blitSurfaceData(Lsun/java2d/SunGraphics2D;Lsun/java2d/pipe/Region;Lsun/java2d/SurfaceData;Lsun/java2d/SurfaceData;Lsun/java2d/loops/SurfaceType;Lsun/java2d/loops/SurfaceType;IIIIIILjava/awt/Color;)V+97
j  sun.java2d.pipe.DrawImage.renderImageCopy(Lsun/java2d/SunGraphics2D;Ljava/awt/Image;Ljava/awt/Color;IIIIII)Z+75
j  sun.java2d.pipe.DrawImage.copyImage(Lsun/java2d/SunGraphics2D;Ljava/awt/Image;IILjava/awt/Color;)Z+45
j  sun.java2d.pipe.DrawImage.copyImage(Lsun/java2d/SunGraphics2D;Ljava/awt/Image;IILjava/awt/Color;Ljava/awt/image/ImageObserver;)Z+15
j  sun.java2d.pipe.ValidatePipe.copyImage(Lsun/java2d/SunGraphics2D;Ljava/awt/Image;IILjava/awt/Color;Ljava/awt/image/ImageObserver;)Z+21
j  sun.java2d.SunGraphics2D.drawImage(Ljava/awt/Image;IILjava/awt/Color;Ljava/awt/image/ImageObserver;)Z+18
j  sun.java2d.SunGraphics2D.drawImage(Ljava/awt/Image;IILjava/awt/image/ImageObserver;)Z+7
j  javax.swing.RepaintManager$PaintManager.paintDoubleBuffered(Ljavax/swing/JComponent;Ljava/awt/Image;Ljava/awt/Graphics;IIII)V+127
j  javax.swing.RepaintManager$PaintManager.paint(Ljavax/swing/JComponent;Ljavax/swing/JComponent;Ljava/awt/Graphics;IIII)Z+116
j  javax.swing.RepaintManager.paint(Ljavax/swing/JComponent;Ljavax/swing/JComponent;Ljava/awt/Graphics;IIII)V+52
j  javax.swing.JComponent.paint(Ljava/awt/Graphics;)V+204
j  java.awt.GraphicsCallback$PaintCallback.run(Ljava/awt/Component;Ljava/awt/Graphics;)V+2
j  sun.awt.SunGraphicsCallback.runOneComponent(Ljava/awt/Component;Ljava/awt/Rectangle;Ljava/awt/Graphics;Ljava/awt/Shape;I)V+155
j  sun.awt.SunGraphicsCallback.runComponents([Ljava/awt/Component;Ljava/awt/Graphics;I)V+104
j  java.awt.Container.paint(Ljava/awt/Graphics;)V+73
j  javax.swing.RepaintManager.paintDirtyRegions(Ljava/util/Map;)V+256
j  javax.swing.RepaintManager.paintDirtyRegions()V+46
j  javax.swing.RepaintManager.seqPaintDirtyRegions()V+73
j  javax.swing.SystemEventQueueUtilities$ComponentWorkRequest.run()V+36
j  java.awt.event.InvocationEvent.dispatch()V+47
J  java.awt.EventDispatchThread.pumpOneEventForFilters(I)Z
J  java.awt.EventDispatchThread.pumpEventsForFilter(ILjava/awt/Conditional;Ljava/awt/EventFilter;)V
j  java.awt.EventDispatchThread.pumpEventsForHierarchy(ILjava/awt/Conditional;Ljava/awt/Component;)V+11
j  java.awt.EventDispatchThread.pumpEvents(ILjava/awt/Conditional;)V+4
j  java.awt.EventDispatchThread.pumpEvents(Ljava/awt/Conditional;)V+3
j  java.awt.EventDispatchThread.run()V+9
v  ~StubRoutines::call_stub

---------------  P R O C E S S  ---------------

Java Threads: ( => current thread )
  0x000000002eff3c00 JavaThread "Thread-321" [_thread_blocked, id=4660, stack(0x00000000084c0000,0x0000000008540000)]
  0x000000002eff3400 JavaThread "Thread-320" [_thread_blocked, id=4224, stack(0x0000000008440000,0x00000000084c0000)]
  0x000000002efefc00 JavaThread "Prefs Updater" daemon [_thread_blocked, id=1344, stack(0x000000000db00000,0x000000000db80000)]
  0x000000002eff3000 JavaThread "Thread-22" [_thread_blocked, id=2852, stack(0x000000000c790000,0x000000000c810000)]
  0x000000002eff2800 JavaThread "Active Reference Queue Daemon" daemon [_thread_blocked, id=1060, stack(0x000000000c6f0000,0x000000000c770000)]
  0x000000002eff2000 JavaThread "Timer-15" daemon [_thread_blocked, id=596, stack(0x000000000c670000,0x000000000c6f0000)]
  0x000000002eff1800 JavaThread "FelixPackageAdmin" daemon [_thread_blocked, id=2980, stack(0x00000000316c0000,0x0000000031740000)]
  0x000000002eff0400 JavaThread "FelixStartLevel" daemon [_thread_blocked, id=292, stack(0x0000000031640000,0x00000000316c0000)]
  0x000000002eff0c00 JavaThread "FelixDispatchQueue" [_thread_blocked, id=1552, stack(0x0000000031540000,0x00000000315c0000)]
  0x000000002eff1400 JavaThread "Timer-14" daemon [_thread_blocked, id=1676, stack(0x00000000315c0000,0x0000000031640000)]
  0x000000002efef800 JavaThread "Timer-1" [_thread_blocked, id=976, stack(0x000000002fe90000,0x000000002ff10000)]
  0x000000002e830800 JavaThread "TimerQueue" daemon [_thread_blocked, id=2360, stack(0x000000002fc10000,0x000000002fc90000)]
=>0x000000002e6e2000 JavaThread "AWT-EventQueue-0" [_thread_in_native, id=2096, stack(0x000000002fb80000,0x000000002fc00000)]
  0x000000002ec28800 JavaThread "AWT-Shutdown" [_thread_blocked, id=1044, stack(0x0000000008310000,0x0000000008390000)]
  0x000000002e4db400 JavaThread "AWT-Windows" daemon [_thread_in_native, id=3064, stack(0x000000000c430000,0x000000000c4b0000)]
  0x000000002e4da800 JavaThread "Java2D Disposer" daemon [_thread_blocked, id=2760, stack(0x0000000008290000,0x0000000008310000)]
  0x000000002dd77400 JavaThread "Timer-0" [_thread_blocked, id=688, stack(0x0000000008060000,0x00000000080e0000)]
  0x000000002dd76c00 JavaThread "JMI Unnamed Thread" [_thread_in_native, id=3028, stack(0x0000000005c00000,0x0000000006c00000)]
  0x0000000029b66000 JavaThread "Low Memory Detector" daemon [_thread_blocked, id=1968, stack(0x0000000007fe0000,0x0000000008060000)]
  0x0000000029b5cc00 JavaThread "CompilerThread1" daemon [_thread_blocked, id=1416, stack(0x000000002bc80000,0x000000002cc80000)]
  0x0000000029b55000 JavaThread "CompilerThread0" daemon [_thread_blocked, id=2996, stack(0x000000002ac80000,0x000000002bc80000)]
  0x0000000029b54000 JavaThread "Attach Listener" daemon [_thread_blocked, id=1852, stack(0x0000000007f60000,0x0000000007fe0000)]
  0x0000000029b2b000 JavaThread "Finalizer" daemon [_thread_blocked, id=604, stack(0x0000000007e00000,0x0000000007e80000)]
  0x0000000029b2a400 JavaThread "Reference Handler" daemon [_thread_blocked, id=2324, stack(0x00000000048e0000,0x0000000004960000)]
  0x00000000015bf800 JavaThread "main" [_thread_in_native, id=2424, stack(0x0000000000030000,0x0000000001030000)]

Other Threads:
  0x0000000029b23c00 VMThread [stack: 0x0000000029c80000,0x000000002ac80000] [id=1136]
  0x0000000029b67800 WatcherThread [stack: 0x000000002cc80000,0x000000002dc80000] [id=2380]

VM state:not at safepoint (normal execution)

VM Mutex/Monitor currently owned by a thread: None

Heap
 PSYoungGen      total 19456K, used 12250K [0x0000000022980000, 0x0000000023d40000, 0x0000000025a80000)
  eden space 18816K, 64% used [0x0000000022980000,0x000000002355ebe8,0x0000000023be0000)
  from space 640K, 15% used [0x0000000023ca0000,0x0000000023cb8000,0x0000000023d40000)
  to   space 704K, 0% used [0x0000000023be0000,0x0000000023be0000,0x0000000023c90000)
 PSOldGen        total 146752K, used 103652K [0x0000000019680000, 0x00000000225d0000, 0x0000000022980000)
  object space 146752K, 70% used [0x0000000019680000,0x000000001fbb92b8,0x00000000225d0000)
 PSPermGen       total 88064K, used 53390K [0x0000000011680000, 0x0000000016c80000, 0x0000000019680000)
  object space 88064K, 60% used [0x0000000011680000,0x0000000014aa3880,0x0000000016c80000)

Dynamic libraries:
0x0000000140000000 - 0x0000000140038000 	C:\Program Files\MATLAB\R2009b\bin\win64\MATLAB.exe
0x0000000077a70000 - 0x0000000077c19000 	C:\Windows\SYSTEM32\ntdll.dll
0x0000000077950000 - 0x0000000077a6f000 	C:\Windows\system32\kernel32.dll
0x000007fefda70000 - 0x000007fefdadc000 	C:\Windows\system32\KERNELBASE.dll
0x000000007cdb0000 - 0x000000007ceb9000 	C:\Program Files\MATLAB\R2009b\bin\win64\libut.dll
0x000007feffc80000 - 0x000007feffc97000 	C:\Windows\system32\imagehlp.dll
0x000007fefe880000 - 0x000007fefe91f000 	C:\Windows\system32\msvcrt.dll
0x0000000077c40000 - 0x0000000077c47000 	C:\Windows\system32\PSAPI.DLL
0x000000007d620000 - 0x000000007d648000 	C:\Program Files\MATLAB\R2009b\bin\win64\LIBEXPAT.dll
0x00000000748b0000 - 0x0000000074979000 	C:\Windows\WinSxS\amd64_microsoft.vc80.crt_1fc8b3b9a1e18e3b_8.0.50727.6195_none_88e41e092fab0294\MSVCR80.dll
0x000000007d320000 - 0x000000007d44c000 	C:\Program Files\MATLAB\R2009b\bin\win64\icuuc40.dll
0x000007feffb40000 - 0x000007feffc1b000 	C:\Windows\system32\ADVAPI32.dll
0x000007feff7e0000 - 0x000007feff7ff000 	C:\Windows\SYSTEM32\sechost.dll
0x000007feff800000 - 0x000007feff92d000 	C:\Windows\system32\RPCRT4.dll
0x000000007c760000 - 0x000000007c763000 	C:\Program Files\MATLAB\R2009b\bin\win64\icudt40.dll
0x000000007c770000 - 0x000000007c780000 	C:\Program Files\MATLAB\R2009b\bin\win64\icuio40.dll
0x000000007ca60000 - 0x000000007cbb3000 	C:\Program Files\MATLAB\R2009b\bin\win64\icuin40.dll
0x0000000074b40000 - 0x0000000074c49000 	C:\Windows\WinSxS\amd64_microsoft.vc80.crt_1fc8b3b9a1e18e3b_8.0.50727.6195_none_88e41e092fab0294\MSVCP80.dll
0x0000000077850000 - 0x000000007794a000 	C:\Windows\system32\USER32.dll
0x000007fefde40000 - 0x000007fefdea7000 	C:\Windows\system32\GDI32.dll
0x000007fefe760000 - 0x000007fefe76e000 	C:\Windows\system32\LPK.dll
0x000007fefdfd0000 - 0x000007fefe099000 	C:\Windows\system32\USP10.dll
0x0000000078820000 - 0x0000000078890000 	C:\Program Files\MATLAB\R2009b\bin\win64\libmwfl.dll
0x000000007e820000 - 0x000000007e82f000 	C:\Program Files\MATLAB\R2009b\bin\win64\boost_date_time-vc80-mt-1_36.dll
0x000000007e800000 - 0x000000007e816000 	C:\Program Files\MATLAB\R2009b\bin\win64\boost_signals-vc80-mt-1_36.dll
0x000000007dae0000 - 0x000000007dae9000 	C:\Program Files\MATLAB\R2009b\bin\win64\boost_system-vc80-mt-1_36.dll
0x000000007c740000 - 0x000000007c751000 	C:\Program Files\MATLAB\R2009b\bin\win64\boost_thread-vc80-mt-1_36.dll
0x000000007cf70000 - 0x000000007d1e1000 	C:\Program Files\MATLAB\R2009b\bin\win64\libmwservices.dll
0x000000007cec0000 - 0x000000007cf6f000 	C:\Program Files\MATLAB\R2009b\bin\win64\libmx.dll
0x0000000079070000 - 0x0000000079087000 	C:\Program Files\MATLAB\R2009b\bin\win64\zlib1.dll
0x000000007d1f0000 - 0x000000007d318000 	C:\Program Files\MATLAB\R2009b\bin\win64\libmwmathutil.dll
0x000000007a660000 - 0x000000007a6b8000 	C:\Program Files\MATLAB\R2009b\bin\win64\mpath.dll
0x000000007d650000 - 0x000000007d6a1000 	C:\Program Files\MATLAB\R2009b\bin\win64\mlutil.dll
0x00000000787b0000 - 0x00000000787ee000 	C:\Program Files\MATLAB\R2009b\bin\win64\tbb.dll
0x000007fef7c80000 - 0x000007fef7d20000 	C:\Windows\WinSxS\amd64_microsoft.windows.common-controls_6595b64144ccf1df_5.82.7601.17514_none_a4d6a923711520a9\COMCTL32.dll
0x000007fefdf30000 - 0x000007fefdfc7000 	C:\Windows\system32\comdlg32.dll
0x000007fefe560000 - 0x000007fefe5d1000 	C:\Windows\system32\SHLWAPI.dll
0x000007fefea50000 - 0x000007feff7d8000 	C:\Windows\system32\SHELL32.dll
0x000007fefb0c0000 - 0x000007fefb0d6000 	C:\Windows\system32\NETAPI32.dll
0x000007fefce80000 - 0x000007fefce8c000 	C:\Windows\system32\netutils.dll
0x000007fefd600000 - 0x000007fefd623000 	C:\Windows\system32\srvcli.dll
0x000007fefb0a0000 - 0x000007fefb0b5000 	C:\Windows\system32\wkscli.dll
0x000007fefe0a0000 - 0x000007fefe0ed000 	C:\Windows\system32\WS2_32.dll
0x000007fefdd90000 - 0x000007fefdd98000 	C:\Windows\system32\NSI.dll
0x000000007eaa0000 - 0x000000007eabd000 	C:\Program Files\MATLAB\R2009b\bin\win64\boost_filesystem-vc80-mt-1_36.dll
0x000000007acf0000 - 0x000000007ad87000 	C:\Program Files\MATLAB\R2009b\bin\win64\mcr.dll
0x000000007c780000 - 0x000000007c80c000 	C:\Program Files\MATLAB\R2009b\bin\win64\iqm.dll
0x000000007b440000 - 0x000000007bd40000 	C:\Program Files\MATLAB\R2009b\bin\win64\m_interpreter.dll
0x000000007c830000 - 0x000000007c840000 	C:\Program Files\MATLAB\R2009b\bin\win64\libmex.dll
0x000000007ab60000 - 0x000000007ac0b000 	C:\Program Files\MATLAB\R2009b\bin\win64\m_dispatcher.dll
0x000000007e720000 - 0x000000007e7ac000 	C:\Program Files\MATLAB\R2009b\bin\win64\xmlcore.dll
0x000000007a020000 - 0x000000007a2b5000 	C:\Program Files\MATLAB\R2009b\bin\win64\xerces-c_2_7.dll
0x000000007e980000 - 0x000000007ea71000 	C:\Program Files\MATLAB\R2009b\bin\win64\boost_regex-vc80-mt-1_36.dll
0x000000007aa00000 - 0x000000007aa91000 	C:\Program Files\MATLAB\R2009b\bin\win64\profiler.dll
0x000000007c8b0000 - 0x000000007c8da000 	C:\Program Files\MATLAB\R2009b\bin\win64\libmwmathrng.dll
0x0000000078fd0000 - 0x0000000078fea000 	C:\Program Files\MATLAB\R2009b\bin\win64\m_pcodeio.dll
0x000000007a610000 - 0x000000007a65d000 	C:\Program Files\MATLAB\R2009b\bin\win64\m_ir.dll
0x000000007ae40000 - 0x000000007b433000 	C:\Program Files\MATLAB\R2009b\bin\win64\m_parser.dll
0x000000007c810000 - 0x000000007c824000 	C:\Program Files\MATLAB\R2009b\bin\win64\ir_xfmr.dll
0x0000000078890000 - 0x0000000078b39000 	C:\Program Files\MATLAB\R2009b\bin\win64\mcos.dll
0x000000007c8f0000 - 0x000000007c8fc000 	C:\Program Files\MATLAB\R2009b\bin\win64\mtok.dll
0x0000000078fb0000 - 0x0000000078fd0000 	C:\Program Files\MATLAB\R2009b\bin\win64\m_pcodegen.dll
0x000007fefba30000 - 0x000007fefbb55000 	C:\Windows\system32\dbghelp.dll
0x0000000078ec0000 - 0x0000000078ee4000 	C:\Program Files\MATLAB\R2009b\bin\win64\bridge.dll
0x000000007c3d0000 - 0x000000007c490000 	C:\Program Files\MATLAB\R2009b\bin\win64\udd.dll
0x000000007d450000 - 0x000000007d59d000 	C:\Program Files\MATLAB\R2009b\bin\win64\libmwgui.dll
0x00000000790e0000 - 0x000000007980b000 	C:\Program Files\MATLAB\R2009b\bin\win64\hg.dll
0x0000000078ef0000 - 0x0000000078f2c000 	C:\Program Files\MATLAB\R2009b\bin\win64\libmat.dll
0x000000007cbc0000 - 0x000000007cdae000 	C:\Program Files\MATLAB\R2009b\bin\win64\libhdf5.dll
0x000000007a550000 - 0x000000007a5af000 	C:\Program Files\MATLAB\R2009b\bin\win64\jmi.dll
0x000000007a490000 - 0x000000007a4d0000 	C:\Program Files\MATLAB\R2009b\bin\win64\libmwhardcopy.dll
0x000000007a5b0000 - 0x000000007a60a000 	C:\Program Files\MATLAB\R2009b\bin\win64\libuij.dll
0x0000000078680000 - 0x00000000787ab000 	C:\Program Files\MATLAB\R2009b\bin\win64\hgdatatypes.dll
0x0000000078630000 - 0x000000007867b000 	C:\Program Files\MATLAB\R2009b\bin\win64\hgutils.dll
0x0000000078f30000 - 0x0000000078fa5000 	C:\Program Files\MATLAB\R2009b\bin\win64\libmwlapack.dll
0x000000007c850000 - 0x000000007c863000 	C:\Program Files\MATLAB\R2009b\bin\win64\libmwbinder.dll
0x000000007c490000 - 0x000000007c73e000 	C:\Program Files\MATLAB\R2009b\bin\win64\uiw.dll
0x000000007c930000 - 0x000000007c93a000 	C:\Program Files\MATLAB\R2009b\bin\win64\uinone.dll
0x0000000073690000 - 0x000000007382c000 	C:\Windows\WinSxS\amd64_microsoft.vc80.mfc_1fc8b3b9a1e18e3b_8.0.50727.6195_none_8448b2bd328df189\MFC80.DLL
0x000007fef9bd0000 - 0x000007fef9c41000 	C:\Windows\system32\WINSPOOL.DRV
0x000007feff930000 - 0x000007feffb33000 	C:\Windows\system32\ole32.dll
0x000007feffca0000 - 0x000007feffd77000 	C:\Windows\system32\OLEAUT32.dll
0x000000007ad90000 - 0x000000007ae3f000 	C:\Program Files\MATLAB\R2009b\bin\win64\udd_mi.dll
0x0000000078ff0000 - 0x0000000079008000 	C:\Program Files\MATLAB\R2009b\bin\win64\mwoles05.DLL
0x000000007a990000 - 0x000000007a9fa000 	C:\Program Files\MATLAB\R2009b\bin\win64\comcli.dll
0x0000000075260000 - 0x0000000075280000 	C:\Windows\WinSxS\amd64_microsoft.vc80.atl_1fc8b3b9a1e18e3b_8.0.50727.6195_none_8a1dd9552ed7f8d8\ATL80.DLL
0x000000007c8e0000 - 0x000000007c8ee000 	C:\Program Files\MATLAB\R2009b\bin\win64\mlautoregister.dll
0x000007fefe350000 - 0x000007fefe37e000 	C:\Windows\system32\IMM32.DLL
0x000007fefe770000 - 0x000007fefe879000 	C:\Windows\system32\MSCTF.dll
0x00000000753b0000 - 0x00000000753bd000 	C:\Windows\WinSxS\amd64_microsoft.vc80.mfcloc_1fc8b3b9a1e18e3b_8.0.50727.6195_none_bc20f59b0bdd1acd\MFC80ENU.DLL
0x000007fefc290000 - 0x000007fefc2e6000 	C:\Windows\system32\uxtheme.dll
0x000007fefd9c0000 - 0x000007fefd9cf000 	C:\Windows\system32\profapi.dll
0x0000000075240000 - 0x0000000075243000 	C:\Windows\system32\icmp.Dll
0x000007fefa640000 - 0x000007fefa667000 	C:\Windows\system32\iphlpapi.DLL
0x000007fefa630000 - 0x000007fefa63b000 	C:\Windows\system32\WINNSI.DLL
0x000007fefd860000 - 0x000007fefd885000 	C:\Windows\system32\SspiCli.dll
0x000007fefadf0000 - 0x000007fefae05000 	C:\Windows\system32\NLAapi.dll
0x000007fef9e10000 - 0x000007fef9e25000 	C:\Windows\system32\napinsp.dll
0x000007fef9e30000 - 0x000007fef9e49000 	C:\Windows\system32\pnrpnsp.dll
0x000007fefd1f0000 - 0x000007fefd245000 	C:\Windows\System32\mswsock.dll
0x000007fefd070000 - 0x000007fefd0cb000 	C:\Windows\system32\DNSAPI.dll
0x000007fef9b10000 - 0x000007fef9b1b000 	C:\Windows\System32\winrnr.dll
0x000007fefa4f0000 - 0x000007fefa543000 	C:\Windows\System32\fwpuclnt.dll
0x000007fef9ff0000 - 0x000007fef9ff8000 	C:\Windows\system32\rasadhlp.dll
0x000007fefcbe0000 - 0x000007fefcbe7000 	C:\Windows\System32\wshtcpip.dll
0x000007fefa4c0000 - 0x000007fefa4d1000 	C:\Windows\system32\dhcpcsvc6.DLL
0x000007fefa4a0000 - 0x000007fefa4b8000 	C:\Windows\system32\dhcpcsvc.DLL
0x000007fefd8f0000 - 0x000007fefd8ff000 	C:\Windows\system32\CRYPTBASE.dll
0x000007fefbd70000 - 0x000007fefbd88000 	C:\Windows\system32\dwmapi.dll
0x000000006d7f0000 - 0x000000006dda8000 	C:\Program Files\MATLAB\R2009b\sys\java\jre\win64\jre\bin\server\jvm.dll
0x000007fefacc0000 - 0x000007fefacfb000 	C:\Windows\system32\WINMM.dll
0x000007fefdda0000 - 0x000007fefde39000 	C:\Windows\system32\CLBCatQ.DLL
0x000000007ab10000 - 0x000000007ab1a000 	C:\Program Files\MATLAB\R2009b\sys\java\jre\win64\jre\bin\hpi.dll
0x000000007ab30000 - 0x000000007ab3e000 	C:\Program Files\MATLAB\R2009b\sys\java\jre\win64\jre\bin\verify.dll
0x0000000079090000 - 0x00000000790b7000 	C:\Program Files\MATLAB\R2009b\sys\java\jre\win64\jre\bin\java.dll
0x000000007ab40000 - 0x000000007ab52000 	C:\Program Files\MATLAB\R2009b\sys\java\jre\win64\jre\bin\zip.dll
0x0000000079010000 - 0x0000000079032000 	C:\Program Files\MATLAB\R2009b\bin\win64\nativejava.dll
0x0000000079040000 - 0x000000007906b000 	C:\Program Files\MATLAB\R2009b\bin\win64\nativejmi.dll
0x000000007c920000 - 0x000000007c927000 	C:\Program Files\MATLAB\R2009b\bin\win64\nativeservices.dll
0x000000007a2c0000 - 0x000000007a482000 	C:\Program Files\MATLAB\R2009b\sys\java\jre\win64\jre\bin\awt.dll
0x000000007ac10000 - 0x000000007ac7b000 	C:\Program Files\MATLAB\R2009b\sys\java\jre\win64\jre\bin\fontmanager.dll
0x00000000790c0000 - 0x00000000790d7000 	C:\Program Files\MATLAB\R2009b\sys\java\jre\win64\jre\bin\net.dll
0x000007fefd1e0000 - 0x000007fefd1e7000 	C:\Windows\System32\wship6.dll
0x000000007ab20000 - 0x000000007ab2b000 	C:\Program Files\MATLAB\R2009b\sys\java\jre\win64\jre\bin\nio.dll
0x000007fefd480000 - 0x000007fefd497000 	C:\Windows\system32\CRYPTSP.dll
0x000007fefcf50000 - 0x000007fefcf97000 	C:\Windows\system32\rsaenh.dll
0x000007fefcd70000 - 0x000007fefcd8e000 	C:\Windows\system32\USERENV.dll
0x0000000078300000 - 0x000000007830a000 	C:\Program Files\MATLAB\R2009b\bin\win64\nativelmgr.dll

VM Arguments:
jvm_args: -Xss512k -XX:PermSize=32m -Xms64m -XX:NewRatio=3 -XX:MaxPermSize=128m -Xmx196m -XX:MaxDirectMemorySize=2147400000 -Dsun.java2d.noddraw=true -Dsun.awt.nopixfmt=true -Xshare:off -Xrs -Djava.library.path=C:\Program Files\MATLAB\R2009b\bin\win64 vfprintf abort 
java_command: <unknown>
Launcher Type: generic

Environment Variables:
PATH=C:\Program Files\ImageMagick-6.6.8-Q16;C:\Windows\system32;C:\Windows;C:\Windows\System32\Wbem;C:\Windows\System32\WindowsPowerShell\v1.0\;C:\Program Files\MATLAB\R2009b\runtime\win64;C:\Program Files\MATLAB\R2009b\bin
USERNAME=aaronh
OS=Windows_NT
PROCESSOR_IDENTIFIER=Intel64 Family 6 Model 15 Stepping 11, GenuineIntel



---------------  S Y S T E M  ---------------

OS: Windows NT 6.1 Build 7601 Service Pack 1

CPU:total 4 (4 cores per cpu, 1 threads per core) family 6 model 15 stepping 11, cmov, cx8, fxsr, mmx, sse, sse2, sse3, ssse3

Memory: 4k page, physical 8320632k(4999712k free), swap 16639416k(13710016k free)

vm_info: Java HotSpot(TM) 64-Bit Server VM (11.2-b01) for windows-amd64 JRE (1.6.0_12-b04), built on Jan 17 2009 01:49:05 by "java_re" with MS VC++ 8.0

time: Thu Oct 13 18:23:01 2011
elapsed time: 115503 seconds

