#
# An unexpected error has been detected by Java Runtime Environment:
#
#  EXCEPTION_ACCESS_VIOLATION (0xc0000005) at pc=0x000000007a39d0e0, pid=3504, tid=2288
#
# Java VM: Java HotSpot(TM) 64-Bit Server VM (11.2-b01 mixed mode windows-amd64)
# Problematic frame:
# C  [awt.dll+0xdd0e0]
#
# If you would like to submit a bug report, please visit:
#   http://java.sun.com/webapps/bugreport/crash.jsp
# The crash happened outside the Java Virtual Machine in native code.
# See problematic frame for where to report the bug.
#

---------------  T H R E A D  ---------------

Current thread (0x000000002f28b000):  JavaThread "AWT-EventQueue-0" [_thread_in_native, id=2288, stack(0x00000000302b0000,0x0000000030330000)]

siginfo: ExceptionCode=0xc0000005, reading address 0x0000000000000008

Registers:
EAX=0x000000000000000d, EBX=0x000000002f28b1c0, ECX=0x0000000000000000, EDX=0xfffffffff9010aee
ESP=0x000000003032e1b8, EBP=0x0000000030129940, ESI=0x000000002f28b1c0, EDI=0x000000003012f670
EIP=0x000000007a39d0e0, EFLAGS=0x0000000000010202

Top of Stack: (sp=0x000000003032e1b8)
0x000000003032e1b8:   000000007a345acc 0000000000000000
0x000000003032e1c8:   000000002f28b1c0 0000000030129940
0x000000003032e1d8:   000000002f28b1c0 0000000000000000
0x000000003032e1e8:   000000002f28b1c0 0000000000000101
0x000000003032e1f8:   000000007a323810 000000002f28b1c0
0x000000003032e208:   000000003032e8d0 000000003032e948
0x000000003032e218:   0000000030129940 0000000000000000
0x000000003032e228:   000000007a342381 000000000fdb49c8
0x000000003032e238:   000000003032e940 0000000000000018
0x000000003032e248:   000000003032e948 00008f78a488e6b0
0x000000003032e258:   000000006d8ec482 000000002f28b000
0x000000003032e268:   000000000fda7ee8 0000000000000101
0x000000003032e278:   0000000000000016 0000000000000000
0x000000003032e288:   000000003032e338 401e000000000000
0x000000003032e298:   000000000c2ef358 000000003032e2a0
0x000000003032e2a8:   000000000fd84ab8 000000003032e2f8 

Instructions: (pc=0x000000007a39d0e0)
0x000000007a39d0d0:   48 8b 41 08 48 8b 80 18 0c 00 00 c3 cc cc cc cc
0x000000007a39d0e0:   48 8b 49 08 48 85 c9 74 05 e9 b2 ee fd ff 33 c0 


Stack: [0x00000000302b0000,0x0000000030330000],  sp=0x000000003032e1b8,  free space=504k
Native frames: (J=compiled Java code, j=interpreted, Vv=VM code, C=native code)
C  [awt.dll+0xdd0e0]

Java frames: (J=compiled Java code, j=interpreted, Vv=VM code)
j  sun.java2d.windows.GDIBlitLoops.nativeBlit(Lsun/java2d/SurfaceData;Lsun/java2d/SurfaceData;Lsun/java2d/pipe/Region;IIIIIIIIIZ)V+0
j  sun.java2d.windows.GDIBlitLoops.Blit(Lsun/java2d/SurfaceData;Lsun/java2d/SurfaceData;Ljava/awt/Composite;Lsun/java2d/pipe/Region;IIIIII)V+33
j  sun.java2d.pipe.DrawImage.blitSurfaceData(Lsun/java2d/SunGraphics2D;Lsun/java2d/pipe/Region;Lsun/java2d/SurfaceData;Lsun/java2d/SurfaceData;Lsun/java2d/loops/SurfaceType;Lsun/java2d/loops/SurfaceType;IIIIIILjava/awt/Color;)V+97
j  sun.java2d.pipe.DrawImage.renderImageCopy(Lsun/java2d/SunGraphics2D;Ljava/awt/Image;Ljava/awt/Color;IIIIII)Z+75
j  sun.java2d.pipe.DrawImage.copyImage(Lsun/java2d/SunGraphics2D;Ljava/awt/Image;IILjava/awt/Color;)Z+45
j  sun.java2d.pipe.DrawImage.copyImage(Lsun/java2d/SunGraphics2D;Ljava/awt/Image;IILjava/awt/Color;Ljava/awt/image/ImageObserver;)Z+15
j  sun.java2d.pipe.ValidatePipe.copyImage(Lsun/java2d/SunGraphics2D;Ljava/awt/Image;IILjava/awt/Color;Ljava/awt/image/ImageObserver;)Z+21
j  sun.java2d.SunGraphics2D.drawImage(Ljava/awt/Image;IILjava/awt/Color;Ljava/awt/image/ImageObserver;)Z+18
j  sun.java2d.SunGraphics2D.drawImage(Ljava/awt/Image;IILjava/awt/image/ImageObserver;)Z+7
j  javax.swing.RepaintManager$PaintManager.paintDoubleBuffered(Ljavax/swing/JComponent;Ljava/awt/Image;Ljava/awt/Graphics;IIII)V+127
j  javax.swing.RepaintManager$PaintManager.paint(Ljavax/swing/JComponent;Ljavax/swing/JComponent;Ljava/awt/Graphics;IIII)Z+116
j  javax.swing.RepaintManager.paint(Ljavax/swing/JComponent;Ljavax/swing/JComponent;Ljava/awt/Graphics;IIII)V+52
j  javax.swing.JComponent._paintImmediately(IIII)V+679
j  javax.swing.JComponent.paintImmediately(IIII)V+83
j  javax.swing.RepaintManager.paintDirtyRegions(Ljava/util/Map;)V+199
j  javax.swing.RepaintManager.paintDirtyRegions()V+46
j  javax.swing.RepaintManager.seqPaintDirtyRegions()V+73
j  javax.swing.SystemEventQueueUtilities$ComponentWorkRequest.run()V+36
j  java.awt.event.InvocationEvent.dispatch()V+47
J  java.awt.EventDispatchThread.pumpOneEventForFilters(I)Z
J  java.awt.EventDispatchThread.pumpEventsForFilter(ILjava/awt/Conditional;Ljava/awt/EventFilter;)V
j  java.awt.EventDispatchThread.pumpEventsForHierarchy(ILjava/awt/Conditional;Ljava/awt/Component;)V+11
j  java.awt.EventDispatchThread.pumpEvents(ILjava/awt/Conditional;)V+4
j  java.awt.EventDispatchThread.pumpEvents(Ljava/awt/Conditional;)V+3
j  java.awt.EventDispatchThread.run()V+9
v  ~StubRoutines::call_stub

---------------  P R O C E S S  ---------------

Java Threads: ( => current thread )
  0x000000002e728800 JavaThread "Prefs Updater" daemon [_thread_blocked, id=1984, stack(0x00000000319f0000,0x0000000031a70000)]
  0x000000002e729800 JavaThread "Timer-8" daemon [_thread_blocked, id=544, stack(0x0000000031a70000,0x0000000031af0000)]
  0x000000002e728400 JavaThread "Timer-1" [_thread_blocked, id=4580, stack(0x00000000303d0000,0x0000000030450000)]
  0x000000002e727c00 JavaThread "TimerQueue" daemon [_thread_blocked, id=3108, stack(0x0000000030340000,0x00000000303c0000)]
=>0x000000002f28b000 JavaThread "AWT-EventQueue-0" [_thread_in_native, id=2288, stack(0x00000000302b0000,0x0000000030330000)]
  0x000000002e7a1400 JavaThread "AWT-Windows" daemon [_thread_in_native, id=4852, stack(0x000000002eb80000,0x000000002ec00000)]
  0x000000002e79b800 JavaThread "AWT-Shutdown" [_thread_blocked, id=664, stack(0x000000002eb00000,0x000000002eb80000)]
  0x000000002e79b000 JavaThread "Java2D Disposer" daemon [_thread_blocked, id=3084, stack(0x000000002ea80000,0x000000002eb00000)]
  0x0000000029c3f400 JavaThread "Timer-0" [_thread_blocked, id=2668, stack(0x000000002e140000,0x000000002e1c0000)]
  0x000000002dec3400 JavaThread "JMI Unnamed Thread" [_thread_in_native, id=4372, stack(0x0000000005ec0000,0x0000000006ec0000)]
  0x0000000029b1d400 JavaThread "Low Memory Detector" daemon [_thread_blocked, id=4620, stack(0x000000002ccc0000,0x000000002cd40000)]
  0x0000000029b14000 JavaThread "CompilerThread1" daemon [_thread_blocked, id=380, stack(0x000000002bcc0000,0x000000002ccc0000)]
  0x0000000029b0e400 JavaThread "CompilerThread0" daemon [_thread_blocked, id=3264, stack(0x000000002acc0000,0x000000002bcc0000)]
  0x0000000029b0d400 JavaThread "Attach Listener" daemon [_thread_blocked, id=2900, stack(0x000000002ac40000,0x000000002acc0000)]
  0x0000000029ae7800 JavaThread "Finalizer" daemon [_thread_blocked, id=4048, stack(0x00000000277c0000,0x0000000027840000)]
  0x0000000029ae6c00 JavaThread "Reference Handler" daemon [_thread_blocked, id=4540, stack(0x0000000007fa0000,0x0000000008020000)]
  0x000000000155f800 JavaThread "main" [_thread_in_native, id=4932, stack(0x0000000000030000,0x0000000001030000)]

Other Threads:
  0x000000000165fc00 VMThread [stack: 0x0000000029c40000,0x000000002ac40000] [id=1448]
  0x00000000015a9800 WatcherThread [stack: 0x000000002cd40000,0x000000002dd40000] [id=888]

VM state:not at safepoint (normal execution)

VM Mutex/Monitor currently owned by a thread: None

Heap
 PSYoungGen      total 17408K, used 1132K [0x00000000205e0000, 0x0000000021800000, 0x00000000236e0000)
  eden space 16320K, 3% used [0x00000000205e0000,0x0000000020673d60,0x00000000215d0000)
  from space 1088K, 49% used [0x00000000216e0000,0x0000000021767440,0x00000000217f0000)
  to   space 1088K, 0% used [0x00000000215d0000,0x00000000215d0000,0x00000000216e0000)
 PSOldGen        total 150144K, used 107073K [0x00000000172e0000, 0x0000000020580000, 0x00000000205e0000)
  object space 150144K, 71% used [0x00000000172e0000,0x000000001db707e0,0x0000000020580000)
 PSPermGen       total 86336K, used 47884K [0x000000000f2e0000, 0x0000000014730000, 0x00000000172e0000)
  object space 86336K, 55% used [0x000000000f2e0000,0x00000000121a3048,0x0000000014730000)

Dynamic libraries:
0x0000000140000000 - 0x0000000140038000 	C:\Program Files\MATLAB\R2009b\bin\win64\MATLAB.exe
0x00000000770b0000 - 0x0000000077259000 	C:\Windows\SYSTEM32\ntdll.dll
0x0000000076f90000 - 0x00000000770af000 	C:\Windows\system32\kernel32.dll
0x000007fefd2a0000 - 0x000007fefd30c000 	C:\Windows\system32\KERNELBASE.dll
0x000000007cdb0000 - 0x000000007ceb9000 	C:\Program Files\MATLAB\R2009b\bin\win64\libut.dll
0x000007fefd6f0000 - 0x000007fefd707000 	C:\Windows\system32\imagehlp.dll
0x000007feff320000 - 0x000007feff3bf000 	C:\Windows\system32\msvcrt.dll
0x0000000077270000 - 0x0000000077277000 	C:\Windows\system32\PSAPI.DLL
0x000000007d620000 - 0x000000007d648000 	C:\Program Files\MATLAB\R2009b\bin\win64\LIBEXPAT.dll
0x000000006eda0000 - 0x000000006ee69000 	C:\Windows\WinSxS\amd64_microsoft.vc80.crt_1fc8b3b9a1e18e3b_8.0.50727.6195_none_88e41e092fab0294\MSVCR80.dll
0x000000007d320000 - 0x000000007d44c000 	C:\Program Files\MATLAB\R2009b\bin\win64\icuuc40.dll
0x000007feff1f0000 - 0x000007feff2cb000 	C:\Windows\system32\ADVAPI32.dll
0x000007fefd710000 - 0x000007fefd72f000 	C:\Windows\SYSTEM32\sechost.dll
0x000007fefdf60000 - 0x000007fefe08d000 	C:\Windows\system32\RPCRT4.dll
0x000000007c760000 - 0x000000007c763000 	C:\Program Files\MATLAB\R2009b\bin\win64\icudt40.dll
0x000000007c770000 - 0x000000007c780000 	C:\Program Files\MATLAB\R2009b\bin\win64\icuio40.dll
0x000000007ca60000 - 0x000000007cbb3000 	C:\Program Files\MATLAB\R2009b\bin\win64\icuin40.dll
0x000000006e640000 - 0x000000006e749000 	C:\Windows\WinSxS\amd64_microsoft.vc80.crt_1fc8b3b9a1e18e3b_8.0.50727.6195_none_88e41e092fab0294\MSVCP80.dll
0x0000000076e90000 - 0x0000000076f8a000 	C:\Windows\system32\USER32.dll
0x000007fefd3d0000 - 0x000007fefd437000 	C:\Windows\system32\GDI32.dll
0x000007fefddd0000 - 0x000007fefddde000 	C:\Windows\system32\LPK.dll
0x000007fefe390000 - 0x000007fefe459000 	C:\Windows\system32\USP10.dll
0x0000000078820000 - 0x0000000078890000 	C:\Program Files\MATLAB\R2009b\bin\win64\libmwfl.dll
0x000000007e820000 - 0x000000007e82f000 	C:\Program Files\MATLAB\R2009b\bin\win64\boost_date_time-vc80-mt-1_36.dll
0x000000007e800000 - 0x000000007e816000 	C:\Program Files\MATLAB\R2009b\bin\win64\boost_signals-vc80-mt-1_36.dll
0x000000007dae0000 - 0x000000007dae9000 	C:\Program Files\MATLAB\R2009b\bin\win64\boost_system-vc80-mt-1_36.dll
0x000000007c740000 - 0x000000007c751000 	C:\Program Files\MATLAB\R2009b\bin\win64\boost_thread-vc80-mt-1_36.dll
0x000000007cf70000 - 0x000000007d1e1000 	C:\Program Files\MATLAB\R2009b\bin\win64\libmwservices.dll
0x000000007cec0000 - 0x000000007cf6f000 	C:\Program Files\MATLAB\R2009b\bin\win64\libmx.dll
0x0000000079070000 - 0x0000000079087000 	C:\Program Files\MATLAB\R2009b\bin\win64\zlib1.dll
0x000000007d1f0000 - 0x000000007d318000 	C:\Program Files\MATLAB\R2009b\bin\win64\libmwmathutil.dll
0x000000007a660000 - 0x000000007a6b8000 	C:\Program Files\MATLAB\R2009b\bin\win64\mpath.dll
0x000000007d650000 - 0x000000007d6a1000 	C:\Program Files\MATLAB\R2009b\bin\win64\mlutil.dll
0x00000000787b0000 - 0x00000000787ee000 	C:\Program Files\MATLAB\R2009b\bin\win64\tbb.dll
0x000007fef7ee0000 - 0x000007fef7f80000 	C:\Windows\WinSxS\amd64_microsoft.windows.common-controls_6595b64144ccf1df_5.82.7601.17514_none_a4d6a923711520a9\COMCTL32.dll
0x000007fefdde0000 - 0x000007fefde77000 	C:\Windows\system32\comdlg32.dll
0x000007fefd970000 - 0x000007fefd9e1000 	C:\Windows\system32\SHLWAPI.dll
0x000007fefe460000 - 0x000007feff1e8000 	C:\Windows\system32\SHELL32.dll
0x000007fefb0f0000 - 0x000007fefb106000 	C:\Windows\system32\NETAPI32.dll
0x000007fefcad0000 - 0x000007fefcadc000 	C:\Windows\system32\netutils.dll
0x000007fefcae0000 - 0x000007fefcb03000 	C:\Windows\system32\srvcli.dll
0x000007fefb0d0000 - 0x000007fefb0e5000 	C:\Windows\system32\wkscli.dll
0x000007feff2d0000 - 0x000007feff31d000 	C:\Windows\system32\WS2_32.dll
0x000007fefe380000 - 0x000007fefe388000 	C:\Windows\system32\NSI.dll
0x000000007eaa0000 - 0x000000007eabd000 	C:\Program Files\MATLAB\R2009b\bin\win64\boost_filesystem-vc80-mt-1_36.dll
0x000000007acf0000 - 0x000000007ad87000 	C:\Program Files\MATLAB\R2009b\bin\win64\mcr.dll
0x000000007c780000 - 0x000000007c80c000 	C:\Program Files\MATLAB\R2009b\bin\win64\iqm.dll
0x000000007b440000 - 0x000000007bd40000 	C:\Program Files\MATLAB\R2009b\bin\win64\m_interpreter.dll
0x000000007c830000 - 0x000000007c840000 	C:\Program Files\MATLAB\R2009b\bin\win64\libmex.dll
0x000000007ab60000 - 0x000000007ac0b000 	C:\Program Files\MATLAB\R2009b\bin\win64\m_dispatcher.dll
0x000000007e720000 - 0x000000007e7ac000 	C:\Program Files\MATLAB\R2009b\bin\win64\xmlcore.dll
0x000000007a020000 - 0x000000007a2b5000 	C:\Program Files\MATLAB\R2009b\bin\win64\xerces-c_2_7.dll
0x000000007e980000 - 0x000000007ea71000 	C:\Program Files\MATLAB\R2009b\bin\win64\boost_regex-vc80-mt-1_36.dll
0x000000007aa00000 - 0x000000007aa91000 	C:\Program Files\MATLAB\R2009b\bin\win64\profiler.dll
0x000000007c8b0000 - 0x000000007c8da000 	C:\Program Files\MATLAB\R2009b\bin\win64\libmwmathrng.dll
0x0000000078fd0000 - 0x0000000078fea000 	C:\Program Files\MATLAB\R2009b\bin\win64\m_pcodeio.dll
0x000000007a610000 - 0x000000007a65d000 	C:\Program Files\MATLAB\R2009b\bin\win64\m_ir.dll
0x000000007ae40000 - 0x000000007b433000 	C:\Program Files\MATLAB\R2009b\bin\win64\m_parser.dll
0x000000007c810000 - 0x000000007c824000 	C:\Program Files\MATLAB\R2009b\bin\win64\ir_xfmr.dll
0x0000000078890000 - 0x0000000078b39000 	C:\Program Files\MATLAB\R2009b\bin\win64\mcos.dll
0x000000007c8f0000 - 0x000000007c8fc000 	C:\Program Files\MATLAB\R2009b\bin\win64\mtok.dll
0x0000000078fb0000 - 0x0000000078fd0000 	C:\Program Files\MATLAB\R2009b\bin\win64\m_pcodegen.dll
0x000007fef0e90000 - 0x000007fef0fb5000 	C:\Windows\system32\dbghelp.dll
0x0000000078ec0000 - 0x0000000078ee4000 	C:\Program Files\MATLAB\R2009b\bin\win64\bridge.dll
0x000000007c3d0000 - 0x000000007c490000 	C:\Program Files\MATLAB\R2009b\bin\win64\udd.dll
0x000000007d450000 - 0x000000007d59d000 	C:\Program Files\MATLAB\R2009b\bin\win64\libmwgui.dll
0x00000000790e0000 - 0x000000007980b000 	C:\Program Files\MATLAB\R2009b\bin\win64\hg.dll
0x0000000078ef0000 - 0x0000000078f2c000 	C:\Program Files\MATLAB\R2009b\bin\win64\libmat.dll
0x000000007cbc0000 - 0x000000007cdae000 	C:\Program Files\MATLAB\R2009b\bin\win64\libhdf5.dll
0x000000007a550000 - 0x000000007a5af000 	C:\Program Files\MATLAB\R2009b\bin\win64\jmi.dll
0x000000007a490000 - 0x000000007a4d0000 	C:\Program Files\MATLAB\R2009b\bin\win64\libmwhardcopy.dll
0x000000007a5b0000 - 0x000000007a60a000 	C:\Program Files\MATLAB\R2009b\bin\win64\libuij.dll
0x0000000078680000 - 0x00000000787ab000 	C:\Program Files\MATLAB\R2009b\bin\win64\hgdatatypes.dll
0x0000000078630000 - 0x000000007867b000 	C:\Program Files\MATLAB\R2009b\bin\win64\hgutils.dll
0x0000000078f30000 - 0x0000000078fa5000 	C:\Program Files\MATLAB\R2009b\bin\win64\libmwlapack.dll
0x000000007c850000 - 0x000000007c863000 	C:\Program Files\MATLAB\R2009b\bin\win64\libmwbinder.dll
0x000000007c490000 - 0x000000007c73e000 	C:\Program Files\MATLAB\R2009b\bin\win64\uiw.dll
0x000000007c930000 - 0x000000007c93a000 	C:\Program Files\MATLAB\R2009b\bin\win64\uinone.dll
0x000000006e020000 - 0x000000006e1bc000 	C:\Windows\WinSxS\amd64_microsoft.vc80.mfc_1fc8b3b9a1e18e3b_8.0.50727.6195_none_8448b2bd328df189\MFC80.DLL
0x000007fef9610000 - 0x000007fef9681000 	C:\Windows\system32\WINSPOOL.DRV
0x000007fefd440000 - 0x000007fefd643000 	C:\Windows\system32\ole32.dll
0x000007fefe090000 - 0x000007fefe167000 	C:\Windows\system32\OLEAUT32.dll
0x000000007ad90000 - 0x000000007ae3f000 	C:\Program Files\MATLAB\R2009b\bin\win64\udd_mi.dll
0x0000000078ff0000 - 0x0000000079008000 	C:\Program Files\MATLAB\R2009b\bin\win64\mwoles05.DLL
0x000000007a990000 - 0x000000007a9fa000 	C:\Program Files\MATLAB\R2009b\bin\win64\comcli.dll
0x00000000719e0000 - 0x0000000071a00000 	C:\Windows\WinSxS\amd64_microsoft.vc80.atl_1fc8b3b9a1e18e3b_8.0.50727.6195_none_8a1dd9552ed7f8d8\ATL80.DLL
0x000000007c8e0000 - 0x000000007c8ee000 	C:\Program Files\MATLAB\R2009b\bin\win64\mlautoregister.dll
0x000007fefe350000 - 0x000007fefe37e000 	C:\Windows\system32\IMM32.DLL
0x000007fefd860000 - 0x000007fefd969000 	C:\Windows\system32\MSCTF.dll
0x0000000074480000 - 0x000000007448d000 	C:\Windows\WinSxS\amd64_microsoft.vc80.mfcloc_1fc8b3b9a1e18e3b_8.0.50727.6195_none_bc20f59b0bdd1acd\MFC80ENU.DLL
0x000007fefb920000 - 0x000007fefb976000 	C:\Windows\system32\uxtheme.dll
0x000007fefd000000 - 0x000007fefd00f000 	C:\Windows\system32\profapi.dll
0x0000000074470000 - 0x0000000074473000 	C:\Windows\system32\icmp.Dll
0x000007fefa8f0000 - 0x000007fefa917000 	C:\Windows\system32\iphlpapi.DLL
0x000007fefa8e0000 - 0x000007fefa8eb000 	C:\Windows\system32\WINNSI.DLL
0x000007fefcea0000 - 0x000007fefcec5000 	C:\Windows\system32\SspiCli.dll
0x000007fefacf0000 - 0x000007fefad05000 	C:\Windows\system32\NLAapi.dll
0x000007fef7740000 - 0x000007fef7755000 	C:\Windows\system32\napinsp.dll
0x000007fef7720000 - 0x000007fef7739000 	C:\Windows\system32\pnrpnsp.dll
0x000007fefc850000 - 0x000007fefc8a5000 	C:\Windows\System32\mswsock.dll
0x000007fefc6d0000 - 0x000007fefc72b000 	C:\Windows\system32\DNSAPI.dll
0x000007fef7710000 - 0x000007fef771b000 	C:\Windows\System32\winrnr.dll
0x000007fefa550000 - 0x000007fefa5a3000 	C:\Windows\System32\fwpuclnt.dll
0x000007fef8940000 - 0x000007fef8948000 	C:\Windows\system32\rasadhlp.dll
0x000007fefc220000 - 0x000007fefc227000 	C:\Windows\System32\wshtcpip.dll
0x000007fefa520000 - 0x000007fefa531000 	C:\Windows\system32\dhcpcsvc6.DLL
0x000007fefa4a0000 - 0x000007fefa4b8000 	C:\Windows\system32\dhcpcsvc.DLL
0x000007fefcf30000 - 0x000007fefcf3f000 	C:\Windows\system32\CRYPTBASE.dll
0x000000006d7f0000 - 0x000000006dda8000 	C:\Program Files\MATLAB\R2009b\sys\java\jre\win64\jre\bin\server\jvm.dll
0x000007fefad10000 - 0x000007fefad4b000 	C:\Windows\system32\WINMM.dll
0x000007fefb3c0000 - 0x000007fefb3d8000 	C:\Windows\system32\dwmapi.dll
0x000000007ab10000 - 0x000000007ab1a000 	C:\Program Files\MATLAB\R2009b\sys\java\jre\win64\jre\bin\hpi.dll
0x000000007ab30000 - 0x000000007ab3e000 	C:\Program Files\MATLAB\R2009b\sys\java\jre\win64\jre\bin\verify.dll
0x0000000079090000 - 0x00000000790b7000 	C:\Program Files\MATLAB\R2009b\sys\java\jre\win64\jre\bin\java.dll
0x000000007ab40000 - 0x000000007ab52000 	C:\Program Files\MATLAB\R2009b\sys\java\jre\win64\jre\bin\zip.dll
0x000007fefd650000 - 0x000007fefd6e9000 	C:\Windows\system32\CLBCatQ.DLL
0x0000000079010000 - 0x0000000079032000 	C:\Program Files\MATLAB\R2009b\bin\win64\nativejava.dll
0x0000000079040000 - 0x000000007906b000 	C:\Program Files\MATLAB\R2009b\bin\win64\nativejmi.dll
0x000000007c920000 - 0x000000007c927000 	C:\Program Files\MATLAB\R2009b\bin\win64\nativeservices.dll
0x000000007a2c0000 - 0x000000007a482000 	C:\Program Files\MATLAB\R2009b\sys\java\jre\win64\jre\bin\awt.dll
0x000000007ac10000 - 0x000000007ac7b000 	C:\Program Files\MATLAB\R2009b\sys\java\jre\win64\jre\bin\fontmanager.dll
0x00000000790c0000 - 0x00000000790d7000 	C:\Program Files\MATLAB\R2009b\sys\java\jre\win64\jre\bin\net.dll
0x000007fefc840000 - 0x000007fefc847000 	C:\Windows\System32\wship6.dll
0x000000007ab20000 - 0x000000007ab2b000 	C:\Program Files\MATLAB\R2009b\sys\java\jre\win64\jre\bin\nio.dll
0x000007fefc8b0000 - 0x000007fefc8c7000 	C:\Windows\system32\CRYPTSP.dll
0x000007fefc5b0000 - 0x000007fefc5f7000 	C:\Windows\system32\rsaenh.dll
0x000007fefc330000 - 0x000007fefc34e000 	C:\Windows\system32\USERENV.dll
0x0000000078300000 - 0x000000007830a000 	C:\Program Files\MATLAB\R2009b\bin\win64\nativelmgr.dll

VM Arguments:
jvm_args: -Xss512k -XX:PermSize=32m -Xms64m -XX:NewRatio=3 -XX:MaxPermSize=128m -Xmx196m -XX:MaxDirectMemorySize=2147400000 -Dsun.java2d.noddraw=true -Dsun.awt.nopixfmt=true -Xshare:off -Xrs -Djava.library.path=C:\Program Files\MATLAB\R2009b\bin\win64 vfprintf abort 
java_command: <unknown>
Launcher Type: generic

Environment Variables:
PATH=C:\Program Files\ImageMagick-6.6.8-Q16;C:\Windows\system32;C:\Windows;C:\Windows\System32\Wbem;C:\Windows\System32\WindowsPowerShell\v1.0\;C:\Program Files\MATLAB\R2009b\runtime\win64;C:\Program Files\MATLAB\R2009b\bin
USERNAME=aaronh
OS=Windows_NT
PROCESSOR_IDENTIFIER=Intel64 Family 6 Model 15 Stepping 11, GenuineIntel



---------------  S Y S T E M  ---------------

OS: Windows NT 6.1 Build 7601 Service Pack 1

CPU:total 4 (4 cores per cpu, 1 threads per core) family 6 model 15 stepping 11, cmov, cx8, fxsr, mmx, sse, sse2, sse3, ssse3

Memory: 4k page, physical 8320632k(3670580k free), swap 16639416k(12210172k free)

vm_info: Java HotSpot(TM) 64-Bit Server VM (11.2-b01) for windows-amd64 JRE (1.6.0_12-b04), built on Jan 17 2009 01:49:05 by "java_re" with MS VC++ 8.0

time: Fri Oct 21 11:57:46 2011
elapsed time: 94298 seconds

