#
# An unexpected error has been detected by Java Runtime Environment:
#
#  EXCEPTION_ACCESS_VIOLATION (0xc0000005) at pc=0x000000007a39d0e0, pid=4448, tid=4584
#
# Java VM: Java HotSpot(TM) 64-Bit Server VM (11.2-b01 mixed mode windows-amd64)
# Problematic frame:
# C  [awt.dll+0xdd0e0]
#
# If you would like to submit a bug report, please visit:
#   http://java.sun.com/webapps/bugreport/crash.jsp
# The crash happened outside the Java Virtual Machine in native code.
# See problematic frame for where to report the bug.
#

---------------  T H R E A D  ---------------

Current thread (0x000000002876a400):  JavaThread "AWT-EventQueue-0" [_thread_in_native, id=4584, stack(0x0000000029380000,0x0000000029400000)]

siginfo: ExceptionCode=0xc0000005, reading address 0x0000000000000008

Registers:
EAX=0x000000000000000d, EBX=0x000000002876a5c0, ECX=0x0000000000000000, EDX=0xffffffff9a010ddb
ESP=0x00000000293fe6b8, EBP=0x000000002ecb57e0, ESI=0x000000002876a5c0, EDI=0x000000002ecb0320
EIP=0x000000007a39d0e0, EFLAGS=0x0000000000010202

Top of Stack: (sp=0x00000000293fe6b8)
0x00000000293fe6b8:   000000007a345acc 0000000000000000
0x00000000293fe6c8:   000000002876a5c0 000000002ecb57e0
0x00000000293fe6d8:   000000002876a5c0 00000000419829a9
0x00000000293fe6e8:   000000002876a5c0 0000000000000101
0x00000000293fe6f8:   000000007a323810 000000002876a5c0
0x00000000293fe708:   00000000293fedd8 00000000293fee50
0x00000000293fe718:   000000002ecb57e0 0000000000000001
0x00000000293fe728:   000000007a342381 0000000000000013
0x00000000293fe738:   00000000293fee48 0000000021804e90
0x00000000293fe748:   00000000293fee50 00000000182e3868
0x00000000293fe758:   00000000293fe758 000000000fb76aec
0x00000000293fe768:   00000000293fe7d0 000000000fb77cb8
0x00000000293fe778:   0000000011f62a38 000000000fb76af0
0x00000000293fe788:   0000000000000000 00000000293fe7e0
0x00000000293fe798:   0000000021807178 000000000c88823c
0x00000000293fe7a8:   0000000000000001 0000000000000007 

Instructions: (pc=0x000000007a39d0e0)
0x000000007a39d0d0:   48 8b 41 08 48 8b 80 18 0c 00 00 c3 cc cc cc cc
0x000000007a39d0e0:   48 8b 49 08 48 85 c9 74 05 e9 b2 ee fd ff 33 c0 


Stack: [0x0000000029380000,0x0000000029400000],  sp=0x00000000293fe6b8,  free space=505k
Native frames: (J=compiled Java code, j=interpreted, Vv=VM code, C=native code)
C  [awt.dll+0xdd0e0]

Java frames: (J=compiled Java code, j=interpreted, Vv=VM code)
j  sun.java2d.windows.GDIBlitLoops.nativeBlit(Lsun/java2d/SurfaceData;Lsun/java2d/SurfaceData;Lsun/java2d/pipe/Region;IIIIIIIIIZ)V+0
j  sun.java2d.windows.GDIBlitLoops.Blit(Lsun/java2d/SurfaceData;Lsun/java2d/SurfaceData;Ljava/awt/Composite;Lsun/java2d/pipe/Region;IIIIII)V+33
J  sun.java2d.pipe.DrawImage.copyImage(Lsun/java2d/SunGraphics2D;Ljava/awt/Image;IILjava/awt/Color;Ljava/awt/image/ImageObserver;)Z
J  sun.java2d.SunGraphics2D.drawImage(Ljava/awt/Image;IILjava/awt/Color;Ljava/awt/image/ImageObserver;)Z
J  javax.swing.RepaintManager$PaintManager.paintDoubleBuffered(Ljavax/swing/JComponent;Ljava/awt/Image;Ljava/awt/Graphics;IIII)V
j  javax.swing.RepaintManager$PaintManager.paint(Ljavax/swing/JComponent;Ljavax/swing/JComponent;Ljava/awt/Graphics;IIII)Z+116
J  javax.swing.JComponent._paintImmediately(IIII)V
J  javax.swing.RepaintManager.paintDirtyRegions(Ljava/util/Map;)V
j  javax.swing.RepaintManager.paintDirtyRegions()V+46
j  javax.swing.RepaintManager.seqPaintDirtyRegions()V+73
j  javax.swing.SystemEventQueueUtilities$ComponentWorkRequest.run()V+36
J  java.awt.event.InvocationEvent.dispatch()V
J  java.awt.EventDispatchThread.pumpOneEventForFilters(I)Z
J  java.awt.EventDispatchThread.pumpEventsForFilter(ILjava/awt/Conditional;Ljava/awt/EventFilter;)V
j  java.awt.EventDispatchThread.pumpEventsForHierarchy(ILjava/awt/Conditional;Ljava/awt/Component;)V+11
j  java.awt.EventDispatchThread.pumpEvents(ILjava/awt/Conditional;)V+4
j  java.awt.EventDispatchThread.pumpEvents(Ljava/awt/Conditional;)V+3
j  java.awt.EventDispatchThread.run()V+9
v  ~StubRoutines::call_stub

---------------  P R O C E S S  ---------------

Java Threads: ( => current thread )
  0x000000002ec6e000 JavaThread "Thread-269" [_thread_blocked, id=3160, stack(0x00000000085f0000,0x0000000008670000)]
  0x0000000028b78800 JavaThread "Prefs Updater" daemon [_thread_blocked, id=1464, stack(0x0000000031220000,0x00000000312a0000)]
  0x0000000028b7b400 JavaThread "Active Reference Queue Daemon" daemon [_thread_blocked, id=3188, stack(0x0000000029490000,0x0000000029510000)]
  0x0000000028b7ac00 JavaThread "Timer-11" daemon [_thread_blocked, id=3000, stack(0x0000000028de0000,0x0000000028e60000)]
  0x0000000028b7a400 JavaThread "FelixPackageAdmin" daemon [_thread_blocked, id=2952, stack(0x0000000031420000,0x00000000314a0000)]
  0x0000000028b79000 JavaThread "FelixStartLevel" daemon [_thread_blocked, id=2948, stack(0x00000000313a0000,0x0000000031420000)]
  0x0000000028b79c00 JavaThread "FelixDispatchQueue" [_thread_blocked, id=2944, stack(0x0000000031320000,0x00000000313a0000)]
  0x0000000028b79800 JavaThread "Timer-10" daemon [_thread_blocked, id=348, stack(0x00000000312a0000,0x0000000031320000)]
  0x0000000028b78000 JavaThread "Timer-1" [_thread_blocked, id=5064, stack(0x0000000029530000,0x00000000295b0000)]
  0x000000002e1b9000 JavaThread "TimerQueue" daemon [_thread_blocked, id=4588, stack(0x0000000029410000,0x0000000029490000)]
=>0x000000002876a400 JavaThread "AWT-EventQueue-0" [_thread_in_native, id=4584, stack(0x0000000029380000,0x0000000029400000)]
  0x00000000287be800 JavaThread "AWT-Windows" daemon [_thread_in_native, id=4572, stack(0x0000000028d60000,0x0000000028de0000)]
  0x000000002876d400 JavaThread "AWT-Shutdown" [_thread_blocked, id=4568, stack(0x0000000028ce0000,0x0000000028d60000)]
  0x0000000029ab8c00 JavaThread "Java2D Disposer" daemon [_thread_blocked, id=4564, stack(0x0000000028c60000,0x0000000028ce0000)]
  0x000000002df0a400 JavaThread "Timer-0" [_thread_blocked, id=4560, stack(0x0000000028320000,0x00000000283a0000)]
  0x000000002dda2c00 JavaThread "JMI Unnamed Thread" [_thread_in_native, id=4484, stack(0x00000000061b0000,0x00000000071b0000)]
  0x0000000029aea800 JavaThread "Low Memory Detector" daemon [_thread_blocked, id=4552, stack(0x000000002cc80000,0x000000002cd00000)]
  0x0000000029ad0400 JavaThread "CompilerThread1" daemon [_thread_blocked, id=4548, stack(0x000000002bc80000,0x000000002cc80000)]
  0x0000000029acdc00 JavaThread "CompilerThread0" daemon [_thread_blocked, id=4544, stack(0x000000002ac80000,0x000000002bc80000)]
  0x0000000029acd000 JavaThread "Attach Listener" daemon [_thread_blocked, id=4540, stack(0x000000002ac00000,0x000000002ac80000)]
  0x0000000029ab0400 JavaThread "Finalizer" daemon [_thread_blocked, id=4536, stack(0x0000000006090000,0x0000000006110000)]
  0x0000000029aaa800 JavaThread "Reference Handler" daemon [_thread_blocked, id=4532, stack(0x0000000005f70000,0x0000000005ff0000)]
  0x00000000015ff800 JavaThread "main" [_thread_blocked, id=4452, stack(0x0000000000030000,0x0000000001030000)]

Other Threads:
  0x00000000016ffc00 VMThread [stack: 0x0000000029c00000,0x000000002ac00000] [id=4528]
  0x0000000001649800 WatcherThread [stack: 0x000000002cd00000,0x000000002dd00000] [id=4556]

VM state:not at safepoint (normal execution)

VM Mutex/Monitor currently owned by a thread: None

Heap
 PSYoungGen      total 17792K, used 15953K [0x00000000208f0000, 0x0000000023420000, 0x00000000239f0000)
  eden space 17664K, 89% used [0x00000000208f0000,0x00000000218644b0,0x0000000021a30000)
  from space 128K, 100% used [0x00000000222e0000,0x0000000022300000,0x0000000022300000)
  to   space 8896K, 0% used [0x0000000021a30000,0x0000000021a30000,0x00000000222e0000)
 PSOldGen        total 150528K, used 137506K [0x00000000175f0000, 0x00000000208f0000, 0x00000000208f0000)
  object space 150528K, 91% used [0x00000000175f0000,0x000000001fc38a60,0x00000000208f0000)
 PSPermGen       total 96064K, used 53705K [0x000000000f5f0000, 0x00000000153c0000, 0x00000000175f0000)
  object space 96064K, 55% used [0x000000000f5f0000,0x0000000012a62508,0x00000000153c0000)

Dynamic libraries:
0x0000000140000000 - 0x0000000140038000 	C:\Program Files\MATLAB\R2009b\bin\win64\MATLAB.exe
0x0000000077c10000 - 0x0000000077db9000 	C:\Windows\SYSTEM32\ntdll.dll
0x00000000779f0000 - 0x0000000077b0f000 	C:\Windows\system32\kernel32.dll
0x000007fefdc90000 - 0x000007fefdcfc000 	C:\Windows\system32\KERNELBASE.dll
0x000000007cdb0000 - 0x000000007ceb9000 	C:\Program Files\MATLAB\R2009b\bin\win64\libut.dll
0x000007fefeec0000 - 0x000007fefeed7000 	C:\Windows\system32\imagehlp.dll
0x000007fefec40000 - 0x000007fefecdf000 	C:\Windows\system32\msvcrt.dll
0x0000000077dd0000 - 0x0000000077dd7000 	C:\Windows\system32\PSAPI.DLL
0x000000007d620000 - 0x000000007d648000 	C:\Program Files\MATLAB\R2009b\bin\win64\LIBEXPAT.dll
0x000000006d360000 - 0x000000006d429000 	C:\Windows\WinSxS\amd64_microsoft.vc80.crt_1fc8b3b9a1e18e3b_8.0.50727.6195_none_88e41e092fab0294\MSVCR80.dll
0x000000007d320000 - 0x000000007d44c000 	C:\Program Files\MATLAB\R2009b\bin\win64\icuuc40.dll
0x000007fefe6b0000 - 0x000007fefe78b000 	C:\Windows\system32\ADVAPI32.dll
0x000007fefe2f0000 - 0x000007fefe30f000 	C:\Windows\SYSTEM32\sechost.dll
0x000007feff060000 - 0x000007feff18d000 	C:\Windows\system32\RPCRT4.dll
0x000000007c760000 - 0x000000007c763000 	C:\Program Files\MATLAB\R2009b\bin\win64\icudt40.dll
0x000000007c770000 - 0x000000007c780000 	C:\Program Files\MATLAB\R2009b\bin\win64\icuio40.dll
0x000000007ca60000 - 0x000000007cbb3000 	C:\Program Files\MATLAB\R2009b\bin\win64\icuin40.dll
0x000000006d250000 - 0x000000006d359000 	C:\Windows\WinSxS\amd64_microsoft.vc80.crt_1fc8b3b9a1e18e3b_8.0.50727.6195_none_88e41e092fab0294\MSVCP80.dll
0x0000000077b10000 - 0x0000000077c0a000 	C:\Windows\system32\USER32.dll
0x000007fefeff0000 - 0x000007feff057000 	C:\Windows\system32\GDI32.dll
0x000007fefe640000 - 0x000007fefe64e000 	C:\Windows\system32\LPK.dll
0x000007fefe970000 - 0x000007fefea39000 	C:\Windows\system32\USP10.dll
0x0000000078820000 - 0x0000000078890000 	C:\Program Files\MATLAB\R2009b\bin\win64\libmwfl.dll
0x000000007e820000 - 0x000000007e82f000 	C:\Program Files\MATLAB\R2009b\bin\win64\boost_date_time-vc80-mt-1_36.dll
0x000000007e800000 - 0x000000007e816000 	C:\Program Files\MATLAB\R2009b\bin\win64\boost_signals-vc80-mt-1_36.dll
0x000000007dae0000 - 0x000000007dae9000 	C:\Program Files\MATLAB\R2009b\bin\win64\boost_system-vc80-mt-1_36.dll
0x000000007c740000 - 0x000000007c751000 	C:\Program Files\MATLAB\R2009b\bin\win64\boost_thread-vc80-mt-1_36.dll
0x000000007cf70000 - 0x000000007d1e1000 	C:\Program Files\MATLAB\R2009b\bin\win64\libmwservices.dll
0x000000007cec0000 - 0x000000007cf6f000 	C:\Program Files\MATLAB\R2009b\bin\win64\libmx.dll
0x0000000079070000 - 0x0000000079087000 	C:\Program Files\MATLAB\R2009b\bin\win64\zlib1.dll
0x000000007d1f0000 - 0x000000007d318000 	C:\Program Files\MATLAB\R2009b\bin\win64\libmwmathutil.dll
0x000000007a660000 - 0x000000007a6b8000 	C:\Program Files\MATLAB\R2009b\bin\win64\mpath.dll
0x000000007d650000 - 0x000000007d6a1000 	C:\Program Files\MATLAB\R2009b\bin\win64\mlutil.dll
0x00000000787b0000 - 0x00000000787ee000 	C:\Program Files\MATLAB\R2009b\bin\win64\tbb.dll
0x000007fef8a60000 - 0x000007fef8b00000 	C:\Windows\WinSxS\amd64_microsoft.windows.common-controls_6595b64144ccf1df_5.82.7601.17514_none_a4d6a923711520a9\COMCTL32.dll
0x000007fefe520000 - 0x000007fefe5b7000 	C:\Windows\system32\comdlg32.dll
0x000007fefe5c0000 - 0x000007fefe631000 	C:\Windows\system32\SHLWAPI.dll
0x000007feff190000 - 0x000007fefff18000 	C:\Windows\system32\SHELL32.dll
0x000007fefb8c0000 - 0x000007fefb8d6000 	C:\Windows\system32\NETAPI32.dll
0x000007fefd620000 - 0x000007fefd62c000 	C:\Windows\system32\netutils.dll
0x000007fefd6b0000 - 0x000007fefd6d3000 	C:\Windows\system32\srvcli.dll
0x000007fefb8a0000 - 0x000007fefb8b5000 	C:\Windows\system32\wkscli.dll
0x000007fefe660000 - 0x000007fefe6ad000 	C:\Windows\system32\WS2_32.dll
0x000007fefe650000 - 0x000007fefe658000 	C:\Windows\system32\NSI.dll
0x000000007eaa0000 - 0x000000007eabd000 	C:\Program Files\MATLAB\R2009b\bin\win64\boost_filesystem-vc80-mt-1_36.dll
0x000000007acf0000 - 0x000000007ad87000 	C:\Program Files\MATLAB\R2009b\bin\win64\mcr.dll
0x000000007c780000 - 0x000000007c80c000 	C:\Program Files\MATLAB\R2009b\bin\win64\iqm.dll
0x000000007b440000 - 0x000000007bd40000 	C:\Program Files\MATLAB\R2009b\bin\win64\m_interpreter.dll
0x000000007c830000 - 0x000000007c840000 	C:\Program Files\MATLAB\R2009b\bin\win64\libmex.dll
0x000000007ab60000 - 0x000000007ac0b000 	C:\Program Files\MATLAB\R2009b\bin\win64\m_dispatcher.dll
0x000000007e720000 - 0x000000007e7ac000 	C:\Program Files\MATLAB\R2009b\bin\win64\xmlcore.dll
0x000000007a020000 - 0x000000007a2b5000 	C:\Program Files\MATLAB\R2009b\bin\win64\xerces-c_2_7.dll
0x000000007e980000 - 0x000000007ea71000 	C:\Program Files\MATLAB\R2009b\bin\win64\boost_regex-vc80-mt-1_36.dll
0x000000007aa00000 - 0x000000007aa91000 	C:\Program Files\MATLAB\R2009b\bin\win64\profiler.dll
0x000000007c8b0000 - 0x000000007c8da000 	C:\Program Files\MATLAB\R2009b\bin\win64\libmwmathrng.dll
0x0000000078fd0000 - 0x0000000078fea000 	C:\Program Files\MATLAB\R2009b\bin\win64\m_pcodeio.dll
0x000000007a610000 - 0x000000007a65d000 	C:\Program Files\MATLAB\R2009b\bin\win64\m_ir.dll
0x000000007ae40000 - 0x000000007b433000 	C:\Program Files\MATLAB\R2009b\bin\win64\m_parser.dll
0x000000007c810000 - 0x000000007c824000 	C:\Program Files\MATLAB\R2009b\bin\win64\ir_xfmr.dll
0x0000000078890000 - 0x0000000078b39000 	C:\Program Files\MATLAB\R2009b\bin\win64\mcos.dll
0x000000007c8f0000 - 0x000000007c8fc000 	C:\Program Files\MATLAB\R2009b\bin\win64\mtok.dll
0x0000000078fb0000 - 0x0000000078fd0000 	C:\Program Files\MATLAB\R2009b\bin\win64\m_pcodegen.dll
0x000007fef4810000 - 0x000007fef4935000 	C:\Windows\system32\dbghelp.dll
0x0000000078ec0000 - 0x0000000078ee4000 	C:\Program Files\MATLAB\R2009b\bin\win64\bridge.dll
0x000000007c3d0000 - 0x000000007c490000 	C:\Program Files\MATLAB\R2009b\bin\win64\udd.dll
0x000000007d450000 - 0x000000007d59d000 	C:\Program Files\MATLAB\R2009b\bin\win64\libmwgui.dll
0x00000000790e0000 - 0x000000007980b000 	C:\Program Files\MATLAB\R2009b\bin\win64\hg.dll
0x0000000078ef0000 - 0x0000000078f2c000 	C:\Program Files\MATLAB\R2009b\bin\win64\libmat.dll
0x000000007cbc0000 - 0x000000007cdae000 	C:\Program Files\MATLAB\R2009b\bin\win64\libhdf5.dll
0x000000007a550000 - 0x000000007a5af000 	C:\Program Files\MATLAB\R2009b\bin\win64\jmi.dll
0x000000007a490000 - 0x000000007a4d0000 	C:\Program Files\MATLAB\R2009b\bin\win64\libmwhardcopy.dll
0x000000007a5b0000 - 0x000000007a60a000 	C:\Program Files\MATLAB\R2009b\bin\win64\libuij.dll
0x0000000078680000 - 0x00000000787ab000 	C:\Program Files\MATLAB\R2009b\bin\win64\hgdatatypes.dll
0x0000000078630000 - 0x000000007867b000 	C:\Program Files\MATLAB\R2009b\bin\win64\hgutils.dll
0x0000000078f30000 - 0x0000000078fa5000 	C:\Program Files\MATLAB\R2009b\bin\win64\libmwlapack.dll
0x000000007c850000 - 0x000000007c863000 	C:\Program Files\MATLAB\R2009b\bin\win64\libmwbinder.dll
0x000000007c490000 - 0x000000007c73e000 	C:\Program Files\MATLAB\R2009b\bin\win64\uiw.dll
0x000000007c930000 - 0x000000007c93a000 	C:\Program Files\MATLAB\R2009b\bin\win64\uinone.dll
0x000000006d0b0000 - 0x000000006d24c000 	C:\Windows\WinSxS\amd64_microsoft.vc80.mfc_1fc8b3b9a1e18e3b_8.0.50727.6195_none_8448b2bd328df189\MFC80.DLL
0x000007fefa3e0000 - 0x000007fefa451000 	C:\Windows\system32\WINSPOOL.DRV
0x000007fefe310000 - 0x000007fefe513000 	C:\Windows\system32\ole32.dll
0x000007fefea40000 - 0x000007fefeb17000 	C:\Windows\system32\OLEAUT32.dll
0x000000007ad90000 - 0x000000007ae3f000 	C:\Program Files\MATLAB\R2009b\bin\win64\udd_mi.dll
0x0000000078ff0000 - 0x0000000079008000 	C:\Program Files\MATLAB\R2009b\bin\win64\mwoles05.DLL
0x000000007a990000 - 0x000000007a9fa000 	C:\Program Files\MATLAB\R2009b\bin\win64\comcli.dll
0x000000006d4e0000 - 0x000000006d500000 	C:\Windows\WinSxS\amd64_microsoft.vc80.atl_1fc8b3b9a1e18e3b_8.0.50727.6195_none_8a1dd9552ed7f8d8\ATL80.DLL
0x000000007c8e0000 - 0x000000007c8ee000 	C:\Program Files\MATLAB\R2009b\bin\win64\mlautoregister.dll
0x000007fefe2c0000 - 0x000007fefe2ee000 	C:\Windows\system32\IMM32.DLL
0x000007fefeee0000 - 0x000007fefefe9000 	C:\Windows\system32\MSCTF.dll
0x000000006eb90000 - 0x000000006eb9d000 	C:\Windows\WinSxS\amd64_microsoft.vc80.mfcloc_1fc8b3b9a1e18e3b_8.0.50727.6195_none_bc20f59b0bdd1acd\MFC80ENU.DLL
0x000007fefc480000 - 0x000007fefc4d6000 	C:\Windows\system32\uxtheme.dll
0x000007fefdb60000 - 0x000007fefdb6f000 	C:\Windows\system32\profapi.dll
0x0000000073d00000 - 0x0000000073d03000 	C:\Windows\system32\icmp.Dll
0x000007fefb490000 - 0x000007fefb4b7000 	C:\Windows\system32\iphlpapi.DLL
0x000007fefb470000 - 0x000007fefb47b000 	C:\Windows\system32\WINNSI.DLL
0x000007fefda00000 - 0x000007fefda25000 	C:\Windows\system32\SspiCli.dll
0x000007fefb5f0000 - 0x000007fefb605000 	C:\Windows\system32\NLAapi.dll
0x000007fefa4e0000 - 0x000007fefa4f5000 	C:\Windows\system32\napinsp.dll
0x000007fefa4a0000 - 0x000007fefa4b9000 	C:\Windows\system32\pnrpnsp.dll
0x000007fefd3b0000 - 0x000007fefd405000 	C:\Windows\System32\mswsock.dll
0x000007fefd240000 - 0x000007fefd29b000 	C:\Windows\system32\DNSAPI.dll
0x000007fefa4d0000 - 0x000007fefa4db000 	C:\Windows\System32\winrnr.dll
0x000007fefb310000 - 0x000007fefb363000 	C:\Windows\System32\fwpuclnt.dll
0x000007fefa9b0000 - 0x000007fefa9b8000 	C:\Windows\system32\rasadhlp.dll
0x000007fefcd80000 - 0x000007fefcd87000 	C:\Windows\System32\wshtcpip.dll
0x000007fefb160000 - 0x000007fefb171000 	C:\Windows\system32\dhcpcsvc6.DLL
0x000007fefb140000 - 0x000007fefb158000 	C:\Windows\system32\dhcpcsvc.DLL
0x000007fefda90000 - 0x000007fefda9f000 	C:\Windows\system32\CRYPTBASE.dll
0x000000006d7f0000 - 0x000000006dda8000 	C:\Program Files\MATLAB\R2009b\sys\java\jre\win64\jre\bin\server\jvm.dll
0x000007fefb0b0000 - 0x000007fefb0eb000 	C:\Windows\system32\WINMM.dll
0x000007fefbe70000 - 0x000007fefbe88000 	C:\Windows\system32\dwmapi.dll
0x000000007ab10000 - 0x000000007ab1a000 	C:\Program Files\MATLAB\R2009b\sys\java\jre\win64\jre\bin\hpi.dll
0x000000007ab30000 - 0x000000007ab3e000 	C:\Program Files\MATLAB\R2009b\sys\java\jre\win64\jre\bin\verify.dll
0x0000000079090000 - 0x00000000790b7000 	C:\Program Files\MATLAB\R2009b\sys\java\jre\win64\jre\bin\java.dll
0x000000007ab40000 - 0x000000007ab52000 	C:\Program Files\MATLAB\R2009b\sys\java\jre\win64\jre\bin\zip.dll
0x000007fefeb20000 - 0x000007fefebb9000 	C:\Windows\system32\CLBCatQ.DLL
0x0000000079010000 - 0x0000000079032000 	C:\Program Files\MATLAB\R2009b\bin\win64\nativejava.dll
0x0000000079040000 - 0x000000007906b000 	C:\Program Files\MATLAB\R2009b\bin\win64\nativejmi.dll
0x000000007c920000 - 0x000000007c927000 	C:\Program Files\MATLAB\R2009b\bin\win64\nativeservices.dll
0x000000007a2c0000 - 0x000000007a482000 	C:\Program Files\MATLAB\R2009b\sys\java\jre\win64\jre\bin\awt.dll
0x000000007ac10000 - 0x000000007ac7b000 	C:\Program Files\MATLAB\R2009b\sys\java\jre\win64\jre\bin\fontmanager.dll
0x00000000790c0000 - 0x00000000790d7000 	C:\Program Files\MATLAB\R2009b\sys\java\jre\win64\jre\bin\net.dll
0x000007fefd630000 - 0x000007fefd637000 	C:\Windows\System32\wship6.dll
0x000000007ab20000 - 0x000000007ab2b000 	C:\Program Files\MATLAB\R2009b\sys\java\jre\win64\jre\bin\nio.dll
0x000007fefd410000 - 0x000007fefd427000 	C:\Windows\system32\CRYPTSP.dll
0x000007fefd120000 - 0x000007fefd167000 	C:\Windows\system32\rsaenh.dll
0x000007fefcea0000 - 0x000007fefcebe000 	C:\Windows\system32\USERENV.dll
0x0000000078300000 - 0x000000007830a000 	C:\Program Files\MATLAB\R2009b\bin\win64\nativelmgr.dll

VM Arguments:
jvm_args: -Xss512k -XX:PermSize=32m -Xms64m -XX:NewRatio=3 -XX:MaxPermSize=128m -Xmx196m -XX:MaxDirectMemorySize=2147400000 -Dsun.java2d.noddraw=true -Dsun.awt.nopixfmt=true -Xshare:off -Xrs -Djava.library.path=C:\Program Files\MATLAB\R2009b\bin\win64 vfprintf abort 
java_command: <unknown>
Launcher Type: generic

Environment Variables:
PATH=C:\Program Files\ImageMagick-6.6.8-Q16;C:\Windows\system32;C:\Windows;C:\Windows\System32\Wbem;C:\Windows\System32\WindowsPowerShell\v1.0\;C:\Program Files\MATLAB\R2009b\runtime\win64;C:\Program Files\MATLAB\R2009b\bin
USERNAME=aaronh
OS=Windows_NT
PROCESSOR_IDENTIFIER=Intel64 Family 6 Model 15 Stepping 11, GenuineIntel



---------------  S Y S T E M  ---------------

OS: Windows NT 6.1 Build 7601 Service Pack 1

CPU:total 4 (4 cores per cpu, 1 threads per core) family 6 model 15 stepping 11, cmov, cx8, fxsr, mmx, sse, sse2, sse3, ssse3

Memory: 4k page, physical 8320632k(4566128k free), swap 16639416k(13062692k free)

vm_info: Java HotSpot(TM) 64-Bit Server VM (11.2-b01) for windows-amd64 JRE (1.6.0_12-b04), built on Jan 17 2009 01:49:05 by "java_re" with MS VC++ 8.0

time: Tue Sep 27 15:10:07 2011
elapsed time: 535119 seconds

