#
# An unexpected error has been detected by Java Runtime Environment:
#
#  EXCEPTION_ACCESS_VIOLATION (0xc0000005) at pc=0x000000007a39d0e0, pid=852, tid=2904
#
# Java VM: Java HotSpot(TM) 64-Bit Server VM (11.2-b01 mixed mode windows-amd64)
# Problematic frame:
# C  [awt.dll+0xdd0e0]
#
# If you would like to submit a bug report, please visit:
#   http://java.sun.com/webapps/bugreport/crash.jsp
# The crash happened outside the Java Virtual Machine in native code.
# See problematic frame for where to report the bug.
#

---------------  T H R E A D  ---------------

Current thread (0x0000000034365800):  JavaThread "AWT-EventQueue-0" [_thread_in_native, id=2904, stack(0x000000000ea00000,0x000000000ea80000)]

siginfo: ExceptionCode=0xc0000005, reading address 0x0000000000000008

Registers:
EAX=0x000000000000000d, EBX=0x00000000343659c0, ECX=0x0000000000000000, EDX=0xffffffffae010a50
ESP=0x000000000ea7e5f8, EBP=0x0000000033a5e950, ESI=0x00000000343659c0, EDI=0x00000000350149c0
EIP=0x000000007a39d0e0, EFLAGS=0x0000000000010206

Top of Stack: (sp=0x000000000ea7e5f8)
0x000000000ea7e5f8:   000000007a345acc 0000000000000000
0x000000000ea7e608:   00000000343659c0 0000000033a5e950
0x000000000ea7e618:   00000000343659c0 000000001b19e4d8
0x000000000ea7e628:   00000000343659c0 0000000000000000
0x000000000ea7e638:   000000007a323810 00000000343659c0
0x000000000ea7e648:   000000000ea7ecf0 000000000ea7ecc8
0x000000000ea7e658:   0000000033a5e950 000000000ea7e6e8
0x000000000ea7e668:   000000007a342381 000000000ea7e6e8
0x000000000ea7e678:   000000000ea7ecd0 0000000000000000
0x000000000ea7e688:   000000000ea7ecc8 0000000000000002
0x000000000ea7e698:   0000000000000002 000000001c070bf0
0x000000000ea7e6a8:   000000000ea7e6a8 00000000135b9695
0x000000000ea7e6b8:   000000000ea7e700 00000000138bb510
0x000000000ea7e6c8:   00000000163c2b10 00000000135b96a0
0x000000000ea7e6d8:   0000000000000000 000000000ea7e710
0x000000000ea7e6e8:   000000001db05eb8 00000000107dee68 

Instructions: (pc=0x000000007a39d0e0)
0x000000007a39d0d0:   48 8b 41 08 48 8b 80 18 0c 00 00 c3 cc cc cc cc
0x000000007a39d0e0:   48 8b 49 08 48 85 c9 74 05 e9 b2 ee fd ff 33 c0 


Stack: [0x000000000ea00000,0x000000000ea80000],  sp=0x000000000ea7e5f8,  free space=505k
Native frames: (J=compiled Java code, j=interpreted, Vv=VM code, C=native code)
C  [awt.dll+0xdd0e0]

Java frames: (J=compiled Java code, j=interpreted, Vv=VM code)
J  sun.java2d.windows.GDIBlitLoops.nativeBlit(Lsun/java2d/SurfaceData;Lsun/java2d/SurfaceData;Lsun/java2d/pipe/Region;IIIIIIIIIZ)V
J  sun.java2d.windows.GDIBlitLoops.Blit(Lsun/java2d/SurfaceData;Lsun/java2d/SurfaceData;Ljava/awt/Composite;Lsun/java2d/pipe/Region;IIIIII)V
J  sun.java2d.pipe.DrawImage.copyImage(Lsun/java2d/SunGraphics2D;Ljava/awt/Image;IILjava/awt/Color;Ljava/awt/image/ImageObserver;)Z
J  javax.swing.RepaintManager$PaintManager.paintDoubleBuffered(Ljavax/swing/JComponent;Ljava/awt/Image;Ljava/awt/Graphics;IIII)V
J  javax.swing.RepaintManager$PaintManager.paint(Ljavax/swing/JComponent;Ljavax/swing/JComponent;Ljava/awt/Graphics;IIII)Z
j  javax.swing.RepaintManager.paint(Ljavax/swing/JComponent;Ljavax/swing/JComponent;Ljava/awt/Graphics;IIII)V+52
J  javax.swing.JComponent.paint(Ljava/awt/Graphics;)V
j  java.awt.GraphicsCallback$PaintCallback.run(Ljava/awt/Component;Ljava/awt/Graphics;)V+2
j  sun.awt.SunGraphicsCallback.runOneComponent(Ljava/awt/Component;Ljava/awt/Rectangle;Ljava/awt/Graphics;Ljava/awt/Shape;I)V+155
j  sun.awt.SunGraphicsCallback.runComponents([Ljava/awt/Component;Ljava/awt/Graphics;I)V+104
j  java.awt.Container.paint(Ljava/awt/Graphics;)V+73
J  javax.swing.RepaintManager.paintDirtyRegions(Ljava/util/Map;)V
j  javax.swing.RepaintManager.paintDirtyRegions()V+46
j  javax.swing.RepaintManager.seqPaintDirtyRegions()V+73
j  javax.swing.SystemEventQueueUtilities$ComponentWorkRequest.run()V+36
J  java.awt.event.InvocationEvent.dispatch()V
J  java.awt.EventDispatchThread.pumpOneEventForFilters(I)Z
J  java.awt.EventDispatchThread.pumpEventsForFilter(ILjava/awt/Conditional;Ljava/awt/EventFilter;)V
j  java.awt.EventDispatchThread.pumpEventsForHierarchy(ILjava/awt/Conditional;Ljava/awt/Component;)V+11
j  java.awt.EventDispatchThread.pumpEvents(ILjava/awt/Conditional;)V+4
j  java.awt.EventDispatchThread.pumpEvents(Ljava/awt/Conditional;)V+3
j  java.awt.EventDispatchThread.run()V+9
v  ~StubRoutines::call_stub

---------------  P R O C E S S  ---------------

Java Threads: ( => current thread )
  0x000000003437d400 JavaThread "Thread-3225" [_thread_blocked, id=1552, stack(0x0000000007c70000,0x0000000007cf0000)]
  0x000000003437c800 JavaThread "Thread-3224" [_thread_blocked, id=3012, stack(0x0000000006200000,0x0000000006280000)]
  0x000000003437d000 JavaThread "Image Fetcher 0" daemon [_thread_blocked, id=972, stack(0x0000000007cf0000,0x0000000007d70000)]
  0x00000000350cc800 JavaThread "Thread-1814" [_thread_blocked, id=4800, stack(0x0000000007bf0000,0x0000000007c70000)]
  0x000000003554bc00 JavaThread "Thread-1210" [_thread_blocked, id=3100, stack(0x00000000079f0000,0x0000000007a70000)]
  0x000000003554c000 JavaThread "Thread-1204" [_thread_blocked, id=3808, stack(0x0000000007a70000,0x0000000007af0000)]
  0x0000000035549000 JavaThread "Thread-899" [_thread_blocked, id=2044, stack(0x00000000072e0000,0x0000000007360000)]
  0x000000003554ac00 JavaThread "Thread-536" [_thread_blocked, id=3632, stack(0x0000000007510000,0x0000000007590000)]
  0x0000000035546400 JavaThread "Active Reference Queue Daemon" daemon [_thread_blocked, id=3228, stack(0x0000000006180000,0x0000000006200000)]
  0x0000000035548800 JavaThread "Timer-82" daemon [_thread_blocked, id=4072, stack(0x0000000006100000,0x0000000006180000)]
  0x0000000035547400 JavaThread "FelixPackageAdmin" daemon [_thread_blocked, id=1196, stack(0x0000000006080000,0x0000000006100000)]
  0x0000000035546000 JavaThread "FelixStartLevel" daemon [_thread_blocked, id=4084, stack(0x0000000006000000,0x0000000006080000)]
  0x0000000035546c00 JavaThread "FelixDispatchQueue" [_thread_blocked, id=3088, stack(0x0000000005f80000,0x0000000006000000)]
  0x0000000035545000 JavaThread "Prefs Updater" daemon [_thread_blocked, id=1424, stack(0x000000000f1b0000,0x000000000f230000)]
  0x00000000355f9400 JavaThread "Timer-2" [_thread_blocked, id=3004, stack(0x000000000ebb0000,0x000000000ec30000)]
  0x000000003577b400 JavaThread "Timer-1" daemon [_thread_blocked, id=816, stack(0x000000000eb30000,0x000000000ebb0000)]
  0x00000000341e7000 JavaThread "TimerQueue" daemon [_thread_blocked, id=2868, stack(0x000000000ea90000,0x000000000eb10000)]
=>0x0000000034365800 JavaThread "AWT-EventQueue-0" [_thread_in_native, id=2904, stack(0x000000000ea00000,0x000000000ea80000)]
  0x000000003428a400 JavaThread "AWT-Windows" daemon [_thread_in_native, id=1408, stack(0x00000000346a0000,0x0000000034720000)]
  0x0000000034286c00 JavaThread "AWT-Shutdown" [_thread_blocked, id=2572, stack(0x0000000034620000,0x00000000346a0000)]
  0x0000000034286800 JavaThread "Java2D Disposer" daemon [_thread_blocked, id=3060, stack(0x00000000345a0000,0x0000000034620000)]
  0x0000000033ae6c00 JavaThread "Timer-0" [_thread_blocked, id=2816, stack(0x000000002f650000,0x000000002f6d0000)]
  0x0000000033b6f800 JavaThread "JMI Unnamed Thread" [_thread_in_native, id=2628, stack(0x0000000007f80000,0x0000000008f80000)]
  0x000000002f882800 JavaThread "Low Memory Detector" daemon [_thread_blocked, id=1308, stack(0x000000002f5d0000,0x000000002f650000)]
  0x000000002f87c400 JavaThread "CompilerThread1" daemon [_thread_blocked, id=2432, stack(0x00000000318e0000,0x00000000328e0000)]
  0x000000002f869000 JavaThread "CompilerThread0" daemon [_thread_blocked, id=1412, stack(0x00000000308e0000,0x00000000318e0000)]
  0x000000002f868c00 JavaThread "Attach Listener" daemon [_thread_blocked, id=2064, stack(0x000000002f550000,0x000000002f5d0000)]
  0x000000000160f400 JavaThread "Finalizer" daemon [_thread_blocked, id=1088, stack(0x000000000e6d0000,0x000000000e750000)]
  0x000000000160ec00 JavaThread "Reference Handler" daemon [_thread_blocked, id=2472, stack(0x000000000e650000,0x000000000e6d0000)]
  0x0000000001581c00 JavaThread "main" [_thread_in_native, id=2392, stack(0x0000000000030000,0x0000000001030000)]

Other Threads:
  0x000000000160e000 VMThread [stack: 0x000000002f8e0000,0x00000000308e0000] [id=1952]
  0x000000002f89f000 WatcherThread [stack: 0x00000000328e0000,0x00000000338e0000] [id=2668]

VM state:not at safepoint (normal execution)

VM Mutex/Monitor currently owned by a thread: None

Heap
 PSYoungGen      total 15872K, used 15489K [0x0000000024450000, 0x00000000255d0000, 0x0000000027550000)
  eden space 15488K, 97% used [0x0000000024450000,0x0000000025310498,0x0000000025370000)
  from space 384K, 100% used [0x0000000025390000,0x00000000253f0000,0x00000000253f0000)
  to   space 1216K, 0% used [0x00000000254a0000,0x00000000254a0000,0x00000000255d0000)
 PSOldGen        total 150528K, used 128925K [0x000000001b150000, 0x0000000024450000, 0x0000000024450000)
  object space 150528K, 85% used [0x000000001b150000,0x0000000022f37700,0x0000000024450000)
 PSPermGen       total 79744K, used 55584K [0x0000000013150000, 0x0000000017f30000, 0x000000001b150000)
  object space 79744K, 69% used [0x0000000013150000,0x00000000167982c8,0x0000000017f30000)

Dynamic libraries:
0x0000000140000000 - 0x0000000140038000 	C:\Program Files\MATLAB\R2009b\bin\win64\MATLAB.exe
0x0000000077bb0000 - 0x0000000077d5c000 	C:\Windows\SYSTEM32\ntdll.dll
0x0000000077a90000 - 0x0000000077baf000 	C:\Windows\system32\kernel32.dll
0x000007fefdd30000 - 0x000007fefdd9b000 	C:\Windows\system32\KERNELBASE.dll
0x000000007cdb0000 - 0x000000007ceb9000 	C:\Program Files\MATLAB\R2009b\bin\win64\libut.dll
0x000007feff590000 - 0x000007feff5a7000 	C:\Windows\system32\imagehlp.dll
0x000007feffb10000 - 0x000007feffbaf000 	C:\Windows\system32\msvcrt.dll
0x0000000077d80000 - 0x0000000077d87000 	C:\Windows\system32\PSAPI.DLL
0x000000007d620000 - 0x000000007d648000 	C:\Program Files\MATLAB\R2009b\bin\win64\LIBEXPAT.dll
0x0000000075700000 - 0x00000000757c9000 	C:\Windows\WinSxS\amd64_microsoft.vc80.crt_1fc8b3b9a1e18e3b_8.0.50727.4927_none_88dce9872fb18caf\MSVCR80.dll
0x000000007d320000 - 0x000000007d44c000 	C:\Program Files\MATLAB\R2009b\bin\win64\icuuc40.dll
0x000007feffc00000 - 0x000007feffcdb000 	C:\Windows\system32\ADVAPI32.dll
0x000007feff840000 - 0x000007feff85f000 	C:\Windows\SYSTEM32\sechost.dll
0x000007feff360000 - 0x000007feff48e000 	C:\Windows\system32\RPCRT4.dll
0x000000007c760000 - 0x000000007c763000 	C:\Program Files\MATLAB\R2009b\bin\win64\icudt40.dll
0x000000007c770000 - 0x000000007c780000 	C:\Program Files\MATLAB\R2009b\bin\win64\icuio40.dll
0x000000007ca60000 - 0x000000007cbb3000 	C:\Program Files\MATLAB\R2009b\bin\win64\icuin40.dll
0x000000006e8b0000 - 0x000000006e9b9000 	C:\Windows\WinSxS\amd64_microsoft.vc80.crt_1fc8b3b9a1e18e3b_8.0.50727.4927_none_88dce9872fb18caf\MSVCP80.dll
0x0000000077990000 - 0x0000000077a8a000 	C:\Windows\system32\USER32.dll
0x000007feffa70000 - 0x000007feffad7000 	C:\Windows\system32\GDI32.dll
0x000007feff490000 - 0x000007feff49e000 	C:\Windows\system32\LPK.dll
0x000007feff5b0000 - 0x000007feff67a000 	C:\Windows\system32\USP10.dll
0x0000000078820000 - 0x0000000078890000 	C:\Program Files\MATLAB\R2009b\bin\win64\libmwfl.dll
0x000000007e820000 - 0x000000007e82f000 	C:\Program Files\MATLAB\R2009b\bin\win64\boost_date_time-vc80-mt-1_36.dll
0x000000007e800000 - 0x000000007e816000 	C:\Program Files\MATLAB\R2009b\bin\win64\boost_signals-vc80-mt-1_36.dll
0x000000007dae0000 - 0x000000007dae9000 	C:\Program Files\MATLAB\R2009b\bin\win64\boost_system-vc80-mt-1_36.dll
0x000000007c740000 - 0x000000007c751000 	C:\Program Files\MATLAB\R2009b\bin\win64\boost_thread-vc80-mt-1_36.dll
0x000000007cf70000 - 0x000000007d1e1000 	C:\Program Files\MATLAB\R2009b\bin\win64\libmwservices.dll
0x000000007cec0000 - 0x000000007cf6f000 	C:\Program Files\MATLAB\R2009b\bin\win64\libmx.dll
0x0000000079070000 - 0x0000000079087000 	C:\Program Files\MATLAB\R2009b\bin\win64\zlib1.dll
0x000000007d1f0000 - 0x000000007d318000 	C:\Program Files\MATLAB\R2009b\bin\win64\libmwmathutil.dll
0x000000007a660000 - 0x000000007a6b8000 	C:\Program Files\MATLAB\R2009b\bin\win64\mpath.dll
0x000000007d650000 - 0x000000007d6a1000 	C:\Program Files\MATLAB\R2009b\bin\win64\mlutil.dll
0x00000000787b0000 - 0x00000000787ee000 	C:\Program Files\MATLAB\R2009b\bin\win64\tbb.dll
0x000007fef7eb0000 - 0x000007fef7f50000 	C:\Windows\WinSxS\amd64_microsoft.windows.common-controls_6595b64144ccf1df_5.82.7600.16661_none_a44e1fc257f685f6\COMCTL32.dll
0x000007feff4a0000 - 0x000007feff538000 	C:\Windows\system32\comdlg32.dll
0x000007fefdee0000 - 0x000007fefdf51000 	C:\Windows\system32\SHLWAPI.dll
0x000007fefe450000 - 0x000007feff1d6000 	C:\Windows\system32\SHELL32.dll
0x000007fefb780000 - 0x000007fefb796000 	C:\Windows\system32\NETAPI32.dll
0x000007fefd010000 - 0x000007fefd01c000 	C:\Windows\system32\netutils.dll
0x000007fefd680000 - 0x000007fefd6a3000 	C:\Windows\system32\srvcli.dll
0x000007fefb720000 - 0x000007fefb735000 	C:\Windows\system32\wkscli.dll
0x000007feffbb0000 - 0x000007feffbfd000 	C:\Windows\system32\WS2_32.dll
0x000007feff830000 - 0x000007feff838000 	C:\Windows\system32\NSI.dll
0x000000007eaa0000 - 0x000000007eabd000 	C:\Program Files\MATLAB\R2009b\bin\win64\boost_filesystem-vc80-mt-1_36.dll
0x000000007acf0000 - 0x000000007ad87000 	C:\Program Files\MATLAB\R2009b\bin\win64\mcr.dll
0x000000007c780000 - 0x000000007c80c000 	C:\Program Files\MATLAB\R2009b\bin\win64\iqm.dll
0x000000007b440000 - 0x000000007bd40000 	C:\Program Files\MATLAB\R2009b\bin\win64\m_interpreter.dll
0x000000007c830000 - 0x000000007c840000 	C:\Program Files\MATLAB\R2009b\bin\win64\libmex.dll
0x000000007ab60000 - 0x000000007ac0b000 	C:\Program Files\MATLAB\R2009b\bin\win64\m_dispatcher.dll
0x000000007e720000 - 0x000000007e7ac000 	C:\Program Files\MATLAB\R2009b\bin\win64\xmlcore.dll
0x000000007a020000 - 0x000000007a2b5000 	C:\Program Files\MATLAB\R2009b\bin\win64\xerces-c_2_7.dll
0x000000007e980000 - 0x000000007ea71000 	C:\Program Files\MATLAB\R2009b\bin\win64\boost_regex-vc80-mt-1_36.dll
0x000000007aa00000 - 0x000000007aa91000 	C:\Program Files\MATLAB\R2009b\bin\win64\profiler.dll
0x000000007c8b0000 - 0x000000007c8da000 	C:\Program Files\MATLAB\R2009b\bin\win64\libmwmathrng.dll
0x0000000078fd0000 - 0x0000000078fea000 	C:\Program Files\MATLAB\R2009b\bin\win64\m_pcodeio.dll
0x000000007a610000 - 0x000000007a65d000 	C:\Program Files\MATLAB\R2009b\bin\win64\m_ir.dll
0x000000007ae40000 - 0x000000007b433000 	C:\Program Files\MATLAB\R2009b\bin\win64\m_parser.dll
0x000000007c810000 - 0x000000007c824000 	C:\Program Files\MATLAB\R2009b\bin\win64\ir_xfmr.dll
0x0000000078890000 - 0x0000000078b39000 	C:\Program Files\MATLAB\R2009b\bin\win64\mcos.dll
0x000000007c8f0000 - 0x000000007c8fc000 	C:\Program Files\MATLAB\R2009b\bin\win64\mtok.dll
0x0000000078fb0000 - 0x0000000078fd0000 	C:\Program Files\MATLAB\R2009b\bin\win64\m_pcodegen.dll
0x000007fefb5d0000 - 0x000007fefb6f5000 	C:\Windows\system32\dbghelp.dll
0x0000000078ec0000 - 0x0000000078ee4000 	C:\Program Files\MATLAB\R2009b\bin\win64\bridge.dll
0x000000007c3d0000 - 0x000000007c490000 	C:\Program Files\MATLAB\R2009b\bin\win64\udd.dll
0x000000007d450000 - 0x000000007d59d000 	C:\Program Files\MATLAB\R2009b\bin\win64\libmwgui.dll
0x00000000790e0000 - 0x000000007980b000 	C:\Program Files\MATLAB\R2009b\bin\win64\hg.dll
0x0000000078ef0000 - 0x0000000078f2c000 	C:\Program Files\MATLAB\R2009b\bin\win64\libmat.dll
0x000000007cbc0000 - 0x000000007cdae000 	C:\Program Files\MATLAB\R2009b\bin\win64\libhdf5.dll
0x000000007a550000 - 0x000000007a5af000 	C:\Program Files\MATLAB\R2009b\bin\win64\jmi.dll
0x000000007a490000 - 0x000000007a4d0000 	C:\Program Files\MATLAB\R2009b\bin\win64\libmwhardcopy.dll
0x000000007a5b0000 - 0x000000007a60a000 	C:\Program Files\MATLAB\R2009b\bin\win64\libuij.dll
0x0000000078680000 - 0x00000000787ab000 	C:\Program Files\MATLAB\R2009b\bin\win64\hgdatatypes.dll
0x0000000078630000 - 0x000000007867b000 	C:\Program Files\MATLAB\R2009b\bin\win64\hgutils.dll
0x0000000078f30000 - 0x0000000078fa5000 	C:\Program Files\MATLAB\R2009b\bin\win64\libmwlapack.dll
0x000000007c850000 - 0x000000007c863000 	C:\Program Files\MATLAB\R2009b\bin\win64\libmwbinder.dll
0x000000007c490000 - 0x000000007c73e000 	C:\Program Files\MATLAB\R2009b\bin\win64\uiw.dll
0x000000007c930000 - 0x000000007c93a000 	C:\Program Files\MATLAB\R2009b\bin\win64\uinone.dll
0x000000006e710000 - 0x000000006e8ab000 	C:\Windows\WinSxS\amd64_microsoft.vc80.mfc_1fc8b3b9a1e18e3b_8.0.50727.762_none_c46a533c8a667ee7\MFC80.DLL
0x000007fefa530000 - 0x000007fefa5a0000 	C:\Windows\system32\WINSPOOL.DRV
0x000007feff860000 - 0x000007feffa62000 	C:\Windows\system32\ole32.dll
0x000007fefdf60000 - 0x000007fefe037000 	C:\Windows\system32\OLEAUT32.dll
0x000000007ad90000 - 0x000000007ae3f000 	C:\Program Files\MATLAB\R2009b\bin\win64\udd_mi.dll
0x0000000078ff0000 - 0x0000000079008000 	C:\Program Files\MATLAB\R2009b\bin\win64\mwoles05.DLL
0x000000007a990000 - 0x000000007a9fa000 	C:\Program Files\MATLAB\R2009b\bin\win64\comcli.dll
0x0000000075880000 - 0x000000007589f000 	C:\Windows\WinSxS\amd64_microsoft.vc80.atl_1fc8b3b9a1e18e3b_8.0.50727.762_none_ca3f79d486b08636\ATL80.DLL
0x000000007c8e0000 - 0x000000007c8ee000 	C:\Program Files\MATLAB\R2009b\bin\win64\mlautoregister.dll
0x000007feffae0000 - 0x000007feffb0e000 	C:\Windows\system32\IMM32.DLL
0x000007feff680000 - 0x000007feff789000 	C:\Windows\system32\MSCTF.dll
0x0000000075870000 - 0x000000007587d000 	C:\Windows\WinSxS\amd64_microsoft.vc80.mfcloc_1fc8b3b9a1e18e3b_8.0.50727.762_none_fc42961a63b5a82b\MFC80ENU.DLL
0x000007fefdb10000 - 0x000007fefdb1f000 	C:\Windows\system32\profapi.dll
0x000007fefda40000 - 0x000007fefda4f000 	C:\Windows\system32\CRYPTBASE.dll
0x000007fefc990000 - 0x000007fefc9e6000 	C:\Windows\system32\uxtheme.dll
0x000007fefc2a0000 - 0x000007fefc494000 	C:\Windows\WinSxS\amd64_microsoft.windows.common-controls_6595b64144ccf1df_6.0.7600.16661_none_fa62ad231704eab7\comctl32.dll
0x000007feffce0000 - 0x000007feffeb7000 	C:\Windows\system32\SETUPAPI.dll
0x000007fefddc0000 - 0x000007fefddf6000 	C:\Windows\system32\CFGMGR32.dll
0x000007fefdda0000 - 0x000007fefddba000 	C:\Windows\system32\DEVOBJ.dll
0x000007feff790000 - 0x000007feff829000 	C:\Windows\system32\CLBCatQ.DLL
0x000007fefc7c0000 - 0x000007fefc8ec000 	C:\Windows\system32\propsys.dll
0x0000000075860000 - 0x0000000075863000 	C:\Windows\system32\icmp.Dll
0x000007fefb500000 - 0x000007fefb527000 	C:\Windows\system32\iphlpapi.DLL
0x000007fefb4e0000 - 0x000007fefb4eb000 	C:\Windows\system32\WINNSI.DLL
0x000007fefd9b0000 - 0x000007fefd9d5000 	C:\Windows\system32\SspiCli.dll
0x000007fefbbc0000 - 0x000007fefbbd5000 	C:\Windows\system32\NLAapi.dll
0x000007fefd380000 - 0x000007fefd3d4000 	C:\Windows\System32\mswsock.dll
0x000007fefd200000 - 0x000007fefd25b000 	C:\Windows\system32\DNSAPI.dll
0x000007fef8e70000 - 0x000007fef8e7b000 	C:\Windows\System32\winrnr.dll
0x000007fef8e10000 - 0x000007fef8e25000 	C:\Windows\system32\napinsp.dll
0x000007fef8df0000 - 0x000007fef8e09000 	C:\Windows\system32\pnrpnsp.dll
0x000007fefb2f0000 - 0x000007fefb343000 	C:\Windows\System32\fwpuclnt.dll
0x000007fef9a70000 - 0x000007fef9a78000 	C:\Windows\system32\rasadhlp.dll
0x000007fefcd40000 - 0x000007fefcd47000 	C:\Windows\System32\wshtcpip.dll
0x000007fefb410000 - 0x000007fefb428000 	C:\Windows\system32\dhcpcsvc.DLL
0x000007fefb3f0000 - 0x000007fefb401000 	C:\Windows\system32\dhcpcsvc6.DLL
0x000000006d7f0000 - 0x000000006dda8000 	C:\Program Files\MATLAB\R2009b\sys\java\jre\win64\jre\bin\server\jvm.dll
0x000007fefbd70000 - 0x000007fefbdab000 	C:\Windows\system32\WINMM.dll
0x000007fefbed0000 - 0x000007fefbee8000 	C:\Windows\system32\dwmapi.dll
0x000000007ab10000 - 0x000000007ab1a000 	C:\Program Files\MATLAB\R2009b\sys\java\jre\win64\jre\bin\hpi.dll
0x000000007ab30000 - 0x000000007ab3e000 	C:\Program Files\MATLAB\R2009b\sys\java\jre\win64\jre\bin\verify.dll
0x0000000079090000 - 0x00000000790b7000 	C:\Program Files\MATLAB\R2009b\sys\java\jre\win64\jre\bin\java.dll
0x000000007ab40000 - 0x000000007ab52000 	C:\Program Files\MATLAB\R2009b\sys\java\jre\win64\jre\bin\zip.dll
0x0000000079010000 - 0x0000000079032000 	C:\Program Files\MATLAB\R2009b\bin\win64\nativejava.dll
0x0000000079040000 - 0x000000007906b000 	C:\Program Files\MATLAB\R2009b\bin\win64\nativejmi.dll
0x000000007c920000 - 0x000000007c927000 	C:\Program Files\MATLAB\R2009b\bin\win64\nativeservices.dll
0x000000007a2c0000 - 0x000000007a482000 	C:\Program Files\MATLAB\R2009b\sys\java\jre\win64\jre\bin\awt.dll
0x000000007ac10000 - 0x000000007ac7b000 	C:\Program Files\MATLAB\R2009b\sys\java\jre\win64\jre\bin\fontmanager.dll
0x00000000790c0000 - 0x00000000790d7000 	C:\Program Files\MATLAB\R2009b\sys\java\jre\win64\jre\bin\net.dll
0x000007fefd370000 - 0x000007fefd377000 	C:\Windows\System32\wship6.dll

VM Arguments:
jvm_args: -Xss512k -XX:PermSize=32m -Xms64m -XX:NewRatio=3 -XX:MaxPermSize=128m -Xmx196m -XX:MaxDirectMemorySize=2147400000 -Dsun.java2d.noddraw=true -Dsun.awt.nopixfmt=true -Xshare:off -Xrs -Djava.library.path=C:\Program Files\MATLAB\R2009b\bin\win64 vfprintf abort 
java_command: <unknown>
Launcher Type: generic

Environment Variables:
PATH=C:\Windows\system32;C:\Windows;C:\Windows\System32\Wbem;C:\Windows\System32\WindowsPowerShell\v1.0\;C:\Program Files\MATLAB\R2009b\runtime\win64;C:\Program Files\MATLAB\R2009b\bin
USERNAME=aaronh
OS=Windows_NT
PROCESSOR_IDENTIFIER=Intel64 Family 6 Model 15 Stepping 7, GenuineIntel



---------------  S Y S T E M  ---------------

OS: Windows NT 6.1 Build 7600 

CPU:total 8 (4 cores per cpu, 1 threads per core) family 6 model 15 stepping 7, cmov, cx8, fxsr, mmx, sse, sse2, sse3, ssse3

Memory: 4k page, physical 29357724k(27198880k free), swap 58713552k(55231060k free)

vm_info: Java HotSpot(TM) 64-Bit Server VM (11.2-b01) for windows-amd64 JRE (1.6.0_12-b04), built on Jan 17 2009 01:49:05 by "java_re" with MS VC++ 8.0

time: Sun Mar 06 15:06:53 2011
elapsed time: 350104 seconds

