#
# An unexpected error has been detected by Java Runtime Environment:
#
#  EXCEPTION_ACCESS_VIOLATION (0xc0000005) at pc=0x000000007a39d0e0, pid=5492, tid=5472
#
# Java VM: Java HotSpot(TM) 64-Bit Server VM (11.2-b01 mixed mode windows-amd64)
# Problematic frame:
# C  [awt.dll+0xdd0e0]
#
# If you would like to submit a bug report, please visit:
#   http://java.sun.com/webapps/bugreport/crash.jsp
# The crash happened outside the Java Virtual Machine in native code.
# See problematic frame for where to report the bug.
#

---------------  T H R E A D  ---------------

Current thread (0x000000002d91f800):  JavaThread "AWT-EventQueue-0" [_thread_in_native, id=5472, stack(0x0000000008d70000,0x0000000008df0000)]

siginfo: ExceptionCode=0xc0000005, reading address 0x0000000000000008

Registers:
EAX=0x000000000000000d, EBX=0x000000002d91f9c0, ECX=0x0000000000000000, EDX=0x0000000062010d7c
ESP=0x0000000008dee748, EBP=0x000000002f633c80, ESI=0x000000002d91f9c0, EDI=0x0000000032e95190
EIP=0x000000007a39d0e0, EFLAGS=0x0000000000010202

Top of Stack: (sp=0x0000000008dee748)
0x0000000008dee748:   000000007a345acc 0000000000000000
0x0000000008dee758:   000000002d91f9c0 000000002f633c80
0x0000000008dee768:   000000002d91f9c0 000000001435e220
0x0000000008dee778:   000000002d91f9c0 0000000000000101
0x0000000008dee788:   000000007a323810 000000002d91f9c0
0x0000000008dee798:   0000000008deee68 0000000008deeee0
0x0000000008dee7a8:   000000002f633c80 0000000008dee7b0
0x0000000008dee7b8:   000000007a342381 0000000008dee900
0x0000000008dee7c8:   0000000008deeed8 0000000023102a30
0x0000000008dee7d8:   0000000008deeee0 000000002f44b708
0x0000000008dee7e8:   0000000008dee848 000000002f44b708
0x0000000008dee7f8:   000000002d91f800 0000000000000000
0x0000000008dee808:   000000006d9d267c 0000000000000000
0x0000000008dee818:   0000000000000000 000000002f44b708
0x0000000008dee828:   000000002d91f800 0000000000000000
0x0000000008dee838:   000000000e4e6849 0000000000000001 

Instructions: (pc=0x000000007a39d0e0)
0x000000007a39d0d0:   48 8b 41 08 48 8b 80 18 0c 00 00 c3 cc cc cc cc
0x000000007a39d0e0:   48 8b 49 08 48 85 c9 74 05 e9 b2 ee fd ff 33 c0 


Stack: [0x0000000008d70000,0x0000000008df0000],  sp=0x0000000008dee748,  free space=505k
Native frames: (J=compiled Java code, j=interpreted, Vv=VM code, C=native code)
C  [awt.dll+0xdd0e0]

Java frames: (J=compiled Java code, j=interpreted, Vv=VM code)
j  sun.java2d.windows.GDIBlitLoops.nativeBlit(Lsun/java2d/SurfaceData;Lsun/java2d/SurfaceData;Lsun/java2d/pipe/Region;IIIIIIIIIZ)V+0
j  sun.java2d.windows.GDIBlitLoops.Blit(Lsun/java2d/SurfaceData;Lsun/java2d/SurfaceData;Ljava/awt/Composite;Lsun/java2d/pipe/Region;IIIIII)V+33
J  sun.java2d.pipe.DrawImage.copyImage(Lsun/java2d/SunGraphics2D;Ljava/awt/Image;IILjava/awt/Color;Ljava/awt/image/ImageObserver;)Z
J  sun.java2d.SunGraphics2D.drawImage(Ljava/awt/Image;IILjava/awt/Color;Ljava/awt/image/ImageObserver;)Z
J  javax.swing.RepaintManager$PaintManager.paintDoubleBuffered(Ljavax/swing/JComponent;Ljava/awt/Image;Ljava/awt/Graphics;IIII)V
J  javax.swing.RepaintManager$PaintManager.paint(Ljavax/swing/JComponent;Ljavax/swing/JComponent;Ljava/awt/Graphics;IIII)Z
J  javax.swing.JComponent._paintImmediately(IIII)V
J  javax.swing.RepaintManager.paintDirtyRegions(Ljava/util/Map;)V
j  javax.swing.RepaintManager.paintDirtyRegions()V+46
j  javax.swing.RepaintManager.seqPaintDirtyRegions()V+73
j  javax.swing.SystemEventQueueUtilities$ComponentWorkRequest.run()V+36
J  java.awt.event.InvocationEvent.dispatch()V
J  java.awt.EventDispatchThread.pumpOneEventForFilters(I)Z
J  java.awt.EventDispatchThread.pumpEventsForFilter(ILjava/awt/Conditional;Ljava/awt/EventFilter;)V
j  java.awt.EventDispatchThread.pumpEventsForHierarchy(ILjava/awt/Conditional;Ljava/awt/Component;)V+11
j  java.awt.EventDispatchThread.pumpEvents(ILjava/awt/Conditional;)V+4
j  java.awt.EventDispatchThread.pumpEvents(Ljava/awt/Conditional;)V+3
j  java.awt.EventDispatchThread.run()V+9
v  ~StubRoutines::call_stub

---------------  P R O C E S S  ---------------

Java Threads: ( => current thread )
=>0x000000002d91f800 JavaThread "AWT-EventQueue-0" [_thread_in_native, id=5472, stack(0x0000000008d70000,0x0000000008df0000)]
  0x000000002d91bc00 JavaThread "Thread-551" [_thread_blocked, id=5708, stack(0x0000000008cf0000,0x0000000008d70000)]
  0x000000002d91d800 JavaThread "Thread-550" [_thread_blocked, id=6800, stack(0x0000000008920000,0x00000000089a0000)]
  0x000000002d91d000 JavaThread "Active Reference Queue Daemon" daemon [_thread_blocked, id=3180, stack(0x0000000008c70000,0x0000000008cf0000)]
  0x000000002d91c800 JavaThread "Timer-63" daemon [_thread_blocked, id=7108, stack(0x0000000008ba0000,0x0000000008c20000)]
  0x000000002d91ac00 JavaThread "FelixPackageAdmin" daemon [_thread_blocked, id=7868, stack(0x0000000008b20000,0x0000000008ba0000)]
  0x000000002d91c000 JavaThread "FelixStartLevel" daemon [_thread_blocked, id=3488, stack(0x0000000008a20000,0x0000000008aa0000)]
  0x000000002d91b400 JavaThread "FelixDispatchQueue" [_thread_blocked, id=1752, stack(0x00000000089a0000,0x0000000008a20000)]
  0x000000002d919000 JavaThread "Prefs Updater" daemon [_thread_blocked, id=5600, stack(0x000000000ca40000,0x000000000cac0000)]
  0x000000002d919c00 JavaThread "Timer-11" daemon [_thread_blocked, id=4200, stack(0x000000000cb20000,0x000000000cba0000)]
  0x000000002d918800 JavaThread "Timer-1" [_thread_blocked, id=2848, stack(0x000000000c420000,0x000000000c4a0000)]
  0x000000002e1c7400 JavaThread "TimerQueue" daemon [_thread_blocked, id=5108, stack(0x000000000c210000,0x000000000c290000)]
  0x000000002e14c800 JavaThread "AWT-Shutdown" [_thread_blocked, id=4924, stack(0x000000002e5e0000,0x000000002e660000)]
  0x000000002e14d000 JavaThread "AWT-Windows" daemon [_thread_in_native, id=2768, stack(0x000000002e660000,0x000000002e6e0000)]
  0x000000002e14c000 JavaThread "Java2D Disposer" daemon [_thread_blocked, id=5920, stack(0x000000002e560000,0x000000002e5e0000)]
  0x000000002d936400 JavaThread "Timer-0" [_thread_blocked, id=3472, stack(0x000000002dc20000,0x000000002dca0000)]
  0x000000002d923c00 JavaThread "JMI Unnamed Thread" [_thread_in_native, id=4708, stack(0x0000000005a10000,0x0000000006a10000)]
  0x00000000296fe000 JavaThread "Low Memory Detector" daemon [_thread_blocked, id=5744, stack(0x0000000008100000,0x0000000008180000)]
  0x00000000296f8c00 JavaThread "CompilerThread1" daemon [_thread_blocked, id=1016, stack(0x000000002b820000,0x000000002c820000)]
  0x00000000296eec00 JavaThread "CompilerThread0" daemon [_thread_blocked, id=5796, stack(0x000000002a820000,0x000000002b820000)]
  0x00000000296ed000 JavaThread "Attach Listener" daemon [_thread_blocked, id=4044, stack(0x0000000008080000,0x0000000008100000)]
  0x00000000296cb400 JavaThread "Finalizer" daemon [_thread_blocked, id=2436, stack(0x0000000008000000,0x0000000008080000)]
  0x00000000296ca800 JavaThread "Reference Handler" daemon [_thread_blocked, id=2160, stack(0x0000000007ea0000,0x0000000007f20000)]
  0x000000000168fc00 JavaThread "main" [_thread_in_native, id=2132, stack(0x0000000000030000,0x0000000001030000)]

Other Threads:
  0x000000000160fc00 VMThread [stack: 0x0000000029820000,0x000000002a820000] [id=5580]
  0x000000002971f400 WatcherThread [stack: 0x000000002c820000,0x000000002d820000] [id=5324]

VM state:not at safepoint (normal execution)

VM Mutex/Monitor currently owned by a thread: None

Heap
 PSYoungGen      total 17536K, used 12347K [0x0000000022520000, 0x00000000237a0000, 0x0000000025620000)
  eden space 16256K, 74% used [0x0000000022520000,0x0000000023106e10,0x0000000023500000)
  from space 1280K, 12% used [0x0000000023660000,0x0000000023688000,0x00000000237a0000)
  to   space 1344K, 0% used [0x0000000023500000,0x0000000023500000,0x0000000023650000)
 PSOldGen        total 150528K, used 106931K [0x0000000019220000, 0x0000000022520000, 0x0000000022520000)
  object space 150528K, 71% used [0x0000000019220000,0x000000001fa8cf68,0x0000000022520000)
 PSPermGen       total 82048K, used 54635K [0x0000000011220000, 0x0000000016240000, 0x0000000019220000)
  object space 82048K, 66% used [0x0000000011220000,0x000000001477ac88,0x0000000016240000)

Dynamic libraries:
0x0000000140000000 - 0x0000000140038000 	C:\Program Files\MATLAB\R2009b\bin\win64\MATLAB.exe
0x0000000077b90000 - 0x0000000077d39000 	C:\Windows\SYSTEM32\ntdll.dll
0x0000000077a70000 - 0x0000000077b8f000 	C:\Windows\system32\kernel32.dll
0x000007fefdb90000 - 0x000007fefdbfc000 	C:\Windows\system32\KERNELBASE.dll
0x000000007cdb0000 - 0x000000007ceb9000 	C:\Program Files\MATLAB\R2009b\bin\win64\libut.dll
0x000007fefdeb0000 - 0x000007fefdec7000 	C:\Windows\system32\imagehlp.dll
0x000007feffa10000 - 0x000007feffaaf000 	C:\Windows\system32\msvcrt.dll
0x0000000077d60000 - 0x0000000077d67000 	C:\Windows\system32\PSAPI.DLL
0x000000007d620000 - 0x000000007d648000 	C:\Program Files\MATLAB\R2009b\bin\win64\LIBEXPAT.dll
0x00000000753d0000 - 0x0000000075499000 	C:\Windows\WinSxS\amd64_microsoft.vc80.crt_1fc8b3b9a1e18e3b_8.0.50727.6195_none_88e41e092fab0294\MSVCR80.dll
0x000000007d320000 - 0x000000007d44c000 	C:\Program Files\MATLAB\R2009b\bin\win64\icuuc40.dll
0x000007feffd70000 - 0x000007feffe4b000 	C:\Windows\system32\ADVAPI32.dll
0x000007feffab0000 - 0x000007feffacf000 	C:\Windows\SYSTEM32\sechost.dll
0x000007feffb00000 - 0x000007feffc2d000 	C:\Windows\system32\RPCRT4.dll
0x000000007c760000 - 0x000000007c763000 	C:\Program Files\MATLAB\R2009b\bin\win64\icudt40.dll
0x000000007c770000 - 0x000000007c780000 	C:\Program Files\MATLAB\R2009b\bin\win64\icuio40.dll
0x000000007ca60000 - 0x000000007cbb3000 	C:\Program Files\MATLAB\R2009b\bin\win64\icuin40.dll
0x00000000752a0000 - 0x00000000753a9000 	C:\Windows\WinSxS\amd64_microsoft.vc80.crt_1fc8b3b9a1e18e3b_8.0.50727.6195_none_88e41e092fab0294\MSVCP80.dll
0x0000000077970000 - 0x0000000077a6a000 	C:\Windows\system32\USER32.dll
0x000007feff740000 - 0x000007feff7a7000 	C:\Windows\system32\GDI32.dll
0x000007feff2f0000 - 0x000007feff2fe000 	C:\Windows\system32\LPK.dll
0x000007feff5f0000 - 0x000007feff6b9000 	C:\Windows\system32\USP10.dll
0x0000000078820000 - 0x0000000078890000 	C:\Program Files\MATLAB\R2009b\bin\win64\libmwfl.dll
0x000000007e820000 - 0x000000007e82f000 	C:\Program Files\MATLAB\R2009b\bin\win64\boost_date_time-vc80-mt-1_36.dll
0x000000007e800000 - 0x000000007e816000 	C:\Program Files\MATLAB\R2009b\bin\win64\boost_signals-vc80-mt-1_36.dll
0x000000007dae0000 - 0x000000007dae9000 	C:\Program Files\MATLAB\R2009b\bin\win64\boost_system-vc80-mt-1_36.dll
0x000000007c740000 - 0x000000007c751000 	C:\Program Files\MATLAB\R2009b\bin\win64\boost_thread-vc80-mt-1_36.dll
0x000000007cf70000 - 0x000000007d1e1000 	C:\Program Files\MATLAB\R2009b\bin\win64\libmwservices.dll
0x000000007cec0000 - 0x000000007cf6f000 	C:\Program Files\MATLAB\R2009b\bin\win64\libmx.dll
0x0000000079070000 - 0x0000000079087000 	C:\Program Files\MATLAB\R2009b\bin\win64\zlib1.dll
0x000000007d1f0000 - 0x000000007d318000 	C:\Program Files\MATLAB\R2009b\bin\win64\libmwmathutil.dll
0x000000007a660000 - 0x000000007a6b8000 	C:\Program Files\MATLAB\R2009b\bin\win64\mpath.dll
0x000000007d650000 - 0x000000007d6a1000 	C:\Program Files\MATLAB\R2009b\bin\win64\mlutil.dll
0x00000000787b0000 - 0x00000000787ee000 	C:\Program Files\MATLAB\R2009b\bin\win64\tbb.dll
0x000007fef88f0000 - 0x000007fef8990000 	C:\Windows\WinSxS\amd64_microsoft.windows.common-controls_6595b64144ccf1df_5.82.7601.17514_none_a4d6a923711520a9\COMCTL32.dll
0x000007feffc30000 - 0x000007feffcc7000 	C:\Windows\system32\comdlg32.dll
0x000007feff6c0000 - 0x000007feff731000 	C:\Windows\system32\SHLWAPI.dll
0x000007fefe380000 - 0x000007feff108000 	C:\Windows\system32\SHELL32.dll
0x000007fefb990000 - 0x000007fefb9a6000 	C:\Windows\system32\NETAPI32.dll
0x000007fefcf80000 - 0x000007fefcf8c000 	C:\Windows\system32\netutils.dll
0x000007fefd5f0000 - 0x000007fefd613000 	C:\Windows\system32\srvcli.dll
0x000007fefb970000 - 0x000007fefb985000 	C:\Windows\system32\wkscli.dll
0x000007feffe50000 - 0x000007feffe9d000 	C:\Windows\system32\WS2_32.dll
0x000007fefded0000 - 0x000007fefded8000 	C:\Windows\system32\NSI.dll
0x000000007eaa0000 - 0x000000007eabd000 	C:\Program Files\MATLAB\R2009b\bin\win64\boost_filesystem-vc80-mt-1_36.dll
0x000000007acf0000 - 0x000000007ad87000 	C:\Program Files\MATLAB\R2009b\bin\win64\mcr.dll
0x000000007c780000 - 0x000000007c80c000 	C:\Program Files\MATLAB\R2009b\bin\win64\iqm.dll
0x000000007b440000 - 0x000000007bd40000 	C:\Program Files\MATLAB\R2009b\bin\win64\m_interpreter.dll
0x000000007c830000 - 0x000000007c840000 	C:\Program Files\MATLAB\R2009b\bin\win64\libmex.dll
0x000000007ab60000 - 0x000000007ac0b000 	C:\Program Files\MATLAB\R2009b\bin\win64\m_dispatcher.dll
0x000000007e720000 - 0x000000007e7ac000 	C:\Program Files\MATLAB\R2009b\bin\win64\xmlcore.dll
0x000000007a020000 - 0x000000007a2b5000 	C:\Program Files\MATLAB\R2009b\bin\win64\xerces-c_2_7.dll
0x000000007e980000 - 0x000000007ea71000 	C:\Program Files\MATLAB\R2009b\bin\win64\boost_regex-vc80-mt-1_36.dll
0x000000007aa00000 - 0x000000007aa91000 	C:\Program Files\MATLAB\R2009b\bin\win64\profiler.dll
0x000000007c8b0000 - 0x000000007c8da000 	C:\Program Files\MATLAB\R2009b\bin\win64\libmwmathrng.dll
0x0000000078fd0000 - 0x0000000078fea000 	C:\Program Files\MATLAB\R2009b\bin\win64\m_pcodeio.dll
0x000000007a610000 - 0x000000007a65d000 	C:\Program Files\MATLAB\R2009b\bin\win64\m_ir.dll
0x000000007ae40000 - 0x000000007b433000 	C:\Program Files\MATLAB\R2009b\bin\win64\m_parser.dll
0x000000007c810000 - 0x000000007c824000 	C:\Program Files\MATLAB\R2009b\bin\win64\ir_xfmr.dll
0x0000000078890000 - 0x0000000078b39000 	C:\Program Files\MATLAB\R2009b\bin\win64\mcos.dll
0x000000007c8f0000 - 0x000000007c8fc000 	C:\Program Files\MATLAB\R2009b\bin\win64\mtok.dll
0x0000000078fb0000 - 0x0000000078fd0000 	C:\Program Files\MATLAB\R2009b\bin\win64\m_pcodegen.dll
0x000007fefb250000 - 0x000007fefb375000 	C:\Windows\system32\dbghelp.dll
0x0000000078ec0000 - 0x0000000078ee4000 	C:\Program Files\MATLAB\R2009b\bin\win64\bridge.dll
0x000000007c3d0000 - 0x000000007c490000 	C:\Program Files\MATLAB\R2009b\bin\win64\udd.dll
0x000000007d450000 - 0x000000007d59d000 	C:\Program Files\MATLAB\R2009b\bin\win64\libmwgui.dll
0x00000000790e0000 - 0x000000007980b000 	C:\Program Files\MATLAB\R2009b\bin\win64\hg.dll
0x0000000078ef0000 - 0x0000000078f2c000 	C:\Program Files\MATLAB\R2009b\bin\win64\libmat.dll
0x000000007cbc0000 - 0x000000007cdae000 	C:\Program Files\MATLAB\R2009b\bin\win64\libhdf5.dll
0x000000007a550000 - 0x000000007a5af000 	C:\Program Files\MATLAB\R2009b\bin\win64\jmi.dll
0x000000007a490000 - 0x000000007a4d0000 	C:\Program Files\MATLAB\R2009b\bin\win64\libmwhardcopy.dll
0x000000007a5b0000 - 0x000000007a60a000 	C:\Program Files\MATLAB\R2009b\bin\win64\libuij.dll
0x0000000078680000 - 0x00000000787ab000 	C:\Program Files\MATLAB\R2009b\bin\win64\hgdatatypes.dll
0x0000000078630000 - 0x000000007867b000 	C:\Program Files\MATLAB\R2009b\bin\win64\hgutils.dll
0x0000000078f30000 - 0x0000000078fa5000 	C:\Program Files\MATLAB\R2009b\bin\win64\libmwlapack.dll
0x000000007c850000 - 0x000000007c863000 	C:\Program Files\MATLAB\R2009b\bin\win64\libmwbinder.dll
0x000000007c490000 - 0x000000007c73e000 	C:\Program Files\MATLAB\R2009b\bin\win64\uiw.dll
0x000000007c930000 - 0x000000007c93a000 	C:\Program Files\MATLAB\R2009b\bin\win64\uinone.dll
0x000000006f240000 - 0x000000006f3dc000 	C:\Windows\WinSxS\amd64_microsoft.vc80.mfc_1fc8b3b9a1e18e3b_8.0.50727.6195_none_8448b2bd328df189\MFC80.DLL
0x000007fefa030000 - 0x000007fefa0a1000 	C:\Windows\system32\WINSPOOL.DRV
0x000007feff360000 - 0x000007feff563000 	C:\Windows\system32\ole32.dll
0x000007feff930000 - 0x000007feffa07000 	C:\Windows\system32\OLEAUT32.dll
0x000000007ad90000 - 0x000000007ae3f000 	C:\Program Files\MATLAB\R2009b\bin\win64\udd_mi.dll
0x0000000078ff0000 - 0x0000000079008000 	C:\Program Files\MATLAB\R2009b\bin\win64\mwoles05.DLL
0x000000007a990000 - 0x000000007a9fa000 	C:\Program Files\MATLAB\R2009b\bin\win64\comcli.dll
0x0000000073760000 - 0x0000000073780000 	C:\Windows\WinSxS\amd64_microsoft.vc80.atl_1fc8b3b9a1e18e3b_8.0.50727.6195_none_8a1dd9552ed7f8d8\ATL80.DLL
0x000000007c8e0000 - 0x000000007c8ee000 	C:\Program Files\MATLAB\R2009b\bin\win64\mlautoregister.dll
0x000007feffad0000 - 0x000007feffafe000 	C:\Windows\system32\IMM32.DLL
0x000007fefe010000 - 0x000007fefe119000 	C:\Windows\system32\MSCTF.dll
0x0000000073b20000 - 0x0000000073b2d000 	C:\Windows\WinSxS\amd64_microsoft.vc80.mfcloc_1fc8b3b9a1e18e3b_8.0.50727.6195_none_bc20f59b0bdd1acd\MFC80ENU.DLL
0x000007fefc280000 - 0x000007fefc2d6000 	C:\Windows\system32\uxtheme.dll
0x000007fefdae0000 - 0x000007fefdaef000 	C:\Windows\system32\profapi.dll
0x0000000073750000 - 0x0000000073753000 	C:\Windows\system32\icmp.Dll
0x000007fefaae0000 - 0x000007fefab07000 	C:\Windows\system32\iphlpapi.DLL
0x000007fefaaa0000 - 0x000007fefaaab000 	C:\Windows\system32\WINNSI.DLL
0x000007fefd940000 - 0x000007fefd965000 	C:\Windows\system32\SspiCli.dll
0x000007fefbb00000 - 0x000007fefbb15000 	C:\Windows\system32\NLAapi.dll
0x000007fef9220000 - 0x000007fef9235000 	C:\Windows\system32\napinsp.dll
0x000007fef9240000 - 0x000007fef9259000 	C:\Windows\system32\pnrpnsp.dll
0x000007fefd2f0000 - 0x000007fefd345000 	C:\Windows\System32\mswsock.dll
0x000007fefd170000 - 0x000007fefd1cb000 	C:\Windows\system32\DNSAPI.dll
0x000007fef9210000 - 0x000007fef921b000 	C:\Windows\System32\winrnr.dll
0x000007fefa910000 - 0x000007fefa963000 	C:\Windows\System32\fwpuclnt.dll
0x000007fef9f90000 - 0x000007fef9f98000 	C:\Windows\system32\rasadhlp.dll
0x000007fefcd00000 - 0x000007fefcd07000 	C:\Windows\System32\wshtcpip.dll
0x000007fefa9c0000 - 0x000007fefa9d1000 	C:\Windows\system32\dhcpcsvc6.DLL
0x000007fefa970000 - 0x000007fefa988000 	C:\Windows\system32\dhcpcsvc.DLL
0x000007fefd9d0000 - 0x000007fefd9df000 	C:\Windows\system32\CRYPTBASE.dll
0x000000006d7f0000 - 0x000000006dda8000 	C:\Program Files\MATLAB\R2009b\sys\java\jre\win64\jre\bin\server\jvm.dll
0x000007fefb780000 - 0x000007fefb7bb000 	C:\Windows\system32\WINMM.dll
0x000007fefbea0000 - 0x000007fefbeb8000 	C:\Windows\system32\dwmapi.dll
0x000007feffcd0000 - 0x000007feffd69000 	C:\Windows\system32\CLBCatQ.DLL
0x000000007ab10000 - 0x000000007ab1a000 	C:\Program Files\MATLAB\R2009b\sys\java\jre\win64\jre\bin\hpi.dll
0x000000007ab30000 - 0x000000007ab3e000 	C:\Program Files\MATLAB\R2009b\sys\java\jre\win64\jre\bin\verify.dll
0x0000000079090000 - 0x00000000790b7000 	C:\Program Files\MATLAB\R2009b\sys\java\jre\win64\jre\bin\java.dll
0x000000007ab40000 - 0x000000007ab52000 	C:\Program Files\MATLAB\R2009b\sys\java\jre\win64\jre\bin\zip.dll
0x0000000079010000 - 0x0000000079032000 	C:\Program Files\MATLAB\R2009b\bin\win64\nativejava.dll
0x0000000079040000 - 0x000000007906b000 	C:\Program Files\MATLAB\R2009b\bin\win64\nativejmi.dll
0x000000007c920000 - 0x000000007c927000 	C:\Program Files\MATLAB\R2009b\bin\win64\nativeservices.dll
0x000000007a2c0000 - 0x000000007a482000 	C:\Program Files\MATLAB\R2009b\sys\java\jre\win64\jre\bin\awt.dll
0x000000007ac10000 - 0x000000007ac7b000 	C:\Program Files\MATLAB\R2009b\sys\java\jre\win64\jre\bin\fontmanager.dll
0x00000000790c0000 - 0x00000000790d7000 	C:\Program Files\MATLAB\R2009b\sys\java\jre\win64\jre\bin\net.dll
0x000007fefd2e0000 - 0x000007fefd2e7000 	C:\Windows\System32\wship6.dll
0x000000007ab20000 - 0x000000007ab2b000 	C:\Program Files\MATLAB\R2009b\sys\java\jre\win64\jre\bin\nio.dll
0x000007fefd350000 - 0x000007fefd367000 	C:\Windows\system32\CRYPTSP.dll
0x000007fefd050000 - 0x000007fefd097000 	C:\Windows\system32\rsaenh.dll
0x000007fefce20000 - 0x000007fefce3e000 	C:\Windows\system32\USERENV.dll
0x0000000078300000 - 0x000000007830a000 	C:\Program Files\MATLAB\R2009b\bin\win64\nativelmgr.dll

VM Arguments:
jvm_args: -Xss512k -XX:PermSize=32m -Xms64m -XX:NewRatio=3 -XX:MaxPermSize=128m -Xmx196m -XX:MaxDirectMemorySize=2147400000 -Dsun.java2d.noddraw=true -Dsun.awt.nopixfmt=true -Xshare:off -Xrs -Djava.library.path=C:\Program Files\MATLAB\R2009b\bin\win64 vfprintf abort 
java_command: <unknown>
Launcher Type: generic

Environment Variables:
PATH=C:\Program Files\ImageMagick-6.6.8-Q16;C:\Windows\system32;C:\Windows;C:\Windows\System32\Wbem;C:\Windows\System32\WindowsPowerShell\v1.0\;C:\Program Files\MATLAB\R2009b\runtime\win64;C:\Program Files\MATLAB\R2009b\bin;C:\Program Files (x86)\Microsoft SQL Server\90\Tools\binn\
USERNAME=aaronh
OS=Windows_NT
PROCESSOR_IDENTIFIER=Intel64 Family 6 Model 15 Stepping 11, GenuineIntel



---------------  S Y S T E M  ---------------

OS: Windows NT 6.1 Build 7601 Service Pack 1

CPU:total 4 (4 cores per cpu, 1 threads per core) family 6 model 15 stepping 11, cmov, cx8, fxsr, mmx, sse, sse2, sse3, ssse3

Memory: 4k page, physical 8320632k(5179632k free), swap 16639416k(13536500k free)

vm_info: Java HotSpot(TM) 64-Bit Server VM (11.2-b01) for windows-amd64 JRE (1.6.0_12-b04), built on Jan 17 2009 01:49:05 by "java_re" with MS VC++ 8.0

time: Sun Feb 26 21:38:17 2012
elapsed time: 509915 seconds

