# Bundle file v0.3
2 303
1.0763655239e+03 -9.9270953570e-04 2.6496359171e-03
9.9999999952e-01 -3.0871875868e-05 -3.2214971342e-06
3.0871889114e-05 9.9999999952e-01 4.1116921325e-06
3.2213701970e-06 -4.1117915843e-06 9.9999999999e-01
-1.2712656912e-03 1.1379475605e-03 3.4200032784e-04
1.0762127622e+03 6.8607900267e-04 -1.8341257152e-03
9.9973860863e-01 2.1789951945e-03 2.2758874957e-02
-2.0031967606e-03 9.9996800573e-01 -7.7443343379e-03
-2.2775021671e-02 7.6967195312e-03 9.9971098768e-01
1.4832203877e-01 1.8682391737e-02 -9.8807722940e-01
1.1257032804e+02 -5.0868280675e+01 4.9158982408e+02
37 43 42
2 0 0 -246.3900 111.6800 1 0 -273.3100 120.8400
1.1257032804e+02 -5.0868280675e+01 4.9158982408e+02
37 43 42
2 0 1 -246.3900 111.6800 1 1 -273.3100 120.8400
-6.3996727377e+00 6.3487816599e-01 -7.8599725969e+01
254 250 246
2 0 4 -87.6200 7.9500 1 2 -108.9500 18.0400
-3.5937120279e+02 -4.1341686315e+01 -1.4742342345e+03
43 55 73
2 0 7 -262.3000 -30.8200 1 6 -288.2300 -20.7900
-4.7831316421e+02 -4.3520135458e+02 -1.4787589310e+03
13 13 13
2 0 15 -347.9800 -316.9900 1 13 -375.0200 -308.9300
1.6000573315e+03 2.7057571492e+03 1.4823545083e+04
183 180 163
2 0 16 -116.1000 -196.5600 1 14 -141.3400 -188.0500
2.5582386141e+01 2.4231796071e+01 2.1583566510e+02
13 15 14
2 0 17 -127.5100 -120.9700 1 15 -154.1100 -112.9700
4.4201630121e+01 -2.5054413480e+01 -3.7567499883e+02
32 34 33
2 0 18 126.5200 -71.7000 1 16 101.9300 -63.3700
4.4201630121e+01 -2.5054413480e+01 -3.7567499883e+02
32 34 33
2 0 19 126.5200 -71.7000 1 17 101.9300 -63.3700
-6.6082253070e+01 7.1564783215e+01 -2.3201927320e+02
87 93 81
2 0 20 -306.6500 331.8000 1 19 -331.0600 342.8300
-3.0586260950e+01 2.6525501333e+01 9.1346199027e+02
39 43 42
2 0 21 36.0100 -31.1600 1 20 11.3300 -23.1200
3.7788975439e+01 1.3169469504e+02 1.4232108609e+03
23 29 40
2 0 23 -28.7000 -99.3600 1 22 -53.3100 -91.5300
1.4879028123e+01 9.6745248588e+01 2.0973407605e+03
215 198 255
2 0 24 -7.6800 -49.5100 1 23 -32.2800 -41.4700
4.6862694522e+01 -5.0156331120e+00 -5.4439380564e+02
207 209 185
2 0 25 92.6500 -9.9200 1 24 68.1600 -1.7200
-5.8361427571e+01 -3.0911931149e+02 2.0042040298e+03
20 24 23
2 0 28 31.3800 166.0400 1 26 7.0900 174.4400
-1.4157840693e+01 -4.5825556302e+01 2.3607174863e+02
66 65 43
2 0 29 64.7500 209.0500 1 27 39.8000 217.9100
2.5508686277e+02 -3.3407607318e+02 -4.3865035856e+03
192 196 182
2 0 31 62.5500 -81.9200 1 28 37.9100 -73.6700
-1.4459213465e+02 8.3957554199e+01 1.8557373444e+03
27 29 30
2 0 32 83.8700 -48.7100 1 29 59.0700 -40.4700
2.7210762362e+01 4.6627810811e+01 -2.9824486970e+02
31 32 31
2 0 33 98.0400 168.1800 1 30 74.4400 175.8700
-1.4841122052e+01 -6.7465716260e+01 4.2215457145e+02
23 27 31
2 0 34 37.9300 172.0900 1 31 13.2800 180.6700
-2.4647731250e+02 1.0032512503e+02 -6.2028893557e+02
18 20 19
2 0 36 -427.6100 174.3000 1 32 -455.5700 184.7200
-4.1298502521e+02 1.8719194076e+02 1.1387925184e+03
107 75 37
2 0 38 390.0500 -177.2000 1 33 362.4400 -167.6800
-2.0325104686e+01 4.1899945671e+01 3.9444750208e+02
153 177 127
2 0 41 55.5900 -114.4600 1 35 30.2000 -106.1100
-2.0325104686e+01 4.1899945671e+01 3.9444750208e+02
153 177 127
2 0 42 55.5900 -114.4600 1 36 30.2000 -106.1100
-1.0113675470e+03 -3.6547572699e+02 -3.5408827682e+03
14 20 21
2 0 43 -307.4000 -111.1400 1 37 -333.9400 -102.6800
-5.8952469215e+01 6.7690570764e+01 6.9751815385e+02
25 26 24
2 0 44 90.8300 -104.3400 1 38 66.0700 -96.3400
-5.8952469215e+01 6.7690570764e+01 6.9751815385e+02
25 26 24
2 0 45 90.8300 -104.3400 1 39 66.0700 -96.3400
8.6685220325e-01 -1.1625145787e+01 -3.7104499336e+02
212 218 254
2 0 46 2.6000 -34.0500 1 40 -21.6500 -24.9400
-1.2643871328e+02 3.1564243412e+01 -3.3859767052e+02
26 26 26
2 0 47 -401.9400 100.0800 1 41 -428.3900 110.4900
-2.1379125316e+02 8.3588204213e+01 -5.0147998545e+02
22 24 23
2 0 48 -458.8100 179.5100 1 42 -487.0700 190.3300
2.7394284171e+01 6.9121698238e+01 4.4261136353e+02
48 47 46
2 0 50 -66.3900 -168.3900 1 43 -92.2800 -159.7900
-3.1797860819e+03 -1.5282877375e+03 -9.6516411927e+03
149 145 115
2 0 51 -354.5800 -170.4400 1 44 -381.8100 -162.4200
-1.6408309671e+02 -1.1370221505e+02 -9.5103846447e+02
106 108 103
2 0 52 -185.6700 -128.7300 1 45 -210.7400 -120.1700
-1.6408309671e+02 -1.1370221505e+02 -9.5103846447e+02
106 108 103
2 0 54 -185.6700 -128.7300 1 46 -210.7400 -120.1700
-5.5706750580e+02 -1.1981615579e+02 -2.1204645503e+03
51 72 91
2 0 56 -282.7500 -60.8100 1 47 -308.8800 -52.2000
2.3984175516e+01 -7.0478523940e+00 -3.5703415133e+02
181 170 135
2 0 57 72.3300 -21.3400 1 48 47.9600 -12.8500
-3.6931251862e+02 -1.0647957582e+01 -9.4214900819e+02
253 215 212
2 0 58 -421.8700 -12.6300 1 49 -449.7800 -2.5400
-3.6931251862e+02 -1.0647957582e+01 -9.4214900819e+02
253 215 212
2 0 59 -421.8700 -12.6300 1 50 -449.7800 -2.5400
-5.7131174712e+01 1.5452179213e+01 -1.4601830717e+02
173 173 162
2 0 61 -420.9200 115.0200 1 70 -445.7900 122.4800
-1.3592151884e+02 6.0504919637e+01 -3.1889907478e+02
177 183 183
2 0 63 -458.7000 204.3100 1 51 -486.2600 215.1900
-9.7788626621e+01 8.0251190320e+01 -2.4930669104e+02
71 79 63
2 0 64 -422.0900 346.5800 1 52 -448.7000 358.3300
1.9612951963e+03 2.3137899992e+03 1.5462150538e+04
45 40 37
2 0 68 -136.4100 -161.2600 1 56 -161.7800 -152.5700
-2.5392136817e+02 -1.0624433393e+02 -7.5646327500e+02
46 51 50
2 0 69 -361.2800 -151.1400 1 57 -387.9300 -142.9000
3.9844640611e+01 7.2029087463e+01 5.8936557643e+02
19 24 22
2 0 71 -72.6600 -131.7200 1 62 -98.1400 -123.2300
-3.4119113665e+02 -1.0292381398e+02 -8.3486951707e+02
14 14 16
2 0 72 -439.8500 -132.6800 1 61 -467.8100 -124.3900
-2.1226515269e+02 -8.5680058860e+01 -8.8040976978e+02
10 12 10
2 0 74 -259.5000 -104.7000 1 63 -285.0600 -96.2900
-2.1226515269e+02 -8.5680058860e+01 -8.8040976978e+02
10 12 10
2 0 75 -259.5000 -104.7000 1 64 -285.0600 -96.2900
-4.5801788015e+02 8.9451854078e+01 -1.8725867331e+03
15 14 14
2 0 76 -263.2500 51.3900 1 66 -289.1200 60.6400
-4.5801788015e+02 8.9451854078e+01 -1.8725867331e+03
15 14 14
2 0 77 -263.2500 51.3900 1 67 -289.1200 60.6400
-9.3241260564e+01 -1.3683074990e+02 1.5505095966e+03
168 171 175
2 0 79 64.7700 95.0500 1 68 40.2800 103.1200
-1.7185466401e+02 6.0580336933e+01 -4.4300496060e+02
190 187 178
2 0 80 -417.4800 147.3600 1 71 -444.8000 157.4500
-1.7185466401e+02 6.0580336933e+01 -4.4300496060e+02
190 187 178
2 0 81 -417.4800 147.3600 1 72 -444.8000 157.4500
-1.8370942111e+02 5.6895952067e+01 -4.1205296739e+02
27 28 29
2 0 82 -479.8000 148.8400 1 73 -508.1800 159.1600
-3.5492228143e+02 1.1965820157e+02 -8.2749518794e+02
194 191 184
2 0 83 -461.6000 155.7600 1 74 -490.3900 166.4300
-3.5492228143e+02 1.1965820157e+02 -8.2749518794e+02
194 191 184
2 0 84 -461.6000 155.7600 1 75 -490.3900 166.4300
1.4535917520e+02 1.0674162834e+02 3.9075941744e+02
206 207 205
2 0 88 -400.1600 -294.3900 1 78 -429.9400 -287.1800
5.7998808944e+01 1.2789794643e+02 9.3215701115e+02
130 127 100
2 0 92 -66.9100 -147.7600 1 81 -92.1400 -139.3800
1.5470674333e+02 1.0152221548e+02 7.5808120030e+02
94 91 80
2 0 93 -219.6300 -144.1700 1 82 -245.8900 -136.0700
3.9097754859e+03 1.9877841723e+03 1.5026082775e+04
17 58 107
2 0 94 -280.0400 -142.4000 1 83 -306.4000 -134.1800
-2.2563819576e+02 -8.6332400624e+01 -6.8379798066e+02
20 21 15
2 0 95 -355.1300 -135.9500 1 84 -381.6800 -127.4400
-2.2563819576e+02 -8.6332400624e+01 -6.8379798066e+02
20 21 15
2 0 96 -355.1300 -135.9500 1 85 -381.6800 -127.4400
3.0788078709e+01 1.2266372154e+02 9.8245424928e+02
118 122 88
2 0 97 -33.7000 -134.4200 1 86 -58.7500 -126.0900
-2.0081235049e+02 -7.3237334467e+01 -5.8027408299e+02
103 105 91
2 0 98 -372.5500 -135.5100 1 59 -398.9800 -127.7600
-4.9067585254e+02 -1.5969231077e+02 -1.5277683660e+03
14 15 18
2 0 100 -345.6700 -112.5000 1 88 -372.5000 -104.1100
1.0476207767e+02 -3.8316147059e+02 -4.2725696803e+03
181 190 178
2 0 101 26.3900 -96.5200 1 90 1.7200 -88.1300
1.2311603831e+01 -5.5111756632e+01 -7.2329057714e+02
36 36 34
2 0 102 18.3500 -82.0600 1 91 -6.1500 -73.4800
-3.7533455269e+00 1.2201318392e+01 1.9547450520e+02
40 39 39
2 0 103 20.4500 -66.7400 1 120 -4.5900 -59.7000
-1.4646399688e+04 -1.1965951074e+03 -5.9071135109e+04
14 19 23
2 0 104 -266.8800 -21.5200 1 92 -292.9900 -13.3000
5.4551564519e+01 -2.9098563252e+01 3.9424522383e+02
200 117 199
2 0 105 -148.9700 79.2100 1 129 -174.7000 88.8100
-7.9552136952e+01 -1.4821745689e+02 1.7518898676e+03
34 34 40
2 0 106 48.8800 91.0700 1 94 24.4800 99.3100
-2.9275471910e+02 8.3773116160e+01 -9.7301323306e+02
17 18 22
2 0 107 -323.8300 92.6300 1 95 -350.2400 102.3800
-1.7293753017e+01 -5.0745489494e+01 2.9508017203e+02
34 33 32
2 0 109 62.8800 184.9500 1 136 38.7700 194.0600
-9.6979283361e+01 5.1350191117e+01 2.5684539316e+02
131 128 83
2 0 112 406.3300 -215.2200 1 98 378.4800 -206.4400
-8.6989212951e+00 5.8927889272e+01 2.9385409505e+02
11 14 16
2 0 113 31.8000 -215.7900 1 100 6.4300 -207.9700
2.5715590446e+01 1.6301027638e+02 9.8790405792e+02
51 56 60
2 0 115 -27.8300 -177.8000 1 102 -53.2600 -169.1200
1.3130384880e+01 6.5856239070e+01 4.4926637860e+02
47 59 79
2 0 116 -31.4300 -157.8000 1 104 -56.7700 -149.6900
-2.1891206848e+02 -7.4818456397e+01 -5.3421408005e+02
84 86 67
2 0 117 -441.0500 -150.7000 1 105 -468.5700 -142.4800
-2.1891206848e+02 -7.4818456397e+01 -5.3421408005e+02
84 86 67
2 0 118 -441.0500 -150.7000 1 106 -468.5700 -142.4800
2.0057581069e+01 8.7528192366e+01 6.3891722577e+02
162 157 130
2 0 119 -33.7100 -147.5500 1 107 -59.0000 -139.1800
2.7171903476e+01 6.8482296703e+01 5.4407542088e+02
152 148 123
2 0 121 -53.6700 -135.6000 1 108 -79.0700 -127.2300
6.6904341623e+01 -4.3251700167e+02 -3.5482772420e+03
184 166 141
2 0 122 20.3000 -131.2000 1 109 -4.4400 -122.7200
6.6904341623e+01 -4.3251700167e+02 -3.5482772420e+03
184 166 141
2 0 123 20.3000 -131.2000 1 110 -4.4400 -122.7200
2.5987782597e+03 1.1850959233e+03 9.8045149989e+03
111 113 101
2 0 124 -285.2600 -130.1500 1 111 -311.7200 -121.8100
-3.1334819387e+02 -1.1360885740e+02 -9.7251836413e+02
112 117 109
2 0 125 -346.7800 -125.7300 1 112 -373.4200 -117.3600
2.5532218499e+00 4.3806128926e+01 4.3047519117e+02
27 26 30
2 0 126 -6.3800 -109.5300 1 114 -31.5400 -101.4200
-5.0815941383e+02 -1.8782567729e+02 -1.9684995447e+03
99 133 163
2 0 128 -277.8500 -102.6400 1 115 -303.8800 -94.3200
-5.4935747540e+02 8.2562583851e+02 8.8622471468e+03
110 67 70
2 0 129 66.6800 -100.2300 1 116 41.9400 -91.9500
3.1067003892e+01 2.5181788434e+02 2.7739168935e+03
76 109 168
2 0 130 -12.0400 -97.7300 1 117 -36.8300 -89.3500
3.1067003892e+01 2.5181788434e+02 2.7739168935e+03
76 109 168
2 0 131 -12.0400 -97.7300 1 118 -36.8300 -89.3500
-4.3102867087e+01 1.0080466520e+02 1.4613931462e+03
211 209 174
2 0 132 31.7900 -74.3200 1 119 6.9300 -65.8900
-7.5135013241e+02 -1.1966367756e+01 -2.0332430696e+03
254 170 150
2 0 133 -397.7200 -6.3400 1 124 -425.5200 2.8200
-7.5135013241e+02 -1.1966367756e+01 -2.0332430696e+03
254 170 150
2 0 134 -397.7200 -6.3400 1 125 -425.5200 2.8200
-1.7018966487e+02 6.5515121832e-01 -4.3159830691e+02
255 254 255
2 0 135 -424.4000 1.5000 1 126 -451.5700 11.0600
-2.1952237988e+01 -4.9764242164e+00 3.1014252098e+02
62 65 53
2 0 137 76.1800 17.2500 1 127 51.3000 25.4500
-1.7517091666e+02 4.4251347150e+01 -5.9307950222e+02
169 129 195
2 0 139 -317.9100 80.1400 1 130 -343.8700 89.9900
-8.1253925380e+02 1.4808029921e+02 -1.8462068643e+03
168 91 156
2 0 140 -473.6800 86.3600 1 131 -503.0100 96.5700
-1.6231205312e+02 6.1059883546e+01 -3.9917977598e+02
17 19 20
2 0 145 -437.6200 164.6700 1 132 -465.1000 175.2800
-2.9332189053e+01 -1.3181070490e+02 6.5562748428e+02
63 72 66
2 0 146 48.1800 216.4000 1 138 23.9000 225.0800
-2.9332189053e+01 -1.3181070490e+02 6.5562748428e+02
63 72 66
2 0 147 48.1800 216.4000 1 139 23.9000 225.0800
-1.4127411347e+02 1.2342802689e+02 -3.6770092435e+02
201 199 174
2 0 151 -413.4100 361.4600 1 143 -440.7300 373.6300
-1.1218216810e+02 1.0657246171e+02 -3.1608675091e+02
234 229 225
2 0 156 -382.3500 362.2800 1 145 -407.9200 375.5500
1.7785742776e+02 1.3151937403e+02 4.8707483774e+02
204 205 199
2 0 158 -392.8300 -290.9500 1 147 -422.1300 -283.6400
-1.6025208848e+01 6.5516458347e+01 3.2727130704e+02
9 9 8
2 0 159 52.3900 -215.2800 1 99 27.5800 -207.6100
-1.1476848365e+02 3.4720827951e+02 1.8065304611e+03
112 107 77
2 0 160 68.4200 -206.8800 1 148 43.2000 -198.2300
-2.6438276138e+01 1.0079698110e+02 5.2449186468e+02
108 106 81
2 0 161 54.5400 -207.0100 1 149 28.7000 -198.3900
9.8941012105e+02 6.6129917654e+02 3.4606383718e+03
76 79 66
2 0 163 -307.6000 -205.9200 1 150 -334.6000 -197.5900
-4.2155442754e+03 -2.0932956916e+03 -1.1230743345e+04
153 147 117
2 0 164 -403.9700 -200.6600 1 151 -431.9700 -192.8300
-4.2155442754e+03 -2.0932956916e+03 -1.1230743345e+04
153 147 117
2 0 165 -403.9700 -200.6600 1 152 -431.9700 -192.8300
2.2714423416e+01 1.1273583454e+02 7.0977119577e+02
90 112 134
2 0 168 -34.2500 -171.1800 1 153 -59.7800 -162.5400
-1.5140218065e+02 -6.1782125122e+01 -4.1768404113e+02
19 19 22
2 0 170 -390.1800 -159.0300 1 154 -416.5300 -150.9700
-3.7349814092e+02 -1.5366250443e+02 -1.1605645911e+03
108 108 94
2 0 173 -346.4000 -142.4100 1 155 -373.0600 -134.3300
4.5889845893e+01 1.1356892786e+02 8.9923710504e+02
151 150 127
2 0 174 -54.8800 -136.0000 1 156 -80.0400 -127.6400
-2.3331792673e+02 -9.1862331948e+01 -7.3329163726e+02
21 21 27
2 0 175 -342.4800 -134.7200 1 157 -368.8200 -126.5600
-2.3331792673e+02 -9.1862331948e+01 -7.3329163726e+02
21 21 27
2 0 176 -342.4800 -134.7200 1 158 -368.8200 -126.5600
-4.9384297484e+02 -2.1325218421e+02 -1.7531459060e+03
107 106 79
2 0 177 -303.1700 -130.9400 1 159 -329.5000 -122.5900
-1.2997223169e+01 3.5428105475e+01 3.1655813910e+02
215 50 41
2 0 178 44.3200 -120.5900 1 164 18.8300 -112.3200
-1.4472800859e+02 -8.3606546311e+01 -7.4523533520e+02
34 39 29
2 0 179 -209.0100 -120.7700 1 163 -234.1000 -112.2300
3.6080111659e+02 2.5190070870e+02 2.3006139209e+03
109 119 121
2 0 181 -168.8000 -117.8200 1 165 -194.2200 -109.5900
3.7974115840e+01 5.6214308564e+01 5.2242183327e+02
63 77 86
2 0 182 -78.1700 -115.9400 1 167 -103.6300 -107.5600
-1.7650478506e+02 -1.1009920134e+02 -1.0440642945e+03
20 44 76
2 0 183 -181.9600 -113.4700 1 168 -206.9700 -105.0600
-4.4714031075e+00 9.8839744916e+00 1.2657421175e+02
159 154 143
2 0 184 37.6000 -83.4100 1 172 12.5900 -77.1000
-5.0637872525e+02 -1.4074973470e+02 -1.8645447383e+03
50 77 95
2 0 185 -292.3100 -81.1900 1 173 -318.5000 -72.7700
-3.2836855462e+02 -8.5921856715e+01 -1.2794375611e+03
46 68 86
2 0 186 -276.3000 -71.8900 1 174 -302.0700 -64.0800
-7.2289648315e+01 7.2458512723e+01 1.1904708716e+03
51 82 91
2 0 187 65.3700 -65.5300 1 175 40.5300 -57.2600
-5.8916021913e+01 2.9717412488e+01 9.7680096020e+02
137 134 105
2 0 188 64.8800 -32.6500 1 176 40.2000 -24.6500
-3.1382161166e+02 -2.3426667137e+01 -1.2966684596e+03
13 14 18
2 0 190 -260.5000 -19.2100 1 177 -286.2100 -10.8700
4.2752628104e+02 -4.8710023367e+01 -5.0583555697e+03
208 209 186
2 0 191 90.9800 -10.4200 1 178 66.3200 -2.1500
4.2752628104e+02 -4.8710023367e+01 -5.0583555697e+03
208 209 186
2 0 192 90.9800 -10.4200 1 179 66.3200 -2.1500
-2.5276028144e+02 -9.6153321431e+00 -1.0330143663e+03
10 116 180
2 0 193 -263.3600 -9.7600 1 180 -289.0200 -1.4100
-2.5276028144e+02 -9.6153321431e+00 -1.0330143663e+03
10 116 180
2 0 194 -263.3600 -9.7600 1 181 -289.0200 -1.4100
1.7619228320e+02 -1.6136154835e+01 -2.5748383359e+03
84 81 65
2 0 195 73.6600 -6.8100 1 182 49.0900 1.5100
-3.9993963544e+02 9.8562628616e+00 -9.9806756241e+02
232 141 160
2 0 197 -431.2800 10.6900 1 183 -459.3800 19.9400
-3.2359299002e+02 1.1911395011e+02 -7.6639533315e+02
24 25 26
2 0 202 -454.4400 167.2500 1 185 -482.9700 178.3000
-9.0714370057e+01 -2.2582754091e+02 1.4029424484e+03
205 206 176
2 0 203 69.6400 173.2800 1 186 45.3300 181.5200
-5.9582957189e+01 -2.3959947832e+02 1.3334631150e+03
53 57 54
2 0 205 48.1200 193.4100 1 188 23.8900 201.8600
5.4504569002e+01 2.3836367173e+02 -7.2495462829e+02
97 99 78
2 0 208 80.7600 353.8300 1 191 57.5300 362.0200
5.4504569002e+01 2.3836367173e+02 -7.2495462829e+02
97 99 78
2 0 209 80.7600 353.8300 1 192 57.5300 362.0200
-5.1644497146e+02 4.2585224744e+02 -1.2730998143e+03
191 192 159
2 0 210 -436.4100 360.3600 1 195 -465.5400 373.1000
-5.5853991755e+02 4.1622836157e+02 -1.2389659687e+03
219 216 208
2 0 211 -485.3400 361.3000 1 146 -514.8700 375.7700
-6.8707395087e+01 8.0531587604e+01 -2.3918080299e+02
189 192 163
2 0 215 -309.2300 362.3000 1 194 -333.8500 373.4500
-6.4025667822e+01 2.3791083098e+02 1.2336224355e+03
110 107 79
2 0 218 56.0200 -207.6600 1 198 30.5700 -198.9500
3.4582088274e+01 6.9452655129e+01 4.7289901888e+02
155 150 121
2 0 221 -78.6400 -158.1700 1 201 -104.2200 -149.9600
-2.6850553492e+01 -4.6289189133e+01 -3.1869937087e+02
159 158 127
2 0 222 -90.6300 -156.4000 1 274 -114.8000 -147.3700
3.7855066580e+01 6.9848712561e+01 5.1070886371e+02
155 152 121
2 0 225 -79.6800 -147.3600 1 202 -105.2700 -138.9900
4.5096225425e+02 2.9219493640e+02 2.1413944545e+03
103 102 73
2 0 226 -226.6600 -146.8500 1 203 -252.6100 -138.7200
5.3092104719e+03 3.9155594896e+03 3.3267852511e+04
12 21 21
2 0 228 -171.8400 -126.4800 1 210 -197.0100 -118.5600
-3.6910061528e+02 -1.2686163756e+02 -1.1063400668e+03
15 20 19
2 0 229 -359.0800 -123.3800 1 211 -385.9400 -115.0900
-7.8634965549e+01 1.3913336344e+02 1.2253661380e+03
161 44 28
2 0 230 69.1200 -122.2500 1 212 44.0600 -113.8400
-1.3143571005e+02 9.0565185027e+02 7.9850253075e+03
209 56 41
2 0 231 17.7400 -122.1000 1 213 -7.0800 -113.6500
-4.7449803035e+02 -1.5036204620e+02 -1.3458682181e+03
148 158 146
2 0 232 -379.4500 -120.2500 1 214 -406.7200 -111.8900
-4.7449803035e+02 -1.5036204620e+02 -1.3458682181e+03
148 158 146
2 0 233 -379.4500 -120.2500 1 215 -406.7200 -111.8900
7.2941918781e+02 2.1961013579e+02 2.0404756724e+03
27 30 33
2 0 234 -384.7600 -115.7600 1 217 -412.7800 -107.7000
8.5851729156e+02 5.5953085077e+02 5.4217085573e+03
7 27 58
2 0 235 -170.4000 -111.1500 1 218 -195.8100 -102.6700
-1.2925375112e+01 2.5765599541e+01 2.5907575901e+02
206 55 29
2 0 236 53.9000 -107.2600 1 219 28.2100 -98.8900
-4.7524659220e+01 6.6986050532e+01 6.7602901153e+02
173 160 17
2 0 237 75.5900 -106.5800 1 169 50.7300 -98.5000
-4.1204646160e+01 5.0476631419e+01 5.5259761004e+02
42 36 34
2 0 238 80.0700 -98.1400 1 223 55.4100 -90.3200
-8.4926712965e+02 -2.6063901068e+02 -2.9508745787e+03
187 215 219
2 0 239 -309.7600 -95.0400 1 224 -336.2700 -86.6400
-1.6803718200e+02 -6.2410903107e+01 -7.2050893080e+02
254 251 253
2 0 241 -250.9900 -93.3100 1 170 -276.4200 -84.5900
-1.6803718200e+02 -6.2410903107e+01 -7.2050893080e+02
254 251 253
2 0 242 -250.9900 -93.3100 1 171 -276.4200 -84.5900
7.3593497080e+02 -6.8807739199e+02 -8.5009552941e+03
170 141 118
2 0 243 93.0700 -87.0200 1 228 68.4300 -78.8700
-2.8181979491e+02 2.3229740968e+02 3.2481713200e+03
187 153 129
2 0 244 93.3200 -76.9100 1 232 68.5800 -68.7600
-2.4132848097e+01 2.1064565324e+01 3.1504024644e+02
184 191 173
2 0 245 82.4600 -71.9800 1 235 57.3300 -63.9200
-2.4600952941e+02 -5.6620392406e+01 -9.0264171389e+02
50 72 87
2 0 246 -293.3100 -67.6500 1 236 -319.3100 -58.7300
-2.0906297007e+02 8.1009486499e+01 -5.0476652989e+02
81 83 77
2 0 248 -445.7600 172.7700 1 241 -473.7300 183.5900
-2.0906297007e+02 8.1009486499e+01 -5.0476652989e+02
81 83 77
2 0 249 -445.7600 172.7700 1 242 -473.7300 183.5900
-3.7105959325e+02 -1.0196626294e+03 5.7163239758e+03
126 128 115
2 0 250 69.9200 192.0200 1 244 45.7000 200.2000
-3.8917534972e+01 -1.3252842489e+02 7.3232273044e+02
141 137 101
2 0 251 57.1900 194.7700 1 245 32.9600 203.3300
-3.8917534972e+01 -1.3252842489e+02 7.3232273044e+02
141 137 101
2 0 252 57.1900 194.7700 1 246 32.9600 203.3300
-8.8410185895e+01 -4.5450205130e+01 2.2137787348e+02
173 171 142
2 0 254 429.6500 221.1700 1 249 404.0400 227.5100
-8.8410185895e+01 -4.5450205130e+01 2.2137787348e+02
173 171 142
2 0 255 429.6500 221.1700 1 250 404.0400 227.5100
2.1589410454e+02 1.4694369491e+03 -4.4576636893e+03
93 100 84
2 0 257 52.2100 354.8200 1 251 28.3800 363.5200
2.1589410454e+02 1.4694369491e+03 -4.4576636893e+03
93 100 84
2 0 258 52.2100 354.8200 1 252 28.3800 363.5200
-7.3860006017e+01 9.6595990098e+01 -2.8135799617e+02
143 147 134
2 0 262 -282.4900 369.5700 1 256 -307.3000 380.4500
-4.0364623559e+01 1.0919856395e+02 -3.1296923834e+02
101 110 114
2 0 263 -139.0200 375.3400 1 197 -162.1900 385.4300
-5.4809652994e+01 7.2457294805e+01 -2.0678492965e+02
219 217 204
2 0 264 -285.3500 377.0300 1 257 -309.3500 387.8500
-6.3485059929e+02 -3.2327064113e+02 -1.9159358218e+03
23 27 30
2 0 273 -356.5800 -181.7300 1 336 -383.6900 -173.4600
-8.2483460365e+02 -4.3605681873e+02 -2.6670166192e+03
28 27 31
2 0 275 -332.8600 -175.9800 1 265 -359.6400 -167.9200
-1.7781917577e+03 -9.5637203063e+02 -5.9302908943e+03
23 27 31
2 0 276 -322.7100 -173.6000 1 266 -349.4800 -165.5100
-1.0954224687e+04 -6.3431107146e+03 -4.1820744483e+04
30 35 30
2 0 279 -281.9100 -163.2500 1 270 -308.2400 -155.1300
3.0003579865e+02 1.3066584264e+02 8.6526937215e+02
93 91 67
2 0 280 -373.1000 -162.8600 1 338 -401.5100 -154.4200
6.3111124730e+03 3.7257099590e+03 2.4903433900e+04
29 33 34
2 0 281 -272.7800 -160.9500 1 271 -298.9800 -152.9700
2.7015777355e+04 1.6253964914e+04 1.1011383682e+05
29 29 31
2 0 282 -264.0700 -158.8400 1 272 -290.1900 -150.7600
6.8535122440e+01 8.1373336437e+01 5.7169043556e+02
31 33 25
2 0 285 -128.9600 -153.3200 1 275 -154.7200 -145.0500
-1.7618299124e+03 -1.2271412716e+03 -9.1229611575e+03
25 24 26
2 0 287 -207.8600 -144.7500 1 277 -233.4000 -136.5300
-1.7618299124e+03 -1.2271412716e+03 -9.1229611575e+03
25 24 26
2 0 288 -207.8600 -144.7500 1 278 -233.4000 -136.5300
-4.6462072591e+02 -1.8219813410e+02 -1.3641899124e+03
96 100 86
2 0 290 -366.5500 -143.7900 1 280 -393.6400 -135.4800
-6.6622987428e+00 4.1038049506e+01 3.1264161208e+02
64 62 47
2 0 291 23.1600 -141.5100 1 282 -2.6000 -133.0800
1.0985411121e+01 6.1779680810e+01 4.7280709748e+02
72 73 66
2 0 292 -24.9500 -140.7100 1 352 -50.2800 -132.4700
-2.5064748980e+02 -1.1708825439e+02 -9.1889648162e+02
25 30 24
2 0 293 -293.5900 -137.1000 1 284 -319.5200 -128.8200
3.3596167648e+01 1.8084950090e+02 1.4457730968e+03
158 155 131
2 0 295 -25.0100 -134.6300 1 285 -49.9200 -126.3300
3.3596167648e+01 1.8084950090e+02 1.4457730968e+03
158 155 131
2 0 296 -25.0100 -134.6300 1 286 -49.9200 -126.3300
1.0949041290e+02 4.3062534209e+02 3.4240992067e+03
124 124 97
2 0 297 -34.4400 -135.3200 1 359 -59.2300 -127.0400
-1.2038073137e+03 -3.6638230868e+02 -3.0308508176e+03
77 74 62
2 0 299 -427.4800 -130.1100 1 287 -455.7700 -121.9000
-6.9147705583e+00 2.8814091307e+01 2.5207017506e+02
98 40 31
2 0 302 29.4200 -122.9100 1 368 4.2500 -115.2700
-1.9809151066e+01 2.2883795849e+02 1.9978492133e+03
189 59 42
2 0 303 10.6800 -123.2900 1 291 -14.1700 -114.9300
3.8752713640e+01 -6.1045332891e+01 -5.5638866521e+02
167 155 18
2 0 306 75.0400 -118.1500 1 216 50.2100 -109.3700
-1.0891022180e+03 -3.5390032611e+02 -3.2924625731e+03
164 116 58
2 0 308 -356.0200 -115.6800 1 294 -383.1800 -107.3700
-1.0891022180e+03 -3.5390032611e+02 -3.2924625731e+03
164 116 58
2 0 310 -356.0200 -115.6800 1 295 -383.1800 -107.3700
-5.0123714738e+01 9.6211828293e+01 9.1587170695e+02
200 202 172
2 0 311 58.8700 -113.0300 1 296 33.9900 -104.8300
6.3541936361e+02 3.3488912698e+02 3.1980613486e+03
72 91 108
2 0 314 -213.8300 -112.7500 1 299 -239.6200 -104.3600
-1.6088207424e+02 -1.1514570232e+03 -1.1064900389e+04
65 92 112
2 0 315 -15.6500 -112.0000 1 298 -40.3500 -103.6100
2.8955185944e+01 -8.8836556810e+01 -8.9005458232e+02
211 59 37
2 0 316 34.9300 -107.3200 1 220 10.5200 -99.0100
9.1161074883e+02 6.8477560635e+03 6.9416135617e+04
15 18 23
2 0 319 -14.2200 -106.0300 1 301 -38.7600 -97.9400
6.0591888273e+01 -2.5516205113e+02 -2.7254954979e+03
193 206 211
2 0 320 23.9900 -100.8500 1 221 -0.7900 -92.2600
-6.6595897964e+02 -2.2777735493e+02 -2.4456832947e+03
106 132 163
2 0 321 -293.0700 -100.2400 1 303 -319.3500 -91.8100
1.2046694163e+02 1.0107974215e+02 1.1538983441e+03
141 147 139
2 0 322 -112.3600 -94.2900 1 305 -137.5600 -85.9800
-6.7765035360e+00 1.3339118591e+02 1.5355892953e+03
98 151 203
2 0 323 4.7600 -93.5100 1 226 -20.0600 -85.1800
-4.4295528188e+00 2.4534694002e+01 2.8572913152e+02
103 137 169
2 0 324 16.7000 -92.4400 1 306 -8.6000 -84.4000
4.1593453519e+02 5.7391763105e+02 6.8578585090e+03
160 162 157
2 0 326 -65.2900 -90.0400 1 307 -90.0600 -81.7400
-1.5703797293e+02 -2.9497261513e+02 -3.8391565937e+03
50 55 79
2 0 333 -44.0300 -82.6800 1 309 -68.6600 -74.3100
-4.6046254379e+01 5.2056796514e+01 9.4973683949e+02
107 107 119
2 0 338 52.1800 -58.9900 1 310 27.3800 -50.7800
-5.6129387666e+02 -6.4616343991e+02 1.0256642865e+04
32 33 28
2 0 342 58.9100 67.8300 1 317 34.5000 75.9600
3.3551389827e+02 6.0693990807e+02 -6.0400542402e+03
29 32 33
2 0 344 59.8300 108.2100 1 319 35.4800 116.2600
-2.0345804607e+02 6.1025049867e+01 -4.7580154129e+02
170 170 162
2 0 345 -460.1800 138.2900 1 320 -488.3800 148.4000
-2.0345804607e+02 6.1025049867e+01 -4.7580154129e+02
170 170 162
2 0 346 -460.1800 138.2900 1 321 -488.3800 148.4000
-1.1876224178e+02 5.1861044883e+01 -2.5901191996e+02
53 54 50
2 0 353 -493.6100 215.1100 1 248 -521.0700 227.1800
-3.2777979718e+01 6.9839692551e+01 -2.0767462648e+02
199 187 143
2 0 356 -170.4200 361.3900 1 254 -192.5600 371.8900
-1.0250819011e+02 1.0281542604e+02 -3.0071372616e+02
163 161 138
2 0 359 -366.8100 368.1000 1 255 -392.9400 379.7900
-2.0625343204e+02 -1.0605849333e+02 -5.5865265794e+02
35 38 25
2 0 364 -397.3100 -204.4600 1 261 -424.2700 -196.1100
-2.9774352928e+03 -1.8823295954e+03 -1.0354318969e+04
21 23 22
2 0 365 -309.5900 -195.4200 1 334 -336.0000 -187.9500
-2.0010538405e+02 -1.3700150533e+02 -9.4128209970e+02
19 19 25
2 0 369 -228.8000 -156.6600 1 342 -254.1600 -148.2700
1.4395558142e+03 8.5365049293e+02 5.9901294642e+03
129 126 100
2 0 372 -258.6300 -153.4400 1 345 -284.8300 -145.1800
1.7629293803e+02 3.5449980446e+02 2.4964850776e+03
38 43 41
2 0 373 -76.0100 -152.8200 1 346 -100.9800 -144.5400
1.7629293803e+02 3.5449980446e+02 2.4964850776e+03
38 43 41
2 0 374 -76.0100 -152.8200 1 347 -100.9800 -144.5400
-1.1133775881e+03 -6.8508894541e+02 -5.2320467508e+03
45 47 46
2 0 382 -229.0200 -140.9600 1 353 -254.7500 -132.6300
-1.0171596005e+02 -3.9373646632e+02 -3.0172432579e+03
64 61 62
2 0 384 -36.2200 -140.5400 1 354 -61.0600 -131.9100
6.3250761797e+02 4.6281171782e+02 3.5492386540e+03
26 30 33
2 0 385 -191.7800 -140.4000 1 355 -217.4000 -132.0600
-1.6320435253e+02 -5.4171060522e+01 -4.3042141882e+02
87 88 72
2 0 388 -408.1300 -135.3200 1 360 -434.8300 -127.1200
-4.0160136805e+02 -1.2320477199e+02 -1.0338212454e+03
81 78 66
2 0 392 -418.1000 -128.2400 1 363 -445.8300 -119.9800
-2.4932703559e+02 -8.4733311876e+01 -7.5970725034e+02
26 26 33
2 0 397 -353.2200 -120.0500 1 369 -379.8000 -111.6000
-1.0711996018e+01 7.1863603451e+01 6.5629765732e+02
200 61 41
2 0 398 17.4800 -117.7400 1 457 -7.3400 -109.7600
-4.4707306543e+02 -1.6869838922e+02 -1.5388910125e+03
8 12 6
2 0 399 -312.6700 -118.0100 1 370 -339.0800 -109.5900
-5.7822782177e+01 1.3362883163e+02 1.2687692335e+03
180 187 160
2 0 401 48.9800 -113.2800 1 297 24.2300 -105.1300
-8.4728184649e-01 9.7591322296e+01 9.4522319314e+02
135 138 154
2 0 405 0.9700 -111.1300 1 371 -23.9500 -102.8600
-7.3096149998e+01 -1.0808491238e+02 -1.0691393531e+03
15 27 47
2 0 407 -73.6300 -108.7100 1 375 -98.1100 -100.4200
5.9698082349e+01 8.7321049274e+01 8.9514411305e+02
54 73 97
2 0 409 -71.7600 -105.0300 1 379 -96.8800 -96.7100
2.1240437222e+02 1.9134238759e+02 2.2001367515e+03
147 156 138
2 0 412 -103.9100 -93.5900 1 386 -128.9300 -85.2800
-3.8381593054e+00 2.3254753458e+01 2.8410722095e+02
39 42 39
2 0 417 14.6800 -88.3300 1 388 -10.8700 -79.8600
4.7660206457e+01 1.0412022622e+02 1.2750129084e+03
174 139 82
2 0 419 -40.2500 -87.8500 1 389 -65.0900 -79.6400
1.6638071760e+01 2.3151666081e+01 2.9521670786e+02
53 60 105
2 0 420 -60.6000 -84.5500 1 390 -86.2800 -76.2100
2.5466054041e+01 -2.4544390310e+01 -4.8903810095e+02
16 20 19
2 0 421 56.1000 -54.1200 1 393 31.5900 -45.5000
-1.5826480013e+01 1.1032132513e+00 7.0477595421e+01
209 209 200
2 0 424 241.6000 -17.0100 1 313 216.9100 -9.2200
-1.4672580375e+02 6.2925216824e+01 -3.3031133155e+02
52 99 130
2 0 431 -478.0300 205.2300 1 410 -506.0800 216.0900
-6.4461173723e+01 7.2618352277e+01 -2.1750520490e+02
180 172 140
2 0 439 -319.0800 359.1800 1 415 -343.5100 370.4100
-6.0218634232e+01 6.9026076587e+01 -2.0658921793e+02
184 177 138
2 0 440 -313.8900 359.3700 1 414 -338.0200 370.6300
7.3950923705e+04 -7.0059261409e+04 2.0584278620e+05
164 164 156
2 0 441 -386.7400 366.1900 1 326 -414.7900 379.7300
-2.9617214369e+01 7.9519473658e+01 -2.3236384362e+02
167 199 231
2 0 442 -137.3100 368.2100 1 420 -160.2900 377.7100
-7.1970320328e+01 8.6996395386e+01 -2.4777772530e+02
170 173 151
2 0 447 -312.6400 377.8600 1 422 -337.4500 389.1200
5.5894409234e+01 1.0851344479e+02 7.0244484335e+02
162 159 124
2 0 463 -85.5500 -166.4000 1 429 -111.0400 -158.0200
5.9498982217e+02 3.8994574960e+02 2.5868260031e+03
15 19 29
2 0 465 -247.5000 -162.3700 1 430 -273.7400 -154.0300
-1.9797937674e+02 -5.2532822531e+02 -3.6746154577e+03
66 81 99
2 0 472 -58.1500 -153.6300 1 344 -82.6000 -145.6700
7.3555453403e+02 4.6008780453e+02 3.2960658942e+03
110 110 97
2 0 473 -240.1700 -150.2700 1 436 -266.2200 -142.0500
7.3555453403e+02 4.6008780453e+02 3.2960658942e+03
110 110 97
2 0 474 -240.1700 -150.2700 1 437 -266.2200 -142.0500
1.3547256010e+02 1.0128641691e+02 7.4038797456e+02
63 67 66
2 0 477 -196.8300 -147.4800 1 546 -223.0600 -138.9600
3.4735035337e+01 7.8730721438e+01 5.9692374829e+02
152 154 118
2 0 480 -62.5000 -142.1600 1 444 -88.0000 -133.6300
1.8334546826e+03 8.8747088079e+02 6.7336811909e+03
108 106 89
2 0 481 -293.0500 -141.8500 1 445 -319.5900 -133.6900
1.4764873483e+03 1.1158645637e+03 8.5888625030e+03
28 30 29
2 0 482 -185.0200 -139.8300 1 552 -210.4800 -131.5700
-3.7917078091e+02 -1.4671909520e+02 -1.1417600307e+03
87 93 80
2 0 485 -357.4400 -138.2500 1 446 -384.2700 -130.0800
-3.7917078091e+02 -1.4671909520e+02 -1.1417600307e+03
87 93 80
2 0 486 -357.4400 -138.2500 1 447 -384.2700 -130.0800
1.9314864782e+02 1.3928943399e+02 1.1751899152e+03
105 112 104
2 0 494 -176.9100 -127.5200 1 451 -202.5300 -119.4200
2.3852742503e+02 1.4081866196e+02 1.2323160506e+03
24 29 25
2 0 497 -208.2200 -123.2900 1 454 -234.3400 -114.4900
1.7180007953e+01 5.5222961294e+02 4.8574027463e+03
56 68 78
2 0 498 -3.8500 -122.3000 1 455 -28.5400 -114.0500
-2.2812630829e+01 8.6436422122e+01 8.0073305834e+02
189 154 69
2 0 501 30.7800 -116.3200 1 458 5.6000 -107.8000
2.1439364957e+02 3.5670782566e+02 3.5062963847e+03
22 31 43
2 0 507 -65.8700 -109.3700 1 372 -90.6100 -101.2800
-3.9700158028e+01 -4.1807172727e+01 -4.1596861274e+02
24 37 52
2 0 508 -102.8400 -107.8900 1 376 -126.8300 -99.8000
2.0801372888e+02 2.6277420558e+02 2.6634940532e+03
62 81 97
2 0 510 -84.0700 -106.1500 1 467 -108.9800 -97.8900
-3.6852020568e+02 -1.3060505375e+02 -1.3699698135e+03
43 58 69
2 0 512 -289.4800 -102.7600 1 473 -315.6400 -94.0000
-3.6852020568e+02 -1.3060505375e+02 -1.3699698135e+03
43 58 69
2 0 513 -289.4800 -102.7600 1 474 -315.6400 -94.0000
2.9717943652e+01 1.2250935098e+02 1.4018611903e+03
94 108 145
2 0 516 -22.8400 -94.0100 1 476 -47.6300 -85.8100
2.5813523235e+01 -7.2091189551e+01 -8.4512595903e+02
144 142 126
2 0 517 32.8400 -91.7600 1 478 8.3800 -83.3800
-2.1007270929e+01 4.7882078601e+01 5.6575056220e+02
138 136 119
2 0 518 40.0000 -91.1400 1 479 14.9600 -82.8700
-2.1007270929e+01 4.7882078601e+01 5.6575056220e+02
138 136 119
2 0 519 40.0000 -91.1400 1 480 14.9600 -82.8700
-8.3211778721e+00 3.0436406531e+01 3.6386947384e+02
188 182 182
2 0 520 24.5700 -89.9600 1 482 -0.4700 -82.0200
-4.5201577159e+02 -1.1765263734e+02 -1.6530704628e+03
57 75 91
2 0 522 -294.3600 -76.2700 1 391 -320.4400 -68.3700
1.6147529728e+02 -4.1414430597e+02 -6.2948049067e+03
165 184 172
2 0 524 27.5500 -70.7000 1 392 3.0400 -62.5800
4.6914752290e+01 -3.9578055902e+01 -6.3232882680e+02
43 43 29
2 0 525 79.8800 -67.4000 1 486 55.2300 -58.9200
-9.1363128917e+00 3.8193592149e-01 4.4371606025e+01
156 154 131
2 0 536 221.5600 -9.3400 1 492 197.0300 -1.8100
4.3176138242e+01 7.2578008423e+01 -9.6068205073e+02
148 147 126
2 0 541 48.4600 81.4900 1 406 24.0900 89.2800
1.5249361600e+03 7.3915732363e+02 4.2084834314e+03
58 62 59
2 0 594 -389.9600 -189.1100 1 516 -417.9500 -181.2000
8.4351010240e+02 4.5577136686e+02 2.9521585449e+03
140 142 130
2 0 606 -307.4600 -166.3300 1 531 -334.3900 -158.0000
3.6794796585e+02 2.5267156745e+02 1.7635930607e+03
76 84 84
2 0 617 -224.5700 -154.1500 1 539 -250.5100 -146.1400
2.2173718000e+02 1.6660416371e+02 1.1979883220e+03
19 25 23
2 0 620 -199.0900 -149.9600 1 544 -225.1800 -141.2900
2.2173718000e+02 1.6660416371e+02 1.1979883220e+03
19 25 23
2 0 621 -199.0900 -149.9600 1 545 -225.1800 -141.2900
-3.6026319352e+02 -1.4629433161e+02 -1.0833806746e+03
93 93 87
2 0 626 -357.9000 -145.3400 1 440 -384.7400 -137.0800
3.6391942805e+02 1.4309645775e+03 1.1999877155e+04
106 108 105
2 0 643 -32.6300 -128.3600 1 560 -57.4300 -119.9500
-4.6590274985e+00 2.3486529053e+01 2.0609328504e+02
165 52 42
2 0 649 24.5400 -122.9000 1 453 -1.4100 -114.6500
2.7219480324e+02 1.3375734576e+02 1.1978182398e+03
16 21 18
2 0 657 -244.5900 -120.1400 1 567 -270.8500 -112.0400
4.1611184657e+00 5.4794907642e+01 5.0646866015e+02
75 87 99
2 0 662 -8.6500 -116.7300 1 570 -34.1400 -108.0200
-3.5872355207e+02 -1.8562940818e+02 -1.7591342404e+03
78 90 99
2 0 667 -219.5200 -113.4300 1 572 -244.8900 -105.3100
-3.0466245996e+01 1.4245207188e+02 1.4026615343e+03
65 35 30
2 0 675 23.5100 -109.4800 1 576 -1.6000 -100.8300
-3.0466245996e+01 1.4245207188e+02 1.4026615343e+03
65 35 30
2 0 676 23.5100 -109.4800 1 577 -1.6000 -100.8300
-3.1317244737e+00 2.8218961853e+01 2.8636589722e+02
201 53 54
2 0 683 11.8200 -106.1300 1 582 -13.5900 -98.0200
-6.3990488185e+00 4.8831215117e+01 5.5142199694e+02
32 58 79
2 0 700 12.4900 -95.3100 1 588 -12.5100 -87.1400
8.3284924554e+03 1.2284871152e+04 1.4107563894e+05
44 44 45
2 0 701 -63.5700 -93.6500 1 589 -88.2700 -85.4200
-1.1291270225e+01 5.3972493440e+01 6.4419369568e+02
113 140 178
2 0 703 18.8500 -90.1500 1 592 -6.0600 -82.0000
-1.4709948464e+01 3.1156763988e+01 3.9087086890e+02
134 138 113
2 0 706 40.6000 -85.9300 1 593 15.3400 -77.5600
3.7858791549e+01 -2.3136429939e+01 -6.4149909626e+02
33 34 31
2 0 721 63.3900 -38.5200 1 489 39.1900 -30.7900
1.6981429712e+01 -1.5193820484e+00 -9.4484686424e+01
218 218 206
2 0 724 193.5700 -17.2700 1 402 167.9800 -9.0400
4.2643333979e+01 -7.6043286725e+00 -5.4209314572e+02
208 206 193
2 0 728 84.6600 -15.0800 1 604 60.2100 -6.8900
-5.5111650966e+00 -7.5936032381e+00 1.1416188262e+02
41 45 35
2 0 752 51.9400 71.5500 1 494 26.4600 80.3400
-5.6743744644e+02 1.8939346447e+02 -1.4410530211e+03
118 117 115
2 0 762 -423.7600 141.6500 1 499 -452.1400 151.8900
-3.0473383540e+02 2.2269665053e+02 -6.6753799185e+02
106 120 103
2 0 799 -491.2300 359.2400 1 616 -520.9000 372.5800
-3.7938925010e+02 2.7548106578e+02 -8.2424728444e+02
75 122 84
2 0 800 -495.2800 359.9400 1 617 -525.2800 373.3500
