#
# An unexpected error has been detected by Java Runtime Environment:
#
#  EXCEPTION_ACCESS_VIOLATION (0xc0000005) at pc=0x000000007a39d0e0, pid=1712, tid=5712
#
# Java VM: Java HotSpot(TM) 64-Bit Server VM (11.2-b01 mixed mode windows-amd64)
# Problematic frame:
# C  [awt.dll+0xdd0e0]
#
# If you would like to submit a bug report, please visit:
#   http://java.sun.com/webapps/bugreport/crash.jsp
# The crash happened outside the Java Virtual Machine in native code.
# See problematic frame for where to report the bug.
#

---------------  T H R E A D  ---------------

Current thread (0x0000000032278400):  JavaThread "AWT-EventQueue-0" [_thread_in_native, id=5712, stack(0x0000000033a80000,0x0000000033b00000)]

siginfo: ExceptionCode=0xc0000005, reading address 0x0000000000000008

Registers:
EAX=0x000000000000000d, EBX=0x00000000322785c0, ECX=0x0000000000000000, EDX=0xffffffffc5011420
ESP=0x0000000033afe538, EBP=0x00000000322a7480, ESI=0x00000000322785c0, EDI=0x00000000330de3c0
EIP=0x000000007a39d0e0, EFLAGS=0x0000000000010206

Top of Stack: (sp=0x0000000033afe538)
0x0000000033afe538:   000000007a345acc 0000000000000000
0x0000000033afe548:   00000000322785c0 00000000322a7480
0x0000000033afe558:   00000000322785c0 0000000f00000000
0x0000000033afe568:   00000000322785c0 0000000000000000
0x0000000033afe578:   000000007a323810 00000000322785c0
0x0000000033afe588:   0000000033afec30 0000000033afec08
0x0000000033afe598:   00000000322a7480 0000000022ca9b28
0x0000000033afe5a8:   000000007a342381 0000000033afe638
0x0000000033afe5b8:   0000000033afec10 0000000000000000
0x0000000033afe5c8:   0000000033afec08 000000000d7a33c2
0x0000000033afe5d8:   0000000019e61d90 000000001a8defb8
0x0000000033afe5e8:   0000000033afe5e8 000000001153e93f
0x0000000033afe5f8:   0000000033afe640 0000000011bc5c28
0x0000000033afe608:   0000000000000000 000000001153e950
0x0000000033afe618:   0000000000000000 0000000033afe650
0x0000000033afe628:   000000001a8defb8 000000000db55cd4 

Instructions: (pc=0x000000007a39d0e0)
0x000000007a39d0d0:   48 8b 41 08 48 8b 80 18 0c 00 00 c3 cc cc cc cc
0x000000007a39d0e0:   48 8b 49 08 48 85 c9 74 05 e9 b2 ee fd ff 33 c0 


Stack: [0x0000000033a80000,0x0000000033b00000],  sp=0x0000000033afe538,  free space=505k
Native frames: (J=compiled Java code, j=interpreted, Vv=VM code, C=native code)
C  [awt.dll+0xdd0e0]

Java frames: (J=compiled Java code, j=interpreted, Vv=VM code)
J  sun.java2d.windows.GDIBlitLoops.nativeBlit(Lsun/java2d/SurfaceData;Lsun/java2d/SurfaceData;Lsun/java2d/pipe/Region;IIIIIIIIIZ)V
J  sun.java2d.windows.GDIBlitLoops.Blit(Lsun/java2d/SurfaceData;Lsun/java2d/SurfaceData;Ljava/awt/Composite;Lsun/java2d/pipe/Region;IIIIII)V
J  sun.java2d.pipe.DrawImage.copyImage(Lsun/java2d/SunGraphics2D;Ljava/awt/Image;IILjava/awt/Color;Ljava/awt/image/ImageObserver;)Z
J  javax.swing.RepaintManager$PaintManager.paintDoubleBuffered(Ljavax/swing/JComponent;Ljava/awt/Image;Ljava/awt/Graphics;IIII)V
J  javax.swing.RepaintManager$PaintManager.paint(Ljavax/swing/JComponent;Ljavax/swing/JComponent;Ljava/awt/Graphics;IIII)Z
j  javax.swing.RepaintManager.paint(Ljavax/swing/JComponent;Ljavax/swing/JComponent;Ljava/awt/Graphics;IIII)V+52
J  javax.swing.JComponent.paint(Ljava/awt/Graphics;)V
j  java.awt.GraphicsCallback$PaintCallback.run(Ljava/awt/Component;Ljava/awt/Graphics;)V+2
j  sun.awt.SunGraphicsCallback.runOneComponent(Ljava/awt/Component;Ljava/awt/Rectangle;Ljava/awt/Graphics;Ljava/awt/Shape;I)V+155
j  sun.awt.SunGraphicsCallback.runComponents([Ljava/awt/Component;Ljava/awt/Graphics;I)V+104
j  java.awt.Container.paint(Ljava/awt/Graphics;)V+73
J  javax.swing.RepaintManager.paintDirtyRegions(Ljava/util/Map;)V
J  javax.swing.SystemEventQueueUtilities$ComponentWorkRequest.run()V
J  java.awt.event.InvocationEvent.dispatch()V
J  java.awt.EventDispatchThread.pumpOneEventForFilters(I)Z
J  java.awt.EventDispatchThread.pumpEventsForFilter(ILjava/awt/Conditional;Ljava/awt/EventFilter;)V
j  java.awt.EventDispatchThread.pumpEventsForHierarchy(ILjava/awt/Conditional;Ljava/awt/Component;)V+11
j  java.awt.EventDispatchThread.pumpEvents(ILjava/awt/Conditional;)V+4
j  java.awt.EventDispatchThread.pumpEvents(Ljava/awt/Conditional;)V+3
j  java.awt.EventDispatchThread.run()V+9
v  ~StubRoutines::call_stub

---------------  P R O C E S S  ---------------

Java Threads: ( => current thread )
  0x000000003305c400 JavaThread "Thread-7326" [_thread_blocked, id=3436, stack(0x0000000008e20000,0x0000000008ea0000)]
  0x000000003305b400 JavaThread "Thread-7325" [_thread_blocked, id=1264, stack(0x0000000009570000,0x00000000095f0000)]
  0x00000000336ac800 JavaThread "Image Fetcher 3" daemon [_thread_blocked, id=136, stack(0x0000000009470000,0x00000000094f0000)]
  0x00000000336ac000 JavaThread "pool-2-thread-1" [_thread_blocked, id=6016, stack(0x0000000009670000,0x00000000096f0000)]
  0x00000000336ab000 JavaThread "Thread-6537" [_thread_blocked, id=5376, stack(0x00000000095f0000,0x0000000009670000)]
  0x000000003305c800 JavaThread "Thread-6532" [_thread_blocked, id=5460, stack(0x00000000094f0000,0x0000000009570000)]
  0x0000000032dbdc00 JavaThread "Thread-5744" [_thread_blocked, id=4676, stack(0x00000000093f0000,0x0000000009470000)]
  0x0000000032dbd800 JavaThread "Foxtrot Single Worker Thread #1" daemon [_thread_blocked, id=1436, stack(0x0000000008860000,0x00000000088e0000)]
  0x0000000032dbb800 JavaThread "Thread-4087" [_thread_blocked, id=4928, stack(0x0000000008710000,0x0000000008790000)]
  0x0000000032dbb400 JavaThread "Thread-148" [_thread_blocked, id=3000, stack(0x000000000d060000,0x000000000d0e0000)]
  0x0000000032dba400 JavaThread "Thread-143" [_thread_blocked, id=924, stack(0x000000000cc10000,0x000000000cc90000)]
  0x0000000032dbac00 JavaThread "FelixPackageAdmin" daemon [_thread_blocked, id=1428, stack(0x000000000cfe0000,0x000000000d060000)]
  0x0000000032db8800 JavaThread "FelixStartLevel" daemon [_thread_blocked, id=5560, stack(0x000000000cf60000,0x000000000cfe0000)]
  0x0000000032db9c00 JavaThread "FelixDispatchQueue" [_thread_blocked, id=2856, stack(0x000000000cee0000,0x000000000cf60000)]
  0x0000000032db8000 JavaThread "Active Reference Queue Daemon" daemon [_thread_blocked, id=3256, stack(0x000000000cd30000,0x000000000cdb0000)]
  0x0000000032db9800 JavaThread "Timer-27" daemon [_thread_blocked, id=5488, stack(0x000000000ccb0000,0x000000000cd30000)]
  0x0000000032db7c00 JavaThread "Prefs Updater" daemon [_thread_blocked, id=4752, stack(0x0000000005f80000,0x0000000006000000)]
  0x0000000032db7400 JavaThread "Timer-2" [_thread_blocked, id=4768, stack(0x0000000033cb0000,0x0000000033d30000)]
  0x0000000033678800 JavaThread "Timer-1" daemon [_thread_blocked, id=196, stack(0x0000000033c30000,0x0000000033cb0000)]
  0x0000000032c2c400 JavaThread "TimerQueue" daemon [_thread_blocked, id=5492, stack(0x0000000033b10000,0x0000000033b90000)]
=>0x0000000032278400 JavaThread "AWT-EventQueue-0" [_thread_in_native, id=5712, stack(0x0000000033a80000,0x0000000033b00000)]
  0x000000003227bc00 JavaThread "AWT-Windows" daemon [_thread_in_native, id=1896, stack(0x0000000032560000,0x00000000325e0000)]
  0x000000003227b400 JavaThread "AWT-Shutdown" [_thread_blocked, id=2316, stack(0x00000000324e0000,0x0000000032560000)]
  0x000000003227ac00 JavaThread "Java2D Disposer" daemon [_thread_blocked, id=2332, stack(0x0000000032460000,0x00000000324e0000)]
  0x0000000031939800 JavaThread "Timer-0" [_thread_blocked, id=5732, stack(0x000000002d4d0000,0x000000002d550000)]
  0x0000000031b5f000 JavaThread "JMI Unnamed Thread" [_thread_in_native, id=5012, stack(0x0000000006220000,0x0000000007220000)]
  0x000000002d7f5800 JavaThread "Low Memory Detector" daemon [_thread_blocked, id=3528, stack(0x000000000c790000,0x000000000c810000)]
  0x000000002d7f0400 JavaThread "CompilerThread1" daemon [_thread_blocked, id=5244, stack(0x000000002f860000,0x0000000030860000)]
  0x000000002d7eb400 JavaThread "CompilerThread0" daemon [_thread_blocked, id=4664, stack(0x000000002e860000,0x000000002f860000)]
  0x000000002d7eac00 JavaThread "Attach Listener" daemon [_thread_blocked, id=4616, stack(0x000000000c710000,0x000000000c790000)]
  0x000000000161f800 JavaThread "Finalizer" daemon [_thread_blocked, id=5832, stack(0x00000000085d0000,0x0000000008650000)]
  0x000000000161f000 JavaThread "Reference Handler" daemon [_thread_blocked, id=1368, stack(0x0000000008460000,0x00000000084e0000)]
  0x0000000001591c00 JavaThread "main" [_thread_in_native, id=6024, stack(0x0000000000030000,0x0000000001030000)]

Other Threads:
  0x000000000161e400 VMThread [stack: 0x000000002d860000,0x000000002e860000] [id=3732]
  0x0000000001599c00 WatcherThread [stack: 0x0000000030860000,0x0000000031860000] [id=4600]

VM state:not at safepoint (normal execution)

VM Mutex/Monitor currently owned by a thread: None

Heap
 PSYoungGen      total 36224K, used 18512K [0x0000000021aa0000, 0x00000000242f0000, 0x0000000024ba0000)
  eden space 34112K, 54% used [0x0000000021aa0000,0x0000000022cb4150,0x0000000023bf0000)
  from space 2112K, 0% used [0x00000000240e0000,0x00000000240e0000,0x00000000242f0000)
  to   space 3584K, 0% used [0x0000000023bf0000,0x0000000023bf0000,0x0000000023f70000)
 PSOldGen        total 150528K, used 150518K [0x00000000187a0000, 0x0000000021aa0000, 0x0000000021aa0000)
  object space 150528K, 99% used [0x00000000187a0000,0x0000000021a9d920,0x0000000021aa0000)
 PSPermGen       total 56832K, used 56562K [0x00000000107a0000, 0x0000000013f20000, 0x00000000187a0000)
  object space 56832K, 99% used [0x00000000107a0000,0x0000000013edc8d0,0x0000000013f20000)

Dynamic libraries:
0x0000000140000000 - 0x0000000140038000 	C:\Program Files\MATLAB\R2009b\bin\win64\MATLAB.exe
0x00000000771f0000 - 0x000000007739b000 	C:\Windows\SYSTEM32\ntdll.dll
0x00000000770d0000 - 0x00000000771ef000 	C:\Windows\system32\kernel32.dll
0x000007fefd490000 - 0x000007fefd4fb000 	C:\Windows\system32\KERNELBASE.dll
0x000000007cdb0000 - 0x000000007ceb9000 	C:\Program Files\MATLAB\R2009b\bin\win64\libut.dll
0x000007fefeb20000 - 0x000007fefeb37000 	C:\Windows\system32\imagehlp.dll
0x000007feff350000 - 0x000007feff3ef000 	C:\Windows\system32\msvcrt.dll
0x00000000773b0000 - 0x00000000773b7000 	C:\Windows\system32\PSAPI.DLL
0x000000007d620000 - 0x000000007d648000 	C:\Program Files\MATLAB\R2009b\bin\win64\LIBEXPAT.dll
0x0000000074e40000 - 0x0000000074f09000 	C:\Windows\WinSxS\amd64_microsoft.vc80.crt_1fc8b3b9a1e18e3b_8.0.50727.4927_none_88dce9872fb18caf\MSVCR80.dll
0x000000007d320000 - 0x000000007d44c000 	C:\Program Files\MATLAB\R2009b\bin\win64\icuuc40.dll
0x000007fefebc0000 - 0x000007fefec9b000 	C:\Windows\system32\ADVAPI32.dll
0x000007fefe500000 - 0x000007fefe51f000 	C:\Windows\SYSTEM32\sechost.dll
0x000007fefd520000 - 0x000007fefd64e000 	C:\Windows\system32\RPCRT4.dll
0x000000007c760000 - 0x000000007c763000 	C:\Program Files\MATLAB\R2009b\bin\win64\icudt40.dll
0x000000007c770000 - 0x000000007c780000 	C:\Program Files\MATLAB\R2009b\bin\win64\icuio40.dll
0x000000007ca60000 - 0x000000007cbb3000 	C:\Program Files\MATLAB\R2009b\bin\win64\icuin40.dll
0x0000000074d10000 - 0x0000000074e19000 	C:\Windows\WinSxS\amd64_microsoft.vc80.crt_1fc8b3b9a1e18e3b_8.0.50727.4927_none_88dce9872fb18caf\MSVCP80.dll
0x0000000076fd0000 - 0x00000000770ca000 	C:\Windows\system32\USER32.dll
0x000007fefeb50000 - 0x000007fefebb7000 	C:\Windows\system32\GDI32.dll
0x000007fefeb40000 - 0x000007fefeb4e000 	C:\Windows\system32\LPK.dll
0x000007fefeda0000 - 0x000007fefee6a000 	C:\Windows\system32\USP10.dll
0x0000000078820000 - 0x0000000078890000 	C:\Program Files\MATLAB\R2009b\bin\win64\libmwfl.dll
0x000000007e820000 - 0x000000007e82f000 	C:\Program Files\MATLAB\R2009b\bin\win64\boost_date_time-vc80-mt-1_36.dll
0x000000007e800000 - 0x000000007e816000 	C:\Program Files\MATLAB\R2009b\bin\win64\boost_signals-vc80-mt-1_36.dll
0x000000007dae0000 - 0x000000007dae9000 	C:\Program Files\MATLAB\R2009b\bin\win64\boost_system-vc80-mt-1_36.dll
0x000000007c740000 - 0x000000007c751000 	C:\Program Files\MATLAB\R2009b\bin\win64\boost_thread-vc80-mt-1_36.dll
0x000000007cf70000 - 0x000000007d1e1000 	C:\Program Files\MATLAB\R2009b\bin\win64\libmwservices.dll
0x000000007cec0000 - 0x000000007cf6f000 	C:\Program Files\MATLAB\R2009b\bin\win64\libmx.dll
0x0000000079070000 - 0x0000000079087000 	C:\Program Files\MATLAB\R2009b\bin\win64\zlib1.dll
0x000000007d1f0000 - 0x000000007d318000 	C:\Program Files\MATLAB\R2009b\bin\win64\libmwmathutil.dll
0x000000007a660000 - 0x000000007a6b8000 	C:\Program Files\MATLAB\R2009b\bin\win64\mpath.dll
0x000000007d650000 - 0x000000007d6a1000 	C:\Program Files\MATLAB\R2009b\bin\win64\mlutil.dll
0x00000000787b0000 - 0x00000000787ee000 	C:\Program Files\MATLAB\R2009b\bin\win64\tbb.dll
0x000007fef4440000 - 0x000007fef44e0000 	C:\Windows\WinSxS\amd64_microsoft.windows.common-controls_6595b64144ccf1df_5.82.7600.16661_none_a44e1fc257f685f6\COMCTL32.dll
0x000007fefe3e0000 - 0x000007fefe478000 	C:\Windows\system32\comdlg32.dll
0x000007fefe480000 - 0x000007fefe4f1000 	C:\Windows\system32\SHLWAPI.dll
0x000007fefd650000 - 0x000007fefe3d6000 	C:\Windows\system32\SHELL32.dll
0x000007fefc5e0000 - 0x000007fefc5f6000 	C:\Windows\system32\NETAPI32.dll
0x000007fefc5d0000 - 0x000007fefc5dc000 	C:\Windows\system32\netutils.dll
0x000007fefcc80000 - 0x000007fefcca3000 	C:\Windows\system32\srvcli.dll
0x000007fefc5b0000 - 0x000007fefc5c5000 	C:\Windows\system32\wkscli.dll
0x000007fefeca0000 - 0x000007fefeced000 	C:\Windows\system32\WS2_32.dll
0x000007fefecf0000 - 0x000007fefecf8000 	C:\Windows\system32\NSI.dll
0x000000007eaa0000 - 0x000000007eabd000 	C:\Program Files\MATLAB\R2009b\bin\win64\boost_filesystem-vc80-mt-1_36.dll
0x000000007acf0000 - 0x000000007ad87000 	C:\Program Files\MATLAB\R2009b\bin\win64\mcr.dll
0x000000007c780000 - 0x000000007c80c000 	C:\Program Files\MATLAB\R2009b\bin\win64\iqm.dll
0x000000007b440000 - 0x000000007bd40000 	C:\Program Files\MATLAB\R2009b\bin\win64\m_interpreter.dll
0x000000007c830000 - 0x000000007c840000 	C:\Program Files\MATLAB\R2009b\bin\win64\libmex.dll
0x000000007ab60000 - 0x000000007ac0b000 	C:\Program Files\MATLAB\R2009b\bin\win64\m_dispatcher.dll
0x000000007e720000 - 0x000000007e7ac000 	C:\Program Files\MATLAB\R2009b\bin\win64\xmlcore.dll
0x000000007a020000 - 0x000000007a2b5000 	C:\Program Files\MATLAB\R2009b\bin\win64\xerces-c_2_7.dll
0x000000007e980000 - 0x000000007ea71000 	C:\Program Files\MATLAB\R2009b\bin\win64\boost_regex-vc80-mt-1_36.dll
0x000000007aa00000 - 0x000000007aa91000 	C:\Program Files\MATLAB\R2009b\bin\win64\profiler.dll
0x000000007c8b0000 - 0x000000007c8da000 	C:\Program Files\MATLAB\R2009b\bin\win64\libmwmathrng.dll
0x0000000078fd0000 - 0x0000000078fea000 	C:\Program Files\MATLAB\R2009b\bin\win64\m_pcodeio.dll
0x000000007a610000 - 0x000000007a65d000 	C:\Program Files\MATLAB\R2009b\bin\win64\m_ir.dll
0x000000007ae40000 - 0x000000007b433000 	C:\Program Files\MATLAB\R2009b\bin\win64\m_parser.dll
0x000000007c810000 - 0x000000007c824000 	C:\Program Files\MATLAB\R2009b\bin\win64\ir_xfmr.dll
0x0000000078890000 - 0x0000000078b39000 	C:\Program Files\MATLAB\R2009b\bin\win64\mcos.dll
0x000000007c8f0000 - 0x000000007c8fc000 	C:\Program Files\MATLAB\R2009b\bin\win64\mtok.dll
0x0000000078fb0000 - 0x0000000078fd0000 	C:\Program Files\MATLAB\R2009b\bin\win64\m_pcodegen.dll
0x000007feeefd0000 - 0x000007feef0f5000 	C:\Windows\system32\dbghelp.dll
0x0000000078ec0000 - 0x0000000078ee4000 	C:\Program Files\MATLAB\R2009b\bin\win64\bridge.dll
0x000000007c3d0000 - 0x000000007c490000 	C:\Program Files\MATLAB\R2009b\bin\win64\udd.dll
0x000000007d450000 - 0x000000007d59d000 	C:\Program Files\MATLAB\R2009b\bin\win64\libmwgui.dll
0x00000000790e0000 - 0x000000007980b000 	C:\Program Files\MATLAB\R2009b\bin\win64\hg.dll
0x0000000078ef0000 - 0x0000000078f2c000 	C:\Program Files\MATLAB\R2009b\bin\win64\libmat.dll
0x000000007cbc0000 - 0x000000007cdae000 	C:\Program Files\MATLAB\R2009b\bin\win64\libhdf5.dll
0x000000007a550000 - 0x000000007a5af000 	C:\Program Files\MATLAB\R2009b\bin\win64\jmi.dll
0x000000007a490000 - 0x000000007a4d0000 	C:\Program Files\MATLAB\R2009b\bin\win64\libmwhardcopy.dll
0x000000007a5b0000 - 0x000000007a60a000 	C:\Program Files\MATLAB\R2009b\bin\win64\libuij.dll
0x0000000078680000 - 0x00000000787ab000 	C:\Program Files\MATLAB\R2009b\bin\win64\hgdatatypes.dll
0x0000000078630000 - 0x000000007867b000 	C:\Program Files\MATLAB\R2009b\bin\win64\hgutils.dll
0x0000000078f30000 - 0x0000000078fa5000 	C:\Program Files\MATLAB\R2009b\bin\win64\libmwlapack.dll
0x000000007c850000 - 0x000000007c863000 	C:\Program Files\MATLAB\R2009b\bin\win64\libmwbinder.dll
0x000000007c490000 - 0x000000007c73e000 	C:\Program Files\MATLAB\R2009b\bin\win64\uiw.dll
0x000000007c930000 - 0x000000007c93a000 	C:\Program Files\MATLAB\R2009b\bin\win64\uinone.dll
0x0000000074b70000 - 0x0000000074d0c000 	C:\Windows\WinSxS\amd64_microsoft.vc80.mfc_1fc8b3b9a1e18e3b_8.0.50727.4053_none_8444db7d32915e4c\MFC80.DLL
0x000007fef9040000 - 0x000007fef90b0000 	C:\Windows\system32\WINSPOOL.DRV
0x000007fefe910000 - 0x000007fefeb12000 	C:\Windows\system32\ole32.dll
0x000007fefe650000 - 0x000007fefe727000 	C:\Windows\system32\OLEAUT32.dll
0x000000007ad90000 - 0x000000007ae3f000 	C:\Program Files\MATLAB\R2009b\bin\win64\udd_mi.dll
0x0000000078ff0000 - 0x0000000079008000 	C:\Program Files\MATLAB\R2009b\bin\win64\mwoles05.DLL
0x000000007a990000 - 0x000000007a9fa000 	C:\Program Files\MATLAB\R2009b\bin\win64\comcli.dll
0x0000000074700000 - 0x0000000074720000 	C:\Windows\WinSxS\amd64_microsoft.vc80.atl_1fc8b3b9a1e18e3b_8.0.50727.4053_none_8a1a02152edb659b\ATL80.DLL
0x000000007c8e0000 - 0x000000007c8ee000 	C:\Program Files\MATLAB\R2009b\bin\win64\mlautoregister.dll
0x000007fefcfe0000 - 0x000007fefd037000 	C:\Windows\system32\apphelp.dll
0x000007fef8370000 - 0x000007fef83c1000 	C:\Windows\AppPatch\AppPatch64\AcGenral.DLL
0x000007fefcfb0000 - 0x000007fefcfd5000 	C:\Windows\system32\SspiCli.dll
0x00000000744b0000 - 0x00000000744b3000 	C:\Windows\system32\sfc.dll
0x000007fef9b10000 - 0x000007fef9b20000 	C:\Windows\system32\sfc_os.DLL
0x000007fefc610000 - 0x000007fefc62e000 	C:\Windows\system32\USERENV.dll
0x000007fefd150000 - 0x000007fefd15f000 	C:\Windows\system32\profapi.dll
0x000007fefb3c0000 - 0x000007fefb3d8000 	C:\Windows\system32\dwmapi.dll
0x000007fef8190000 - 0x000007fef81a8000 	C:\Windows\system32\MPR.dll
0x000007fefeef0000 - 0x000007fefef1e000 	C:\Windows\system32\IMM32.DLL
0x000007feff3f0000 - 0x000007feff4f9000 	C:\Windows\system32\MSCTF.dll
0x0000000074b60000 - 0x0000000074b6d000 	C:\Windows\WinSxS\amd64_microsoft.vc80.mfcloc_1fc8b3b9a1e18e3b_8.0.50727.4053_none_bc1d1e5b0be08790\MFC80ENU.DLL
0x000007fefb950000 - 0x000007fefb9a6000 	C:\Windows\system32\uxtheme.dll
0x0000000180000000 - 0x0000000180045000 	C:\Program Files\Dell\Dell ControlPoint\System Manager\cbthook64.dll
0x000007fef1c20000 - 0x000007fef1c74000 	C:\Windows\system32\OLEACC.dll
0x0000000074e30000 - 0x0000000074e33000 	C:\Windows\system32\icmp.Dll
0x000007fefa860000 - 0x000007fefa887000 	C:\Windows\system32\iphlpapi.DLL
0x000007fefa850000 - 0x000007fefa85b000 	C:\Windows\system32\WINNSI.DLL
0x000007fefb070000 - 0x000007fefb085000 	C:\Windows\system32\NLAapi.dll
0x000007fefc980000 - 0x000007fefc9d4000 	C:\Windows\System32\mswsock.dll
0x000007fefc800000 - 0x000007fefc85b000 	C:\Windows\system32\DNSAPI.dll
0x000007fef8a50000 - 0x000007fef8a5b000 	C:\Windows\System32\winrnr.dll
0x000007fef8a30000 - 0x000007fef8a45000 	C:\Windows\system32\napinsp.dll
0x000007fef8a10000 - 0x000007fef8a29000 	C:\Windows\system32\pnrpnsp.dll
0x000007fefa3c0000 - 0x000007fefa413000 	C:\Windows\System32\fwpuclnt.dll
0x000007fef9440000 - 0x000007fef9448000 	C:\Windows\system32\rasadhlp.dll
0x000007fefc220000 - 0x000007fefc227000 	C:\Windows\System32\wshtcpip.dll
0x000007fefa390000 - 0x000007fefa3a1000 	C:\Windows\system32\dhcpcsvc6.DLL
0x000007fefa370000 - 0x000007fefa388000 	C:\Windows\system32\dhcpcsvc.DLL
0x000007fefd040000 - 0x000007fefd04f000 	C:\Windows\system32\CRYPTBASE.dll
0x000000006d7f0000 - 0x000000006dda8000 	C:\Program Files\MATLAB\R2009b\sys\java\jre\win64\jre\bin\server\jvm.dll
0x000007fefb090000 - 0x000007fefb0cb000 	C:\Windows\system32\WINMM.dll
0x000000007ab10000 - 0x000000007ab1a000 	C:\Program Files\MATLAB\R2009b\sys\java\jre\win64\jre\bin\hpi.dll
0x000000007ab30000 - 0x000000007ab3e000 	C:\Program Files\MATLAB\R2009b\sys\java\jre\win64\jre\bin\verify.dll
0x0000000079090000 - 0x00000000790b7000 	C:\Program Files\MATLAB\R2009b\sys\java\jre\win64\jre\bin\java.dll
0x000000007ab40000 - 0x000000007ab52000 	C:\Program Files\MATLAB\R2009b\sys\java\jre\win64\jre\bin\zip.dll
0x0000000079010000 - 0x0000000079032000 	C:\Program Files\MATLAB\R2009b\bin\win64\nativejava.dll
0x0000000079040000 - 0x000000007906b000 	C:\Program Files\MATLAB\R2009b\bin\win64\nativejmi.dll
0x000000007c920000 - 0x000000007c927000 	C:\Program Files\MATLAB\R2009b\bin\win64\nativeservices.dll
0x000000007a2c0000 - 0x000000007a482000 	C:\Program Files\MATLAB\R2009b\sys\java\jre\win64\jre\bin\awt.dll
0x000000007ac10000 - 0x000000007ac7b000 	C:\Program Files\MATLAB\R2009b\sys\java\jre\win64\jre\bin\fontmanager.dll

VM Arguments:
jvm_args: -Xss512k -XX:PermSize=32m -Xms64m -XX:NewRatio=3 -XX:MaxPermSize=128m -Xmx196m -XX:MaxDirectMemorySize=2147400000 -Dsun.java2d.noddraw=true -Dsun.awt.nopixfmt=true -Xshare:off -Xrs -Djava.library.path=C:\Program Files\MATLAB\R2009b\bin\win64 vfprintf abort 
java_command: <unknown>
Launcher Type: generic

Environment Variables:
PATH=C:\Program Files\ImageMagick-6.6.6-Q16;C:\Windows\system32;C:\Windows;C:\Windows\System32\Wbem;C:\Windows\System32\WindowsPowerShell\v1.0\;C:\Program Files (x86)\NTRU Cryptosystems\NTRU TCG Software Stack\bin\;C:\Program Files\NTRU Cryptosystems\NTRU TCG Software Stack\bin\;C:\Program Files\Wave Systems Corp\Gemalto\Access Client\v5\;C:\Program Files\MATLAB\R2009b\runtime\win64;C:\Program Files\MATLAB\R2009b\bin;C:\Program Files (x86)\Microsoft SQL Server\90\Tools\binn\;C:\python26\;C:\mksnt;C:\Program Files (x86)\CMake 2.8\bin
USERNAME=aaronh
OS=Windows_NT
PROCESSOR_IDENTIFIER=Intel64 Family 6 Model 26 Stepping 5, GenuineIntel



---------------  S Y S T E M  ---------------

OS: Windows NT 6.1 Build 7600 

CPU:total 8 (8 cores per cpu, 2 threads per core) family 6 model 10 stepping 5, cmov, cx8, fxsr, mmx, sse, sse2, sse3, ssse3, ht

Memory: 4k page, physical 25163348k(21248944k free), swap 50324796k(46969824k free)

vm_info: Java HotSpot(TM) 64-Bit Server VM (11.2-b01) for windows-amd64 JRE (1.6.0_12-b04), built on Jan 17 2009 01:49:05 by "java_re" with MS VC++ 8.0

time: Sat Jan 29 15:29:50 2011
elapsed time: 173563 seconds

